============ Initialized logger ============
do_pre: False
do_plot: False
in_channel: 590
out_channel: 32
num_layers: 2
nheads: 5
dropout: 0.1
top_k: 500
pe: bert
epoch: 20
metric: HITS
neg_sample_num: 2000
exp_name: ./experiments/grid_search/loss_tr_reg_0.4_neg_2000
optimizer: Adam
loss: tr
reg: 0.4
lr: 0.001
l2: 0.005
margin: 1.5
num_workers: 32
batch_size: 2000
gpu: 3
valid_every: 1
early_stop: 10
init: 
seed: 822
============================================
Total number of parameters: 6314245
Epoch 1 Loss:1.4147327470737627 in 188.41716837882996 s 
Epoch 1 Valid Performance:{'rank_IC': 0.11251863854830313, 'rank_MRR': 0.0019063684210414067, 'rank_MR': 0.0005973120375725838, 'rank_HITS': 0.34288561657071115} in 64.23097109794617 s 
Epoch 1 Better models found w.r.t HITS. Saved it!
====================================================================================================
Epoch 2 Loss:1.4046664470961803 in 200.19635558128357 s 
============ Initialized logger ============
do_pre: False
do_plot: False
in_channel: 590
out_channel: 32
num_layers: 2
nheads: 5
dropout: 0.1
top_k: 500
pe: bert
epoch: 20
metric: HITS
neg_sample_num: 2000
exp_name: ./experiments/grid_search/loss_tr_reg_0.4_neg_2000
optimizer: Adam
loss: tr
reg: 0.4
lr: 0.001
l2: 0.005
margin: 1.5
num_workers: 4
batch_size: 2000
gpu: 0
valid_every: 1
early_stop: 10
init: 
seed: 822
============================================
Total number of parameters: 6314245
============ Initialized logger ============
do_pre: False
do_plot: False
in_channel: 590
out_channel: 32
num_layers: 2
nheads: 5
dropout: 0.1
top_k: 500
pe: bert
epoch: 20
metric: HITS
neg_sample_num: 2000
exp_name: ./experiments/grid_search/loss_tr_reg_0.4_neg_2000
optimizer: Adam
loss: tr
reg: 0.4
lr: 0.001
l2: 0.005
margin: 1.5
num_workers: 4
batch_size: 2000
gpu: 0
valid_every: 1
early_stop: 10
init: 
seed: 822
============================================
Total number of parameters: 6314245
Epoch 1 Loss:1.4146710182540283 in 290.5343019962311 s 
============ Initialized logger ============
do_pre: False
do_plot: False
in_channel: 590
out_channel: 32
num_layers: 2
nheads: 5
dropout: 0.1
top_k: 500
pe: bert
epoch: 20
metric: HITS
neg_sample_num: 2000
exp_name: ./experiments/grid_search/loss_tr_reg_0.4_neg_2000
optimizer: Adam
loss: tr
reg: 0.4
lr: 0.001
l2: 0.005
margin: 1.5
num_workers: 16
batch_size: 2000
gpu: 0
valid_every: 1
early_stop: 10
init: 
seed: 822
============================================
Total number of parameters: 6314245
Epoch 1 Loss:1.4147851064892634 in 132.55973982810974 s 
Epoch 1 Valid Performance:{'rank_IC': 0.11198705046723852, 'rank_MRR': 0.0019143412128323689, 'rank_MR': 0.0005972857263012149, 'rank_HITS': 0.345464758425951} in 24.002569437026978 s 
Epoch 1 Better models found w.r.t HITS. Saved it!
====================================================================================================
Epoch 2 Loss:1.4043693824570813 in 129.65304613113403 s 
Epoch 2 Valid Performance:{'rank_IC': 0.1082556120238804, 'rank_MRR': 0.0019901379582006485, 'rank_MR': 0.0005959902945032166, 'rank_HITS': 0.3473086892068386} in 21.970661640167236 s 
Epoch 2 Better models found w.r.t HITS. Saved it!
====================================================================================================
Epoch 3 Loss:1.4029798339481003 in 122.59599900245667 s 
Epoch 3 Valid Performance:{'rank_IC': 0.11187336899324553, 'rank_MRR': 0.0019773163978243245, 'rank_MR': 0.0005975701306749796, 'rank_HITS': 0.3473930172622204} in 22.073925495147705 s 
Epoch 3 Better models found w.r.t HITS. Saved it!
====================================================================================================
Epoch 4 Loss:1.4014585087113376 in 122.12068247795105 s 
Epoch 4 Valid Performance:{'rank_IC': 0.11193823858943901, 'rank_MRR': 0.0020313751877984033, 'rank_MR': 0.0005978987491465149, 'rank_HITS': 0.34999794617295266} in 22.030390739440918 s 
Epoch 4 Better models found w.r.t HITS. Saved it!
====================================================================================================
Epoch 5 Loss:1.4003854260749717 in 128.56590700149536 s 
Epoch 5 Valid Performance:{'rank_IC': 0.11425317991442624, 'rank_MRR': 0.00196237355354242, 'rank_MR': 0.0005985300763273945, 'rank_HITS': 0.3474800282716751} in 23.276363372802734 s 
====================================================================================================
Epoch 6 Loss:1.3994203866520647 in 119.12920141220093 s 
Epoch 6 Valid Performance:{'rank_IC': 0.1178018368540846, 'rank_MRR': 0.0019249745784327389, 'rank_MR': 0.0005997370333205703, 'rank_HITS': 0.34264196291565896} in 22.021803855895996 s 
====================================================================================================
Epoch 7 Loss:1.3983312783588138 in 119.68871331214905 s 
Epoch 7 Valid Performance:{'rank_IC': 0.12003249163318948, 'rank_MRR': 0.0019606626708991827, 'rank_MR': 0.0006007143413068656, 'rank_HITS': 0.34590739116072655} in 38.51172113418579 s 
====================================================================================================
Epoch 8 Loss:1.398910050429763 in 122.61971998214722 s 
Epoch 8 Valid Performance:{'rank_IC': 0.11791070721425484, 'rank_MRR': 0.0019639924517832696, 'rank_MR': 0.0005994807708388806, 'rank_HITS': 0.34533307909965516} in 22.180039644241333 s 
====================================================================================================
Epoch 9 Loss:1.3987061274250174 in 157.70281267166138 s 
Epoch 9 Valid Performance:{'rank_IC': 0.11690276511301309, 'rank_MRR': 0.0020126939564943315, 'rank_MR': 0.0005992146241968796, 'rank_HITS': 0.35008657321333886} in 37.10425877571106 s 
Epoch 9 Better models found w.r.t HITS. Saved it!
====================================================================================================
Epoch 10 Loss:1.398710448735644 in 167.03664374351501 s 
Epoch 10 Valid Performance:{'rank_IC': 0.11844368848388663, 'rank_MRR': 0.001890995162539184, 'rank_MR': 0.0006000019921941147, 'rank_HITS': 0.33837467394769194} in 36.18198800086975 s 
====================================================================================================
Epoch 11 Loss:1.3984194004567019 in 168.85043931007385 s 
Epoch 11 Valid Performance:{'rank_IC': 0.11791054130483264, 'rank_MRR': 0.001944978905376047, 'rank_MR': 0.0005999413667898858, 'rank_HITS': 0.3466190308332443} in 37.71337294578552 s 
====================================================================================================
Epoch 12 Loss:1.398836617089488 in 167.29667019844055 s 
Epoch 12 Valid Performance:{'rank_IC': 0.11785365220531828, 'rank_MRR': 0.0019776445493334903, 'rank_MR': 0.0005991295532536, 'rank_HITS': 0.34508154436945915} in 37.862298250198364 s 
====================================================================================================
Epoch 13 Loss:1.3983350316230714 in 165.72654008865356 s 
Epoch 13 Valid Performance:{'rank_IC': 0.11624328370244871, 'rank_MRR': 0.0019083747765398585, 'rank_MR': 0.0005993038824234404, 'rank_HITS': 0.33767844587564466} in 38.53379201889038 s 
====================================================================================================
Epoch 14 Loss:1.3984602521533616 in 168.45284223556519 s 
Epoch 14 Valid Performance:{'rank_IC': 0.11725572603473583, 'rank_MRR': 0.0019314966624369844, 'rank_MR': 0.0005996763679431876, 'rank_HITS': 0.3419032271206379} in 38.098251819610596 s 
====================================================================================================
Epoch 15 Loss:1.3987277623961414 in 162.7458198070526 s 
Epoch 15 Valid Performance:{'rank_IC': 0.11473727230243932, 'rank_MRR': 0.0019400904659414664, 'rank_MR': 0.0005979196898168988, 'rank_HITS': 0.3459993927180767} in 38.881213665008545 s 
====================================================================================================
Epoch 16 Loss:1.3988070694842325 in 169.7449369430542 s 
Epoch 16 Valid Performance:{'rank_IC': 0.11379616804333516, 'rank_MRR': 0.0019355719166924245, 'rank_MR': 0.0005984125557601734, 'rank_HITS': 0.3419774501025677} in 37.81552481651306 s 
====================================================================================================
Epoch 17 Loss:1.3987134514306325 in 167.58304929733276 s 
Epoch 17 Valid Performance:{'rank_IC': 0.112985295616038, 'rank_MRR': 0.0019567609316436573, 'rank_MR': 0.0005979871628733631, 'rank_HITS': 0.3408272501826286} in 36.851088762283325 s 
====================================================================================================
Epoch 18 Loss:1.3979409924731978 in 164.44515776634216 s 
Epoch 18 Valid Performance:{'rank_IC': 0.11455120824233694, 'rank_MRR': 0.0019877340929815544, 'rank_MR': 0.0005983507498759922, 'rank_HITS': 0.34664244011044504} in 38.52551198005676 s 
====================================================================================================
Epoch 19 Loss:1.397853727512042 in 169.00713205337524 s 
Epoch 19 Valid Performance:{'rank_IC': 0.11059916244261897, 'rank_MRR': 0.0018890484067378567, 'rank_MR': 0.0005975193274690648, 'rank_HITS': 0.3377018818259239} in 39.01760220527649 s 
Validation performance didn't improve for 10 epochs. Training stops.
Test Performance:{'rank_IC': 0.09245999738703103, 'rank_MRR': 0.0015416342112301148, 'rank_MR': 0.00046927703564274585, 'rank_HITS': 0.3419350454014195} in 89.65198588371277 s 
