============ Initialized logger ============
do_pre: False
do_plot: False
in_channel: 590
out_channel: 32
num_layers: 2
nheads: 5
dropout: 0.1
top_k: 500
pe: bert
epoch: 20
metric: HITS
neg_sample_num: 500
exp_name: ./experiments/grid_search/loss_mse_reg_0.2_neg_500
optimizer: Adam
loss: mse
reg: 0.2
lr: 0.001
l2: 0.005
margin: 1.5
num_workers: 32
batch_size: 2000
gpu: 1
valid_every: 1
early_stop: 10
init: 
seed: 822
============================================
Total number of parameters: 6314245
Epoch 1 Loss:1.023780725380499 in 352.11042165756226 s 
Epoch 1 Valid Performance:{'rank_IC': 0.11978253469277657, 'rank_MRR': 0.001996791876736097, 'rank_MR': 0.0006007635481023428, 'rank_HITS': 0.34636571422219276} in 51.23554348945618 s 
Epoch 1 Better models found w.r.t HITS. Saved it!
====================================================================================================
Epoch 2 Loss:1.0147933557721003 in 347.1587390899658 s 
Epoch 2 Valid Performance:{'rank_IC': 0.11305814761187559, 'rank_MRR': 0.002085529714822769, 'rank_MR': 0.0005970203812507803, 'rank_HITS': 0.3476833775639534} in 54.65406250953674 s 
Epoch 2 Better models found w.r.t HITS. Saved it!
====================================================================================================
Epoch 3 Loss:1.0132023373473433 in 346.4977560043335 s 
Epoch 3 Valid Performance:{'rank_IC': 0.11634899794321854, 'rank_MRR': 0.0020865981082897633, 'rank_MR': 0.0005986827029991862, 'rank_HITS': 0.3448161345720291} in 56.81872010231018 s 
====================================================================================================
Epoch 4 Loss:1.0115538644330946 in 350.4143953323364 s 
Epoch 4 Valid Performance:{'rank_IC': 0.1206777229291319, 'rank_MRR': 0.002001774555828888, 'rank_MR': 0.0006004820965967863, 'rank_HITS': 0.34226969085633757} in 65.66519665718079 s 
====================================================================================================
Epoch 5 Loss:1.0100990306589293 in 347.69031167030334 s 
Epoch 5 Valid Performance:{'rank_IC': 0.12327354753872807, 'rank_MRR': 0.0020337551820557563, 'rank_MR': 0.000601643900079952, 'rank_HITS': 0.3421418587863445} in 63.52859449386597 s 
====================================================================================================
Epoch 6 Loss:1.0096681486296089 in 346.7900366783142 s 
Epoch 6 Valid Performance:{'rank_IC': 0.12270452505967791, 'rank_MRR': 0.0020868950197473167, 'rank_MR': 0.0006008471508420556, 'rank_HITS': 0.3410803459584713} in 69.65197777748108 s 
====================================================================================================
Epoch 7 Loss:1.0097941614680912 in 347.06317234039307 s 
Epoch 7 Valid Performance:{'rank_IC': 0.1196173455187494, 'rank_MRR': 0.0020633911108598113, 'rank_MR': 0.000600132669392271, 'rank_HITS': 0.3454279810935259} in 50.749531269073486 s 
====================================================================================================
Epoch 8 Loss:1.0095534897707306 in 349.784628868103 s 
Epoch 8 Valid Performance:{'rank_IC': 0.12288693571356823, 'rank_MRR': 0.0020454428665107115, 'rank_MR': 0.0006014440771407078, 'rank_HITS': 0.3414363087713718} in 51.28752899169922 s 
====================================================================================================
Epoch 9 Loss:1.0090404673170146 in 347.6954884529114 s 
Epoch 9 Valid Performance:{'rank_IC': 0.12071714171803491, 'rank_MRR': 0.0021698204590938986, 'rank_MR': 0.0006002117682224551, 'rank_HITS': 0.3524020543694496} in 46.94513750076294 s 
Epoch 9 Better models found w.r.t HITS. Saved it!
====================================================================================================
Epoch 10 Loss:1.0094912952231692 in 344.87900376319885 s 
Epoch 10 Valid Performance:{'rank_IC': 0.12333375772414773, 'rank_MRR': 0.0021088369481731205, 'rank_MR': 0.0006018011483760221, 'rank_HITS': 0.342485196813941} in 50.51266551017761 s 
====================================================================================================
Epoch 11 Loss:1.0095184746799921 in 346.11054706573486 s 
Epoch 11 Valid Performance:{'rank_IC': 0.11897682130087528, 'rank_MRR': 0.002187199839390814, 'rank_MR': 0.0005993846109711778, 'rank_HITS': 0.35166374027729036} in 52.420363426208496 s 
====================================================================================================
Epoch 12 Loss:1.009463544533401 in 343.89323806762695 s 
Epoch 12 Valid Performance:{'rank_IC': 0.12133169343606089, 'rank_MRR': 0.002166444020695053, 'rank_MR': 0.0006004378387296139, 'rank_HITS': 0.3544616110622883} in 55.07449269294739 s 
Epoch 12 Better models found w.r.t HITS. Saved it!
====================================================================================================
Epoch 13 Loss:1.009632952739856 in 343.45298981666565 s 
Epoch 13 Valid Performance:{'rank_IC': 0.11912551674940286, 'rank_MRR': 0.0019860122166574, 'rank_MR': 0.0005996999938556007, 'rank_HITS': 0.33559874854981897} in 54.7230658531189 s 
====================================================================================================
Epoch 14 Loss:1.0095666747778576 in 346.4001717567444 s 
Epoch 14 Valid Performance:{'rank_IC': 0.12381392195434468, 'rank_MRR': 0.0020917032239958643, 'rank_MR': 0.0006018156903531827, 'rank_HITS': 0.3472094863653183} in 57.14149880409241 s 
====================================================================================================
Epoch 15 Loss:1.0093456320236065 in 345.707017660141 s 
Epoch 15 Valid Performance:{'rank_IC': 0.12136001731644726, 'rank_MRR': 0.002051368396205362, 'rank_MR': 0.0006000016931444264, 'rank_HITS': 0.33932040743529795} in 52.63160443305969 s 
====================================================================================================
Epoch 16 Loss:1.0092193965949476 in 338.5836522579193 s 
Epoch 16 Valid Performance:{'rank_IC': 0.12244643685560669, 'rank_MRR': 0.0020606551511446014, 'rank_MR': 0.0006002467683927013, 'rank_HITS': 0.34285297751426697} in 53.49407935142517 s 
====================================================================================================
Epoch 17 Loss:1.0091060853443263 in 339.8143403530121 s 
Epoch 17 Valid Performance:{'rank_IC': 0.12099405795379986, 'rank_MRR': 0.002040633472497575, 'rank_MR': 0.0006008599665243911, 'rank_HITS': 0.3394231193512678} in 53.43238186836243 s 
====================================================================================================
Epoch 18 Loss:1.009549319848588 in 344.90608263015747 s 
Epoch 18 Valid Performance:{'rank_IC': 0.12324304762046345, 'rank_MRR': 0.002057686240877956, 'rank_MR': 0.0006010225979845373, 'rank_HITS': 0.3477362494170666} in 83.1936776638031 s 
====================================================================================================
Epoch 19 Loss:1.008846042607564 in 348.44551181793213 s 
Epoch 19 Valid Performance:{'rank_IC': 0.12068096951751432, 'rank_MRR': 0.0020458893731120044, 'rank_MR': 0.0006007048715840044, 'rank_HITS': 0.340802244246006} in 79.39522790908813 s 
====================================================================================================
Epoch 20 Loss:1.009271104486233 in 345.9012176990509 s 
Epoch 20 Valid Performance:{'rank_IC': 0.1194606340711061, 'rank_MRR': 0.002055818716180511, 'rank_MR': 0.0005996582349199522, 'rank_HITS': 0.3403357391804457} in 64.1333065032959 s 
====================================================================================================
Test Performance:{'rank_IC': 0.09564767259018854, 'rank_MRR': 0.0016571510040051158, 'rank_MR': 0.0004688925918360769, 'rank_HITS': 0.34683704117605507} in 98.75994920730591 s 
