============ Initialized logger ============
do_pre: False
do_plot: False
in_channel: 590
out_channel: 32
num_layers: 2
nheads: 5
dropout: 0.1
top_k: 500
pe: bert
epoch: 20
metric: HITS
neg_sample_num: 1000
exp_name: ./experiments/grid_search/loss_tr_reg_0.1_neg_1000
optimizer: Adam
loss: tr
reg: 0.1
lr: 0.001
l2: 0.005
margin: 1.5
num_workers: 32
batch_size: 2000
gpu: 3
valid_every: 1
early_stop: 10
init: 
seed: 822
============================================
Total number of parameters: 6314245
Epoch 1 Loss:1.4581194571713205 in 360.87361884117126 s 
Epoch 1 Valid Performance:{'rank_IC': 0.11359815863697297, 'rank_MRR': 0.0019304185616783797, 'rank_MR': 0.0005984886043336959, 'rank_HITS': 0.33953892841935157} in 61.86085867881775 s 
Epoch 1 Better models found w.r.t HITS. Saved it!
====================================================================================================
Epoch 2 Loss:1.4566642271647006 in 354.58060121536255 s 
Epoch 2 Valid Performance:{'rank_IC': 0.1187418257037365, 'rank_MRR': 0.002044571226579137, 'rank_MR': 0.0006004841268398281, 'rank_HITS': 0.34890451714396475} in 71.80052924156189 s 
Epoch 2 Better models found w.r.t HITS. Saved it!
====================================================================================================
Epoch 3 Loss:1.4543016647477613 in 354.6393620967865 s 
Epoch 3 Valid Performance:{'rank_IC': 0.12214476352587149, 'rank_MRR': 0.002095301185618155, 'rank_MR': 0.0006018639159023985, 'rank_HITS': 0.3505093617737293} in 58.186737298965454 s 
Epoch 3 Better models found w.r.t HITS. Saved it!
====================================================================================================
Epoch 4 Loss:1.4526892068822796 in 355.32100319862366 s 
Epoch 4 Valid Performance:{'rank_IC': 0.12229439762773615, 'rank_MRR': 0.0020376751030562446, 'rank_MR': 0.0006016915306553471, 'rank_HITS': 0.347978176176548} in 58.82481098175049 s 
====================================================================================================
Epoch 5 Loss:1.452019588243115 in 355.0338728427887 s 
Epoch 5 Valid Performance:{'rank_IC': 0.12379952893278974, 'rank_MRR': 0.002078946620458737, 'rank_MR': 0.0006018731995555042, 'rank_HITS': 0.3510992535948753} in 97.14582943916321 s 
Epoch 5 Better models found w.r.t HITS. Saved it!
====================================================================================================
Epoch 6 Loss:1.4518238766793092 in 354.2840385437012 s 
Epoch 6 Valid Performance:{'rank_IC': 0.12361787080195803, 'rank_MRR': 0.001953682827297598, 'rank_MR': 0.0006025212497281878, 'rank_HITS': 0.34120751798152926} in 76.21617293357849 s 
====================================================================================================
Epoch 7 Loss:1.4518394128572094 in 357.61833691596985 s 
Epoch 7 Valid Performance:{'rank_IC': 0.12535002979255372, 'rank_MRR': 0.0018912488044588826, 'rank_MR': 0.0006034658811309843, 'rank_HITS': 0.34136078543961046} in 53.64239192008972 s 
====================================================================================================
Epoch 8 Loss:1.451598461629214 in 352.0323884487152 s 
Epoch 8 Valid Performance:{'rank_IC': 0.12375213479237232, 'rank_MRR': 0.0019666254011099227, 'rank_MR': 0.0006026078110484957, 'rank_HITS': 0.3444026544690132} in 561.667938709259 s 
====================================================================================================
Epoch 9 Loss:1.4517823128612495 in 353.6234173774719 s 
Epoch 9 Valid Performance:{'rank_IC': 0.12449631245430857, 'rank_MRR': 0.002067475575604476, 'rank_MR': 0.0006021669913453884, 'rank_HITS': 0.3544440543651581} in 738.5821118354797 s 
Epoch 9 Better models found w.r.t HITS. Saved it!
====================================================================================================
Epoch 10 Loss:1.4516476546328492 in 350.84866428375244 s 
Epoch 10 Valid Performance:{'rank_IC': 0.12545295436911974, 'rank_MRR': 0.001981876823701896, 'rank_MR': 0.0006032323230552975, 'rank_HITS': 0.34486719846725467} in 574.9629938602448 s 
====================================================================================================
Epoch 11 Loss:1.4513620820409054 in 366.044056892395 s 
Epoch 11 Valid Performance:{'rank_IC': 0.1251720833599457, 'rank_MRR': 0.001981140682764817, 'rank_MR': 0.00060285726452405, 'rank_HITS': 0.34448016062378883} in 1120.9728026390076 s 
====================================================================================================
Epoch 12 Loss:1.4515165432203663 in 358.3078272342682 s 
Epoch 12 Valid Performance:{'rank_IC': 0.12414666213443999, 'rank_MRR': 0.0019364386179950089, 'rank_MR': 0.0006028888723684026, 'rank_HITS': 0.3408972992002964} in 67.2333996295929 s 
====================================================================================================
Epoch 13 Loss:1.4514388677637164 in 366.8282721042633 s 
Epoch 13 Valid Performance:{'rank_IC': 0.12837035600881305, 'rank_MRR': 0.0019400269765174017, 'rank_MR': 0.0006045654879408257, 'rank_HITS': 0.34151313051581383} in 68.56757140159607 s 
====================================================================================================
Epoch 14 Loss:1.4514511681564224 in 364.3673930168152 s 
Epoch 14 Valid Performance:{'rank_IC': 0.12641170496945803, 'rank_MRR': 0.0020552632602630185, 'rank_MR': 0.0006036290360385899, 'rank_HITS': 0.3526743631064892} in 66.64967107772827 s 
====================================================================================================
Epoch 15 Loss:1.4514386304943945 in 359.319087266922 s 
Epoch 15 Valid Performance:{'rank_IC': 0.12692614672464084, 'rank_MRR': 0.0019909565534908325, 'rank_MR': 0.0006036837291097961, 'rank_HITS': 0.34563042372465136} in 92.38980078697205 s 
====================================================================================================
Epoch 16 Loss:1.451359740168666 in 363.97308921813965 s 
Epoch 16 Valid Performance:{'rank_IC': 0.1268140336662561, 'rank_MRR': 0.0020605096919462085, 'rank_MR': 0.0006031627667995142, 'rank_HITS': 0.3470037034153938} in 85.16988039016724 s 
====================================================================================================
Epoch 17 Loss:1.4514629174281797 in 361.8526682853699 s 
Epoch 17 Valid Performance:{'rank_IC': 0.12723124844229802, 'rank_MRR': 0.0019980985420988873, 'rank_MR': 0.000603777936574618, 'rank_HITS': 0.34503241777420046} in 58.288872718811035 s 
====================================================================================================
Epoch 18 Loss:1.4512889742537824 in 280.2208366394043 s 
Epoch 18 Valid Performance:{'rank_IC': 0.12736645108437217, 'rank_MRR': 0.0020194719411665576, 'rank_MR': 0.000604476012941861, 'rank_HITS': 0.3483473812043667} in 52.71421670913696 s 
====================================================================================================
Epoch 19 Loss:1.4512970469480644 in 240.47211265563965 s 
Epoch 19 Valid Performance:{'rank_IC': 0.1293814279834925, 'rank_MRR': 0.0020055864623282106, 'rank_MR': 0.0006046593187807363, 'rank_HITS': 0.34655857026576997} in 56.52657985687256 s 
Validation performance didn't improve for 10 epochs. Training stops.
Test Performance:{'rank_IC': 0.09761761881596792, 'rank_MRR': 0.0015615647423469793, 'rank_MR': 0.0004698017429104256, 'rank_HITS': 0.3456748221531387} in 72.7128632068634 s 
