============ Initialized logger ============
do_pre: False
do_plot: False
in_channel: 590
out_channel: 32
num_layers: 2
nheads: 5
dropout: 0.1
top_k: 500
pe: bert
epoch: 20
metric: HITS
neg_sample_num: 500
exp_name: ./experiments/grid_search/loss_mse_reg_0.4_neg_500
optimizer: Adam
loss: mse
reg: 0.4
lr: 0.001
l2: 0.005
margin: 1.5
num_workers: 32
batch_size: 2000
gpu: 1
valid_every: 1
early_stop: 10
init: 
seed: 822
============================================
Total number of parameters: 6314245
Epoch 1 Loss:1.1034952200472512 in 355.43599128723145 s 
Epoch 1 Valid Performance:{'rank_IC': 0.11612687376751303, 'rank_MRR': 0.001977063166559674, 'rank_MR': 0.0005990542877236969, 'rank_HITS': 0.344335972070694} in 60.20159959793091 s 
Epoch 1 Better models found w.r.t HITS. Saved it!
====================================================================================================
Epoch 2 Loss:1.088294055355316 in 348.80897998809814 s 
Epoch 2 Valid Performance:{'rank_IC': 0.10298700848300182, 'rank_MRR': 0.00200641518458724, 'rank_MR': 0.0005928544443583098, 'rank_HITS': 0.3416750353574753} in 78.42993140220642 s 
====================================================================================================
Epoch 3 Loss:1.0874466636951925 in 348.976286649704 s 
Epoch 3 Valid Performance:{'rank_IC': 0.10452059265003498, 'rank_MRR': 0.0021271488402271645, 'rank_MR': 0.0005944375120148968, 'rank_HITS': 0.3486254358291626} in 57.43542218208313 s 
Epoch 3 Better models found w.r.t HITS. Saved it!
====================================================================================================
Epoch 4 Loss:1.0875567077650092 in 349.62493920326233 s 
Epoch 4 Valid Performance:{'rank_IC': 0.10659963103424444, 'rank_MRR': 0.001940026597585529, 'rank_MR': 0.000595505835441608, 'rank_HITS': 0.3372844044864178} in 84.09647870063782 s 
====================================================================================================
Epoch 5 Loss:1.0857076191463353 in 346.4783992767334 s 
Epoch 5 Valid Performance:{'rank_IC': 0.10979655912089736, 'rank_MRR': 0.001974080353975296, 'rank_MR': 0.0005964978461707541, 'rank_HITS': 0.3413473179936409} in 91.73507618904114 s 
====================================================================================================
Epoch 6 Loss:1.0835925086248768 in 342.2065453529358 s 
Epoch 6 Valid Performance:{'rank_IC': 0.11205420167592553, 'rank_MRR': 0.0020145694602979347, 'rank_MR': 0.0005965609523835192, 'rank_HITS': 0.34684008479118345} in 97.83278369903564 s 
====================================================================================================
Epoch 7 Loss:1.0837110389647622 in 334.68564343452454 s 
Epoch 7 Valid Performance:{'rank_IC': 0.11208552140826841, 'rank_MRR': 0.001945080410805531, 'rank_MR': 0.0005973107011686462, 'rank_HITS': 0.34386091485619547} in 71.717369556427 s 
====================================================================================================
Epoch 8 Loss:1.0825568094366376 in 348.456351518631 s 
Epoch 8 Valid Performance:{'rank_IC': 0.11423542783168417, 'rank_MRR': 0.0020555964746745304, 'rank_MR': 0.0005977443271400065, 'rank_HITS': 0.34443685799837115} in 550.0172877311707 s 
====================================================================================================
Epoch 9 Loss:1.0820612306139326 in 353.3853394985199 s 
Epoch 9 Valid Performance:{'rank_IC': 0.11184249549288591, 'rank_MRR': 0.0019771616492653267, 'rank_MR': 0.0005963376304416954, 'rank_HITS': 0.34316237732768057} in 742.2111160755157 s 
====================================================================================================
Epoch 10 Loss:1.0838673580748068 in 354.69683623313904 s 
Epoch 10 Valid Performance:{'rank_IC': 0.10704720029304593, 'rank_MRR': 0.0020706150459591298, 'rank_MR': 0.0005952625269548172, 'rank_HITS': 0.34526502519845964} in 574.4771883487701 s 
====================================================================================================
Epoch 11 Loss:1.0838178889360688 in 367.2578499317169 s 
Epoch 11 Valid Performance:{'rank_IC': 0.1068640156700844, 'rank_MRR': 0.0020422218035673722, 'rank_MR': 0.0005942956257239726, 'rank_HITS': 0.3461993786692619} in 1135.2129669189453 s 
====================================================================================================
Epoch 12 Loss:1.0827150271714099 in 361.65867614746094 s 
Epoch 12 Valid Performance:{'rank_IC': 0.1094611547659005, 'rank_MRR': 0.0019816629713750446, 'rank_MR': 0.0005959547586182879, 'rank_HITS': 0.34260780543088915} in 64.6058042049408 s 
====================================================================================================
Epoch 13 Loss:1.0827623436996332 in 293.00794529914856 s 
Epoch 13 Valid Performance:{'rank_IC': 0.11222511806131688, 'rank_MRR': 0.0019185030827065929, 'rank_MR': 0.000596964922121468, 'rank_HITS': 0.3363318016380072} in 63.678693771362305 s 
Validation performance didn't improve for 10 epochs. Training stops.
Test Performance:{'rank_IC': 0.08437250210424249, 'rank_MRR': 0.001607385313201865, 'rank_MR': 0.0004664970380786332, 'rank_HITS': 0.34198456183691656} in 97.01473116874695 s 
