============ Initialized logger ============
do_pre: False
do_plot: False
in_channel: 590
out_channel: 32
num_layers: 2
nheads: 5
dropout: 0.1
top_k: 500
pe: bert
epoch: 20
metric: HITS
neg_sample_num: 2000
exp_name: ./experiments/grid_search/loss_mse_reg_0.2_neg_2000
optimizer: Adam
loss: mse
reg: 0.2
lr: 0.001
l2: 0.005
margin: 1.5
num_workers: 32
batch_size: 2000
gpu: 1
valid_every: 1
early_stop: 10
init: 
seed: 822
============================================
Total number of parameters: 6314245
Epoch 1 Loss:1.0217829336731399 in 366.32335233688354 s 
Epoch 1 Valid Performance:{'rank_IC': 0.11971898897031981, 'rank_MRR': 0.002073381584486924, 'rank_MR': 0.0006009375265083358, 'rank_HITS': 0.3507098500430584} in 111.69587659835815 s 
Epoch 1 Better models found w.r.t HITS. Saved it!
====================================================================================================
Epoch 2 Loss:1.0134799838797446 in 358.2306160926819 s 
Epoch 2 Valid Performance:{'rank_IC': 0.1162305195077925, 'rank_MRR': 0.0021055623854044827, 'rank_MR': 0.0005989703234388017, 'rank_HITS': 0.35319979816675184} in 60.137338399887085 s 
Epoch 2 Better models found w.r.t HITS. Saved it!
====================================================================================================
Epoch 3 Loss:1.0117611398726154 in 356.72965955734253 s 
Epoch 3 Valid Performance:{'rank_IC': 0.11790019586315341, 'rank_MRR': 0.002010615080362186, 'rank_MR': 0.0005990761194636967, 'rank_HITS': 0.3408301727473736} in 56.83130979537964 s 
====================================================================================================
Epoch 4 Loss:1.0097991868030805 in 351.353502035141 s 
Epoch 4 Valid Performance:{'rank_IC': 0.11983040706877163, 'rank_MRR': 0.002054325793287717, 'rank_MR': 0.0005994754587540557, 'rank_HITS': 0.34710433065891266} in 74.99470949172974 s 
====================================================================================================
Epoch 5 Loss:1.009271948667705 in 347.8782675266266 s 
Epoch 5 Valid Performance:{'rank_IC': 0.11492153556050468, 'rank_MRR': 0.00201618356310064, 'rank_MR': 0.0005981517032780652, 'rank_HITS': 0.34156589448451996} in 56.732311725616455 s 
====================================================================================================
Epoch 6 Loss:1.0087108571314165 in 347.7017698287964 s 
Epoch 6 Valid Performance:{'rank_IC': 0.12028736647108396, 'rank_MRR': 0.001881109167879913, 'rank_MR': 0.0006000383719118569, 'rank_HITS': 0.3340043437480926} in 61.26156163215637 s 
====================================================================================================
Epoch 7 Loss:1.0082892539937909 in 347.0220754146576 s 
Epoch 7 Valid Performance:{'rank_IC': 0.11891167522923693, 'rank_MRR': 0.002090883885975927, 'rank_MR': 0.000599793246098953, 'rank_HITS': 0.34458348512649534} in 55.68321228027344 s 
====================================================================================================
Epoch 8 Loss:1.0081163738298375 in 346.2862055301666 s 
Epoch 8 Valid Performance:{'rank_IC': 0.1239611022174333, 'rank_MRR': 0.002051933667389676, 'rank_MR': 0.0006012988185868792, 'rank_HITS': 0.3504309214651585} in 55.6921443939209 s 
====================================================================================================
Epoch 9 Loss:1.0078865614092005 in 343.6457302570343 s 
Epoch 9 Valid Performance:{'rank_IC': 0.12214197892280457, 'rank_MRR': 0.002035208157612942, 'rank_MR': 0.0006001404796116854, 'rank_HITS': 0.34473612561821937} in 54.38493037223816 s 
====================================================================================================
Epoch 10 Loss:1.0075563596174657 in 347.05382657051086 s 
Epoch 10 Valid Performance:{'rank_IC': 0.12336313962879536, 'rank_MRR': 0.0020313838293077426, 'rank_MR': 0.000600984197016365, 'rank_HITS': 0.34512101382017135} in 80.13340830802917 s 
====================================================================================================
Epoch 11 Loss:1.0075660801372646 in 352.91050386428833 s 
Epoch 11 Valid Performance:{'rank_IC': 0.12455012794489882, 'rank_MRR': 0.0020098531007533894, 'rank_MR': 0.0006008573381191176, 'rank_HITS': 0.34784851178526877} in 57.99036645889282 s 
====================================================================================================
Epoch 12 Loss:1.007759002297725 in 345.70580530166626 s 
Epoch 12 Valid Performance:{'rank_IC': 0.12552161201686224, 'rank_MRR': 0.0020988639921415597, 'rank_MR': 0.0006017442047925102, 'rank_HITS': 0.35173954322934153} in 61.98744082450867 s 
Validation performance didn't improve for 10 epochs. Training stops.
Test Performance:{'rank_IC': 0.0928573545723346, 'rank_MRR': 0.0016346623366294537, 'rank_MR': 0.00046843502378342744, 'rank_HITS': 0.3463169058615511} in 85.03266382217407 s 
