============ Initialized logger ============
do_pre: False
do_plot: False
in_channel: 590
out_channel: 32
num_layers: 2
nheads: 5
dropout: 0.1
top_k: 500
pe: bert
epoch: 20
metric: HITS
neg_sample_num: 4000
exp_name: ./experiments/grid_search/loss_tr_reg_0.1_neg_4000
optimizer: Adam
loss: tr
reg: 0.1
lr: 0.001
l2: 0.005
margin: 1.5
num_workers: 32
batch_size: 2000
gpu: 3
valid_every: 1
early_stop: 10
init: 
seed: 822
============================================
Total number of parameters: 6314245
Epoch 1 Loss:1.457667539769573 in 450.6036887168884 s 
Epoch 1 Valid Performance:{'rank_IC': 0.11519002489743137, 'rank_MRR': 0.0019181070663034916, 'rank_MR': 0.0005992696501358625, 'rank_HITS': 0.342364052683115} in 173.63766193389893 s 
Epoch 1 Better models found w.r.t HITS. Saved it!
====================================================================================================
Epoch 2 Loss:1.4562833560965336 in 370.45855951309204 s 
Epoch 2 Valid Performance:{'rank_IC': 0.11888381637288212, 'rank_MRR': 0.002064905518782325, 'rank_MR': 0.0006011034837183169, 'rank_HITS': 0.34653750211000445} in 61.893908977508545 s 
Epoch 2 Better models found w.r.t HITS. Saved it!
====================================================================================================
Epoch 3 Loss:1.4538447917500261 in 377.6682405471802 s 
Epoch 3 Valid Performance:{'rank_IC': 0.1210830543192446, 'rank_MRR': 0.002054813202121295, 'rank_MR': 0.000601773687099688, 'rank_HITS': 0.3460614927113056} in 60.953773498535156 s 
====================================================================================================
Epoch 4 Loss:1.452115433347737 in 384.62889647483826 s 
Epoch 4 Valid Performance:{'rank_IC': 0.12482274000613124, 'rank_MRR': 0.002056228012079373, 'rank_MR': 0.0006026290181583117, 'rank_HITS': 0.3480479337275028} in 61.96004581451416 s 
Epoch 4 Better models found w.r.t HITS. Saved it!
====================================================================================================
Epoch 5 Loss:1.4514161874911538 in 391.17740988731384 s 
Epoch 5 Valid Performance:{'rank_IC': 0.12252975496533487, 'rank_MRR': 0.0020324478257680314, 'rank_MR': 0.0006017458526171106, 'rank_HITS': 0.3446876183152199} in 87.71920323371887 s 
====================================================================================================
Epoch 6 Loss:1.4510655974631348 in 400.65961599349976 s 
Epoch 6 Valid Performance:{'rank_IC': 0.12570853374807925, 'rank_MRR': 0.001998905687069055, 'rank_MR': 0.0006031344053514591, 'rank_HITS': 0.3450134325027466} in 98.62403774261475 s 
====================================================================================================
Epoch 7 Loss:1.450924204902415 in 385.3264982700348 s 
Epoch 7 Valid Performance:{'rank_IC': 0.1248416671854426, 'rank_MRR': 0.0020933029887964948, 'rank_MR': 0.0006024941912880084, 'rank_HITS': 0.3504925405979156} in 120.92973589897156 s 
Epoch 7 Better models found w.r.t HITS. Saved it!
====================================================================================================
Epoch 8 Loss:1.451078071184685 in 387.31796979904175 s 
Epoch 8 Valid Performance:{'rank_IC': 0.12449157597911566, 'rank_MRR': 0.0020434099272824825, 'rank_MR': 0.0006024547775184717, 'rank_HITS': 0.3456585447490215} in 76.84395051002502 s 
====================================================================================================
Epoch 9 Loss:1.450787377503752 in 360.19668531417847 s 
Epoch 9 Valid Performance:{'rank_IC': 0.12301788490138543, 'rank_MRR': 0.0020114493987057358, 'rank_MR': 0.0006023799027707732, 'rank_HITS': 0.344702991694212} in 76.05940198898315 s 
====================================================================================================
Epoch 10 Loss:1.4508295850101842 in 358.3739092350006 s 
Epoch 10 Valid Performance:{'rank_IC': 0.12436508208563404, 'rank_MRR': 0.002019193474552594, 'rank_MR': 0.0006026652374280075, 'rank_HITS': 0.3451692016422749} in 64.99799346923828 s 
====================================================================================================
Epoch 11 Loss:1.4509037980690638 in 380.70126724243164 s 
Epoch 11 Valid Performance:{'rank_IC': 0.1260110833884098, 'rank_MRR': 0.0019908529793610796, 'rank_MR': 0.0006031166702550894, 'rank_HITS': 0.3457649052143097} in 3286.453113079071 s 
====================================================================================================
Epoch 12 Loss:1.4508591061825298 in 253.2002191543579 s 
Epoch 12 Valid Performance:{'rank_IC': 0.12473600709091005, 'rank_MRR': 0.0021233467588899655, 'rank_MR': 0.000602135477071073, 'rank_HITS': 0.35213551729917525} in 3208.629947900772 s 
Epoch 12 Better models found w.r.t HITS. Saved it!
====================================================================================================
Epoch 13 Loss:1.4507078707583843 in 341.97292923927307 s 
Epoch 13 Valid Performance:{'rank_IC': 0.1253057114727464, 'rank_MRR': 0.0020341053331503645, 'rank_MR': 0.0006027087283374195, 'rank_HITS': 0.3477198526263237} in 4169.598034620285 s 
====================================================================================================
Epoch 14 Loss:1.4508072625744457 in 292.6469042301178 s 
Epoch 14 Valid Performance:{'rank_IC': 0.12656651384645115, 'rank_MRR': 0.002080147316446528, 'rank_MR': 0.000603252559742477, 'rank_HITS': 0.34979403257369995} in 6624.8528480529785 s 
====================================================================================================
Epoch 15 Loss:1.4507936328048774 in 270.8576068878174 s 
Epoch 15 Valid Performance:{'rank_IC': 0.12562957954419607, 'rank_MRR': 0.0020699901191983372, 'rank_MR': 0.0006026204736495407, 'rank_HITS': 0.3521971882879734} in 3397.3805792331696 s 
Epoch 15 Better models found w.r.t HITS. Saved it!
====================================================================================================
Epoch 16 Loss:1.4507425939900953 in 249.26600646972656 s 
Epoch 16 Valid Performance:{'rank_IC': 0.12283178055567219, 'rank_MRR': 0.002046095016412437, 'rank_MR': 0.0006022942418453784, 'rank_HITS': 0.34212096966803074} in 3145.741088628769 s 
====================================================================================================
Epoch 17 Loss:1.4509228808539254 in 244.70292901992798 s 
Epoch 17 Valid Performance:{'rank_IC': 0.12316736837519056, 'rank_MRR': 0.0020855456381104888, 'rank_MR': 0.0006020214785529563, 'rank_HITS': 0.3516392228007317} in 9855.49430680275 s 
====================================================================================================
Epoch 18 Loss:1.4507731630758274 in 249.238116979599 s 
Epoch 18 Valid Performance:{'rank_IC': 0.12701311769279375, 'rank_MRR': 0.0020455980661790818, 'rank_MR': 0.0006037037638600937, 'rank_HITS': 0.34820198312401773} in 484.0086975097656 s 
====================================================================================================
Epoch 19 Loss:1.4507161145874745 in 244.0500237941742 s 
Epoch 19 Valid Performance:{'rank_IC': 0.12549162011372475, 'rank_MRR': 0.0021276862727245315, 'rank_MR': 0.0006028163251991566, 'rank_HITS': 0.35296642407774925} in 324.0396885871887 s 
Epoch 19 Better models found w.r.t HITS. Saved it!
====================================================================================================
Epoch 20 Loss:1.450755451876902 in 247.5545690059662 s 
Epoch 20 Valid Performance:{'rank_IC': 0.125740919021728, 'rank_MRR': 0.0021215458697406574, 'rank_MR': 0.0006034501026494628, 'rank_HITS': 0.35008724048733714} in 77.36548781394958 s 
====================================================================================================
Test Performance:{'rank_IC': 0.09499653622908966, 'rank_MRR': 0.0015739617584954392, 'rank_MR': 0.00046939203011772446, 'rank_HITS': 0.34192998263954133} in 58.78269171714783 s 
