============ Initialized logger ============
do_pre: False
do_plot: False
in_channel: 590
out_channel: 32
num_layers: 2
nheads: 5
dropout: 0.1
top_k: 500
pe: bert
epoch: 20
metric: HITS
neg_sample_num: 500
exp_name: ./experiments/grid_search/loss_tr_reg_0.3_neg_500
optimizer: Adam
loss: tr
reg: 0.3
lr: 0.001
l2: 0.005
margin: 1.5
num_workers: 32
batch_size: 2000
gpu: 1
valid_every: 1
early_stop: 10
init: 
seed: 822
============================================
Total number of parameters: 6314245
Epoch 1 Loss:1.4338771507052557 in 429.36349987983704 s 
Epoch 1 Valid Performance:{'rank_IC': 0.11289249702020107, 'rank_MRR': 0.0019104058586526661, 'rank_MR': 0.0005978937696499804, 'rank_HITS': 0.3428924718499184} in 1150.8413264751434 s 
Epoch 1 Better models found w.r.t HITS. Saved it!
====================================================================================================
Epoch 2 Loss:1.4247797182210176 in 422.6918270587921 s 
Epoch 2 Valid Performance:{'rank_IC': 0.10862553388224662, 'rank_MRR': 0.0020050169073510915, 'rank_MR': 0.0005965026056844125, 'rank_HITS': 0.34485475435853} in 108.15606451034546 s 
Epoch 2 Better models found w.r.t HITS. Saved it!
====================================================================================================
Epoch 3 Loss:1.4225359630626508 in 417.77578353881836 s 
Epoch 3 Valid Performance:{'rank_IC': 0.11577554043309721, 'rank_MRR': 0.002016121362685226, 'rank_MR': 0.0005994153960617894, 'rank_HITS': 0.34754948735237123} in 964.5970406532288 s 
Epoch 3 Better models found w.r.t HITS. Saved it!
====================================================================================================
Epoch 4 Loss:1.4219904075475454 in 434.6530146598816 s 
Epoch 4 Valid Performance:{'rank_IC': 0.10920863311149766, 'rank_MRR': 0.001983050616690889, 'rank_MR': 0.0005972277071122582, 'rank_HITS': 0.34196468770503996} in 598.2209932804108 s 
====================================================================================================
Epoch 5 Loss:1.4202169263498705 in 416.198162317276 s 
Epoch 5 Valid Performance:{'rank_IC': 0.11826256836598702, 'rank_MRR': 0.0019907623803010212, 'rank_MR': 0.0005996590028685708, 'rank_HITS': 0.34880401149392126} in 303.7482726573944 s 
Epoch 5 Better models found w.r.t HITS. Saved it!
====================================================================================================
Epoch 6 Loss:1.4191820505520003 in 424.3350918292999 s 
Epoch 6 Valid Performance:{'rank_IC': 0.11918682626021145, 'rank_MRR': 0.001956670371582732, 'rank_MR': 0.0006008405356430739, 'rank_HITS': 0.34647428542375563} in 380.5041036605835 s 
====================================================================================================
Epoch 7 Loss:1.4198677755049924 in 426.3928883075714 s 
Epoch 7 Valid Performance:{'rank_IC': 0.11841309581357554, 'rank_MRR': 0.0020185384148498995, 'rank_MR': 0.0005995974005010969, 'rank_HITS': 0.34834419682621953} in 3207.1911821365356 s 
====================================================================================================
Epoch 8 Loss:1.4182911594116718 in 362.4797043800354 s 
Epoch 8 Valid Performance:{'rank_IC': 0.11484832957945884, 'rank_MRR': 0.0019360963301733136, 'rank_MR': 0.0005986478134590671, 'rank_HITS': 0.34179841473698613} in 1428.8921072483063 s 
====================================================================================================
Epoch 9 Loss:1.4180789504732405 in 366.38388442993164 s 
Epoch 9 Valid Performance:{'rank_IC': 0.11849636525718708, 'rank_MRR': 0.001982839142438024, 'rank_MR': 0.000599837899372597, 'rank_HITS': 0.3465751925110817} in 125.05458688735962 s 
====================================================================================================
Epoch 10 Loss:1.418584970399855 in 378.5223159790039 s 
Epoch 10 Valid Performance:{'rank_IC': 0.11661847007564205, 'rank_MRR': 0.002007469813688658, 'rank_MR': 0.0005990197344042507, 'rank_HITS': 0.3447101697325706} in 810.7009012699127 s 
====================================================================================================
Epoch 11 Loss:1.4183101498380657 in 387.1845209598541 s 
Epoch 11 Valid Performance:{'rank_IC': 0.11015145207176325, 'rank_MRR': 0.0019372993128490635, 'rank_MR': 0.0005966971285770934, 'rank_HITS': 0.3431727610528469} in 689.893317937851 s 
====================================================================================================
Epoch 12 Loss:1.418627161503256 in 374.3299217224121 s 
Epoch 12 Valid Performance:{'rank_IC': 0.11913819695303468, 'rank_MRR': 0.0018425129659590312, 'rank_MR': 0.0006001785389021109, 'rank_HITS': 0.3385909773409367} in 73.16143584251404 s 
====================================================================================================
Epoch 13 Loss:1.4185715517801323 in 373.5962715148926 s 
