============ Initialized logger ============
do_pre: False
do_plot: False
in_channel: 590
out_channel: 32
num_layers: 2
nheads: 5
dropout: 0.1
top_k: 500
pe: bert
epoch: 20
metric: HITS
neg_sample_num: 1000
exp_name: ./experiments/grid_search/loss_mse_reg_0.2_neg_1000
optimizer: Adam
loss: mse
reg: 0.2
lr: 0.001
l2: 0.005
margin: 1.5
num_workers: 32
batch_size: 2000
gpu: 3
valid_every: 1
early_stop: 10
init: 
seed: 822
============================================
Total number of parameters: 6314245
Epoch 1 Loss:1.0229536957327052 in 354.0273132324219 s 
Epoch 1 Valid Performance:{'rank_IC': 0.12031027243585815, 'rank_MRR': 0.002010010540834628, 'rank_MR': 0.000600811228859995, 'rank_HITS': 0.34721226543188094} in 53.83848285675049 s 
Epoch 1 Better models found w.r.t HITS. Saved it!
====================================================================================================
Epoch 2 Loss:1.0141000440515624 in 349.5471909046173 s 
Epoch 2 Valid Performance:{'rank_IC': 0.11769178979333057, 'rank_MRR': 0.002070049274188932, 'rank_MR': 0.0005991807128269207, 'rank_HITS': 0.34658006578683853} in 65.82783603668213 s 
====================================================================================================
Epoch 3 Loss:1.0120115818734967 in 358.4270670413971 s 
Epoch 3 Valid Performance:{'rank_IC': 0.11666310857172285, 'rank_MRR': 0.0021685221552615987, 'rank_MR': 0.0005987433729475346, 'rank_HITS': 0.3461390820145607} in 65.67258739471436 s 
====================================================================================================
Epoch 4 Loss:1.0102062997955903 in 355.4740173816681 s 
Epoch 4 Valid Performance:{'rank_IC': 0.11928313845996306, 'rank_MRR': 0.0021572786482283845, 'rank_MR': 0.0005994441167817842, 'rank_HITS': 0.34852356269955637} in 55.87581419944763 s 
Epoch 4 Better models found w.r.t HITS. Saved it!
====================================================================================================
Epoch 5 Loss:1.0092202148658993 in 354.2420506477356 s 
Epoch 5 Valid Performance:{'rank_IC': 0.12296364537789602, 'rank_MRR': 0.002061634820420295, 'rank_MR': 0.0006003184920435649, 'rank_HITS': 0.34306777849793435} in 54.10226392745972 s 
====================================================================================================
Epoch 6 Loss:1.0087308826726533 in 395.75006103515625 s 
Epoch 6 Valid Performance:{'rank_IC': 0.12025176325937491, 'rank_MRR': 0.002066618477110751, 'rank_MR': 0.0005999291100123825, 'rank_HITS': 0.34417482107877734} in 61.83632826805115 s 
====================================================================================================
Epoch 7 Loss:1.0089295981329434 in 422.5478765964508 s 
Epoch 7 Valid Performance:{'rank_IC': 0.12279244221317737, 'rank_MRR': 0.0020691654738038776, 'rank_MR': 0.000600697464017947, 'rank_HITS': 0.3454031389951706} in 59.24267840385437 s 
====================================================================================================
Epoch 8 Loss:1.0084954278182816 in 420.39498233795166 s 
Epoch 8 Valid Performance:{'rank_IC': 0.12074335105618184, 'rank_MRR': 0.0019819281427771785, 'rank_MR': 0.0006005668335546128, 'rank_HITS': 0.3376632751524448} in 61.95884323120117 s 
====================================================================================================
Epoch 9 Loss:1.0086857949715764 in 390.06358313560486 s 
Epoch 9 Valid Performance:{'rank_IC': 0.12400284288727033, 'rank_MRR': 0.0020111694221850484, 'rank_MR': 0.0006012734009857876, 'rank_HITS': 0.34989724412560463} in 55.645604610443115 s 
Epoch 9 Better models found w.r.t HITS. Saved it!
====================================================================================================
Epoch 10 Loss:1.0085999513278396 in 354.4616377353668 s 
Epoch 10 Valid Performance:{'rank_IC': 0.1244409166583143, 'rank_MRR': 0.0020809239539084957, 'rank_MR': 0.0006018544795434919, 'rank_HITS': 0.34622866347432135} in 84.70229721069336 s 
====================================================================================================
Epoch 11 Loss:1.0083889542286277 in 347.87322664260864 s 
Epoch 11 Valid Performance:{'rank_IC': 0.12241714128029602, 'rank_MRR': 0.002108917437726632, 'rank_MR': 0.0006007873258501245, 'rank_HITS': 0.3507905001938343} in 57.903690576553345 s 
Epoch 11 Better models found w.r.t HITS. Saved it!
====================================================================================================
Epoch 12 Loss:1.0089431515814022 in 347.5294978618622 s 
Epoch 12 Valid Performance:{'rank_IC': 0.12035893472564631, 'rank_MRR': 0.0020478204952087253, 'rank_MR': 0.0006002542759032194, 'rank_HITS': 0.33888826847076414} in 52.94238638877869 s 
====================================================================================================
Epoch 13 Loss:1.0085030820263152 in 343.235196352005 s 
Epoch 13 Valid Performance:{'rank_IC': 0.12480587176593894, 'rank_MRR': 0.002070585942128673, 'rank_MR': 0.0006021980788558095, 'rank_HITS': 0.34381410747766494} in 77.28572225570679 s 
====================================================================================================
Epoch 14 Loss:1.0081037010778784 in 343.49708318710327 s 
Epoch 14 Valid Performance:{'rank_IC': 0.12406778132766214, 'rank_MRR': 0.002047728894976899, 'rank_MR': 0.0006015014353996175, 'rank_HITS': 0.344388594776392} in 59.164633989334106 s 
====================================================================================================
Epoch 15 Loss:1.0082838086576236 in 349.57515931129456 s 
Epoch 15 Valid Performance:{'rank_IC': 0.12095922406970759, 'rank_MRR': 0.0020667263650102543, 'rank_MR': 0.0006001408783825997, 'rank_HITS': 0.3461484672129154} in 61.73404288291931 s 
====================================================================================================
Epoch 16 Loss:1.0080515713570517 in 345.38645696640015 s 
Epoch 16 Valid Performance:{'rank_IC': 0.12350315188982997, 'rank_MRR': 0.002136091401334852, 'rank_MR': 0.0006011510234683684, 'rank_HITS': 0.3488919934630394} in 64.7942545413971 s 
====================================================================================================
Epoch 17 Loss:1.0084765709668895 in 342.549382686615 s 
Epoch 17 Valid Performance:{'rank_IC': 0.12194651242880711, 'rank_MRR': 0.002068698184448294, 'rank_MR': 0.0006008923851932291, 'rank_HITS': 0.3448370978236198} in 102.52675175666809 s 
====================================================================================================
Epoch 18 Loss:1.007860203723339 in 344.72983288764954 s 
Epoch 18 Valid Performance:{'rank_IC': 0.12522267936139092, 'rank_MRR': 0.0020628350449260324, 'rank_MR': 0.000601454399040393, 'rank_HITS': 0.34765392512083054} in 74.66645979881287 s 
====================================================================================================
Epoch 19 Loss:1.0081162954191698 in 347.45288729667664 s 
Epoch 19 Valid Performance:{'rank_IC': 0.12169976841191803, 'rank_MRR': 0.0020747140649473293, 'rank_MR': 0.0006007865420109544, 'rank_HITS': 0.3415074035525322} in 65.72147870063782 s 
====================================================================================================
Epoch 20 Loss:1.0079184725136219 in 278.6326274871826 s 
Epoch 20 Valid Performance:{'rank_IC': 0.12220454737429641, 'rank_MRR': 0.002090301394928247, 'rank_MR': 0.0006005752836009578, 'rank_HITS': 0.3487068757414818} in 38.018558740615845 s 
====================================================================================================
Test Performance:{'rank_IC': 0.09670603970645308, 'rank_MRR': 0.001648341447224625, 'rank_MR': 0.0004697427959178912, 'rank_HITS': 0.34316918056858475} in 45.894054889678955 s 
