============ Initialized logger ============
do_pre: False
do_plot: False
in_channel: 590
out_channel: 32
num_layers: 2
nheads: 5
dropout: 0.1
top_k: 500
pe: bert
epoch: 20
metric: HITS
neg_sample_num: 4000
exp_name: ./experiments/grid_search/loss_mse_reg_0.4_neg_4000
optimizer: Adam
loss: mse
reg: 0.4
lr: 0.001
l2: 0.005
margin: 1.5
num_workers: 32
batch_size: 2000
gpu: 3
valid_every: 1
early_stop: 10
init: 
seed: 822
============================================
Total number of parameters: 6314245
Epoch 1 Loss:1.098396967525131 in 357.9946985244751 s 
Epoch 1 Valid Performance:{'rank_IC': 0.1178731188799044, 'rank_MRR': 0.0020283388713141903, 'rank_MR': 0.0006003506114260065, 'rank_HITS': 0.34611942499876025} in 59.19661998748779 s 
Epoch 1 Better models found w.r.t HITS. Saved it!
====================================================================================================
Epoch 2 Loss:1.0841384546261519 in 349.52754187583923 s 
Epoch 2 Valid Performance:{'rank_IC': 0.1094434392809461, 'rank_MRR': 0.0020134306824184022, 'rank_MR': 0.000596083373075378, 'rank_HITS': 0.34194486662745477} in 85.36930823326111 s 
====================================================================================================
Epoch 3 Loss:1.0825676955641832 in 357.04804849624634 s 
Epoch 3 Valid Performance:{'rank_IC': 0.11414243851092064, 'rank_MRR': 0.002045192490622867, 'rank_MR': 0.0005978303480001325, 'rank_HITS': 0.34182142198085785} in 57.13956809043884 s 
====================================================================================================
Epoch 4 Loss:1.0804759740411556 in 357.17981576919556 s 
Epoch 4 Valid Performance:{'rank_IC': 0.11385324463960676, 'rank_MRR': 0.00215211725095287, 'rank_MR': 0.0005976809868999217, 'rank_HITS': 0.34877907201647756} in 56.533294439315796 s 
Epoch 4 Better models found w.r.t HITS. Saved it!
====================================================================================================
Epoch 5 Loss:1.0797514098449092 in 354.69402146339417 s 
Epoch 5 Valid Performance:{'rank_IC': 0.1139887861621317, 'rank_MRR': 0.0020754458723240533, 'rank_MR': 0.0005977428219724508, 'rank_HITS': 0.34020772233605384} in 83.93085551261902 s 
====================================================================================================
Epoch 6 Loss:1.078610532227365 in 354.679141998291 s 
Epoch 6 Valid Performance:{'rank_IC': 0.11867799765972471, 'rank_MRR': 0.0020779496713657863, 'rank_MR': 0.0005991334438700407, 'rank_HITS': 0.3458537019789219} in 84.14999270439148 s 
====================================================================================================
Epoch 7 Loss:1.0787503099775857 in 361.2197391986847 s 
Epoch 7 Valid Performance:{'rank_IC': 0.11514242085881016, 'rank_MRR': 0.002167620554100722, 'rank_MR': 0.0005980250938147668, 'rank_HITS': 0.3456030881404877} in 55.143341302871704 s 
====================================================================================================
Epoch 8 Loss:1.0783010103742248 in 363.24187111854553 s 
Epoch 8 Valid Performance:{'rank_IC': 0.11222027542958112, 'rank_MRR': 0.0021618461119942366, 'rank_MR': 0.0005966043118554868, 'rank_HITS': 0.34719507917761805} in 529.3593637943268 s 
====================================================================================================
Epoch 9 Loss:1.0779355417522394 in 355.96246361732483 s 
Epoch 9 Valid Performance:{'rank_IC': 0.11672408649485354, 'rank_MRR': 0.002018754707532935, 'rank_MR': 0.0005982638960865536, 'rank_HITS': 0.34031269654631613} in 739.0331869125366 s 
====================================================================================================
Epoch 10 Loss:1.0775036753843377 in 359.12823128700256 s 
Epoch 10 Valid Performance:{'rank_IC': 0.1172612785542276, 'rank_MRR': 0.0020603886945173146, 'rank_MR': 0.0005991628225255459, 'rank_HITS': 0.34384967654943466} in 571.7676963806152 s 
====================================================================================================
Epoch 11 Loss:1.078566140192418 in 365.747998714447 s 
Epoch 11 Valid Performance:{'rank_IC': 0.10769981034229417, 'rank_MRR': 0.0022288032609503717, 'rank_MR': 0.0005953430752315375, 'rank_HITS': 0.34749395787715914} in 1157.9916446208954 s 
====================================================================================================
Epoch 12 Loss:1.0777851498304596 in 357.6642875671387 s 
Epoch 12 Valid Performance:{'rank_IC': 0.11477396492501274, 'rank_MRR': 0.002189955188659951, 'rank_MR': 0.0005977008798701609, 'rank_HITS': 0.3541814312338829} in 63.49437165260315 s 
Epoch 12 Better models found w.r.t HITS. Saved it!
====================================================================================================
Epoch 13 Loss:1.0777167920790462 in 372.50833463668823 s 
Epoch 13 Valid Performance:{'rank_IC': 0.11622188379289099, 'rank_MRR': 0.002059375945827924, 'rank_MR': 0.000598665839705884, 'rank_HITS': 0.3418103620409966} in 63.27861523628235 s 
====================================================================================================
Epoch 14 Loss:1.0779553475242034 in 359.2686400413513 s 
Epoch 14 Valid Performance:{'rank_IC': 0.11487861693553279, 'rank_MRR': 0.0021805381326703353, 'rank_MR': 0.0005976012519185976, 'rank_HITS': 0.3454140818119049} in 57.326637983322144 s 
====================================================================================================
Epoch 15 Loss:1.0775069137292406 in 364.1434803009033 s 
Epoch 15 Valid Performance:{'rank_IC': 0.119455383195899, 'rank_MRR': 0.0021674761112080885, 'rank_MR': 0.0005997113917477927, 'rank_HITS': 0.35060870721936227} in 92.82958698272705 s 
====================================================================================================
Epoch 16 Loss:1.077639913057466 in 364.3390498161316 s 
Epoch 16 Valid Performance:{'rank_IC': 0.11629908269940183, 'rank_MRR': 0.002102316461678129, 'rank_MR': 0.0005991382919844852, 'rank_HITS': 0.338256214261055} in 89.26216316223145 s 
====================================================================================================
Epoch 17 Loss:1.0776407865972293 in 362.49863386154175 s 
Epoch 17 Valid Performance:{'rank_IC': 0.11923600789775289, 'rank_MRR': 0.0022418328386265784, 'rank_MR': 0.0005995450653215326, 'rank_HITS': 0.3548759587109089} in 61.16646981239319 s 
Epoch 17 Better models found w.r.t HITS. Saved it!
====================================================================================================
Epoch 18 Loss:1.0774096583296184 in 273.9428837299347 s 
Epoch 18 Valid Performance:{'rank_IC': 0.12151302193755545, 'rank_MRR': 0.0021412619491457006, 'rank_MR': 0.00060085770104393, 'rank_HITS': 0.3482872086763382} in 63.299832820892334 s 
====================================================================================================
Epoch 19 Loss:1.0775338230062013 in 241.9804937839508 s 
Epoch 19 Valid Performance:{'rank_IC': 0.11753607313495185, 'rank_MRR': 0.0022658589819911867, 'rank_MR': 0.0005982723710213218, 'rank_HITS': 0.3546047793328762} in 42.594284534454346 s 
====================================================================================================
Epoch 20 Loss:1.0772130358751983 in 305.56860280036926 s 
Epoch 20 Valid Performance:{'rank_IC': 0.12097803077351495, 'rank_MRR': 0.0022012153826653958, 'rank_MR': 0.0006005209973414751, 'rank_HITS': 0.35188783928751943} in 73.92646908760071 s 
====================================================================================================
Test Performance:{'rank_IC': 0.09190418429202177, 'rank_MRR': 0.0016892642667420855, 'rank_MR': 0.0004684094293343636, 'rank_HITS': 0.3443790531971238} in 123.73540019989014 s 
