============ Initialized logger ============
do_pre: False
do_plot: False
in_channel: 590
out_channel: 32
num_layers: 2
nheads: 5
dropout: 0.1
top_k: 500
pe: bert
epoch: 20
metric: HITS
neg_sample_num: 1000
exp_name: ./experiments/grid_search/loss_tr_reg_0.4_neg_1000
optimizer: Adam
loss: tr
reg: 0.4
lr: 0.001
l2: 0.005
margin: 1.5
num_workers: 32
batch_size: 2000
gpu: 3
valid_every: 1
early_stop: 10
init: 
seed: 822
============================================
Total number of parameters: 6314245
Epoch 1 Loss:1.4175184441699362 in 350.8465783596039 s 
Epoch 1 Valid Performance:{'rank_IC': 0.11160753848481063, 'rank_MRR': 0.001880242829793133, 'rank_MR': 0.0005971660654077806, 'rank_HITS': 0.34337656527757643} in 1216.3117272853851 s 
Epoch 1 Better models found w.r.t HITS. Saved it!
====================================================================================================
Epoch 2 Loss:1.4056934428570251 in 347.8224265575409 s 
Epoch 2 Valid Performance:{'rank_IC': 0.10701002412723941, 'rank_MRR': 0.0020468107052147386, 'rank_MR': 0.0005957710037465582, 'rank_HITS': 0.3487736611068249} in 126.78148436546326 s 
Epoch 2 Better models found w.r.t HITS. Saved it!
====================================================================================================
Epoch 3 Loss:1.405073559148389 in 348.3113088607788 s 
Epoch 3 Valid Performance:{'rank_IC': 0.10768310045609213, 'rank_MRR': 0.0020160178717924283, 'rank_MR': 0.0005961354283758091, 'rank_HITS': 0.3450177113711834} in 1097.367118358612 s 
====================================================================================================
Epoch 4 Loss:1.4039170855915828 in 344.10504627227783 s 
Epoch 4 Valid Performance:{'rank_IC': 0.1094243786271954, 'rank_MRR': 0.0019646364165237175, 'rank_MR': 0.0005965396563042523, 'rank_HITS': 0.3452730819582939} in 689.4194965362549 s 
====================================================================================================
Epoch 5 Loss:1.402427442025762 in 328.2758700847626 s 
Epoch 5 Valid Performance:{'rank_IC': 0.11157463773611326, 'rank_MRR': 0.001977725824690424, 'rank_MR': 0.0005974147421067797, 'rank_HITS': 0.3463271290063858} in 235.00031304359436 s 
====================================================================================================
Epoch 6 Loss:1.4006946397182922 in 317.1048102378845 s 
Epoch 6 Valid Performance:{'rank_IC': 0.1108901229117934, 'rank_MRR': 0.0018804399634245782, 'rank_MR': 0.000597515167530846, 'rank_HITS': 0.3377096247673035} in 632.1371648311615 s 
====================================================================================================
Epoch 7 Loss:1.4015664429543417 in 345.3159782886505 s 
Epoch 7 Valid Performance:{'rank_IC': 0.11631689619437108, 'rank_MRR': 0.0019184628361836075, 'rank_MR': 0.0005989797819101672, 'rank_HITS': 0.34433855295181276} in 61.79253077507019 s 
====================================================================================================
Epoch 8 Loss:1.4004111608635637 in 302.7308626174927 s 
Epoch 8 Valid Performance:{'rank_IC': 0.1134329929105418, 'rank_MRR': 0.0019557684380561114, 'rank_MR': 0.0005980597874616705, 'rank_HITS': 0.34410167604684827} in 4401.129281997681 s 
====================================================================================================
Epoch 9 Loss:1.3998988023669336 in 293.33862376213074 s 
Epoch 9 Valid Performance:{'rank_IC': 0.11852365519329013, 'rank_MRR': 0.0019886702130315825, 'rank_MR': 0.0005997241166571462, 'rank_HITS': 0.35061110109090804} in 58.57208061218262 s 
Epoch 9 Better models found w.r.t HITS. Saved it!
====================================================================================================
Epoch 10 Loss:1.3996133010289211 in 335.34440541267395 s 
Epoch 10 Valid Performance:{'rank_IC': 0.11960153671560925, 'rank_MRR': 0.0019285044097341597, 'rank_MR': 0.0005999944437526255, 'rank_HITS': 0.3423387585580349} in 131.38546204566956 s 
====================================================================================================
Epoch 11 Loss:1.3990129801811197 in 352.0160183906555 s 
Epoch 11 Valid Performance:{'rank_IC': 0.11277657624981349, 'rank_MRR': 0.001961045385687612, 'rank_MR': 0.0005976569704037369, 'rank_HITS': 0.34600751623511317} in 866.8117752075195 s 
====================================================================================================
Epoch 12 Loss:1.3996447656992546 in 347.38728761672974 s 
Epoch 12 Valid Performance:{'rank_IC': 0.1124038714685954, 'rank_MRR': 0.0019351963687222451, 'rank_MR': 0.0005983693436884864, 'rank_HITS': 0.3389705154299736} in 676.6336727142334 s 
====================================================================================================
Epoch 13 Loss:1.3995520655885274 in 345.02290654182434 s 
Epoch 13 Valid Performance:{'rank_IC': 0.11774873159786231, 'rank_MRR': 0.0019389755226438864, 'rank_MR': 0.0006001093782120551, 'rank_HITS': 0.3425072067975998} in 81.07297992706299 s 
====================================================================================================
Epoch 14 Loss:1.3993335212144176 in 280.97321462631226 s 
