============ Initialized logger ============
do_pre: False
do_plot: False
in_channel: 590
out_channel: 32
num_layers: 2
nheads: 5
dropout: 0.1
top_k: 500
pe: bert
epoch: 20
metric: HITS
neg_sample_num: 4000
exp_name: ./experiments/grid_search/loss_tr_reg_0.4_neg_4000
optimizer: Adam
loss: tr
reg: 0.4
lr: 0.001
l2: 0.005
margin: 1.5
num_workers: 32
batch_size: 2000
gpu: 4
valid_every: 1
early_stop: 10
init: 
seed: 822
============================================
Total number of parameters: 6314245
Epoch 1 Loss:1.4139708245040867 in 185.26182413101196 s 
Epoch 1 Valid Performance:{'rank_IC': 0.11151022956047565, 'rank_MRR': 0.0019423070346238091, 'rank_MR': 0.0005970145984021756, 'rank_HITS': 0.3468348515033722} in 66.27787041664124 s 
Epoch 1 Better models found w.r.t HITS. Saved it!
====================================================================================================
Epoch 2 Loss:1.4035354649989256 in 204.43064498901367 s 
============ Initialized logger ============
do_pre: False
do_plot: False
in_channel: 590
out_channel: 32
num_layers: 2
nheads: 5
dropout: 0.1
top_k: 500
pe: bert
epoch: 20
metric: HITS
neg_sample_num: 4000
exp_name: ./experiments/grid_search/loss_tr_reg_0.4_neg_4000
optimizer: Adam
loss: tr
reg: 0.4
lr: 0.001
l2: 0.005
margin: 1.5
num_workers: 16
batch_size: 2000
gpu: 1
valid_every: 1
early_stop: 10
init: 
seed: 822
============================================
Total number of parameters: 6314245
Epoch 1 Loss:1.4140718043843035 in 119.27791786193848 s 
Epoch 1 Valid Performance:{'rank_IC': 0.11231638899095941, 'rank_MRR': 0.001921492672408931, 'rank_MR': 0.000597465525568193, 'rank_HITS': 0.34631805658340453} in 21.268146753311157 s 
Epoch 1 Better models found w.r.t HITS. Saved it!
====================================================================================================
Epoch 2 Loss:1.403631142625466 in 126.75665712356567 s 
Epoch 2 Valid Performance:{'rank_IC': 0.10629540142488335, 'rank_MRR': 0.0019782222795765845, 'rank_MR': 0.0005956444757781812, 'rank_HITS': 0.3425172309577465} in 28.660579204559326 s 
====================================================================================================
Epoch 3 Loss:1.402708755053521 in 120.35871720314026 s 
Epoch 3 Valid Performance:{'rank_IC': 0.10900557762115146, 'rank_MRR': 0.001906577160116285, 'rank_MR': 0.0005967268338543936, 'rank_HITS': 0.33704110234975815} in 21.24511694908142 s 
====================================================================================================
Epoch 4 Loss:1.3999839613669594 in 148.49742674827576 s 
Epoch 4 Valid Performance:{'rank_IC': 0.11246375830484916, 'rank_MRR': 0.0019543753715697675, 'rank_MR': 0.0005977517686933597, 'rank_HITS': 0.3446571871638298} in 35.6956992149353 s 
====================================================================================================
Epoch 5 Loss:1.3984882280974926 in 158.05711674690247 s 
Epoch 5 Valid Performance:{'rank_IC': 0.11505803302935845, 'rank_MRR': 0.0019356810755562037, 'rank_MR': 0.0005986506605574016, 'rank_HITS': 0.34300375074148176} in 35.278701305389404 s 
====================================================================================================
Epoch 6 Loss:1.3978847607931058 in 160.4558720588684 s 
Epoch 6 Valid Performance:{'rank_IC': 0.11755253182049491, 'rank_MRR': 0.0019265968084800989, 'rank_MR': 0.0005990090992882319, 'rank_HITS': 0.34457937940955163} in 35.583049297332764 s 
====================================================================================================
Epoch 7 Loss:1.3984091993385401 in 165.9411699771881 s 
Epoch 7 Valid Performance:{'rank_IC': 0.11593761928263117, 'rank_MRR': 0.0019657029490917923, 'rank_MR': 0.0005988477849164494, 'rank_HITS': 0.3438062430918217} in 36.24704313278198 s 
====================================================================================================
Epoch 8 Loss:1.39843102550423 in 167.53652834892273 s 
Epoch 8 Valid Performance:{'rank_IC': 0.112413706093243, 'rank_MRR': 0.001955820707953535, 'rank_MR': 0.0005971681599171661, 'rank_HITS': 0.34337412476539614} in 36.154356479644775 s 
====================================================================================================
Epoch 9 Loss:1.397413766770693 in 165.10249280929565 s 
Epoch 9 Valid Performance:{'rank_IC': 0.11405758742735635, 'rank_MRR': 0.0020131384866544978, 'rank_MR': 0.0005975276577614913, 'rank_HITS': 0.3497573480010033} in 36.6035943031311 s 
Epoch 9 Better models found w.r.t HITS. Saved it!
====================================================================================================
Epoch 10 Loss:1.397365691262729 in 166.2654309272766 s 
Epoch 10 Valid Performance:{'rank_IC': 0.11195068247757983, 'rank_MRR': 0.0018785830211709253, 'rank_MR': 0.0005979554604269473, 'rank_HITS': 0.33999439880251886} in 36.332290172576904 s 
====================================================================================================
Epoch 11 Loss:1.3978799899140542 in 166.05946278572083 s 
Epoch 11 Valid Performance:{'rank_IC': 0.11600379444550576, 'rank_MRR': 0.0020191302383318543, 'rank_MR': 0.0005985357820868605, 'rank_HITS': 0.3506286984682083} in 37.34992694854736 s 
Epoch 11 Better models found w.r.t HITS. Saved it!
====================================================================================================
Epoch 12 Loss:1.3975935419017447 in 163.45843529701233 s 
Epoch 12 Valid Performance:{'rank_IC': 0.11219652884710013, 'rank_MRR': 0.0020335947140119968, 'rank_MR': 0.0005972665722757279, 'rank_HITS': 0.34738949984312056} in 37.9615375995636 s 
====================================================================================================
Epoch 13 Loss:1.3971084791980848 in 164.74130415916443 s 
Epoch 13 Valid Performance:{'rank_IC': 0.11485573141808007, 'rank_MRR': 0.0019385544047690927, 'rank_MR': 0.0005983753073183485, 'rank_HITS': 0.3441589218378067} in 37.5772910118103 s 
====================================================================================================
Epoch 14 Loss:1.39767043962487 in 165.70838809013367 s 
Epoch 14 Valid Performance:{'rank_IC': 0.11159659077136495, 'rank_MRR': 0.0019638011581264436, 'rank_MR': 0.000597382449278244, 'rank_HITS': 0.3417684282362461} in 37.54204082489014 s 
====================================================================================================
Epoch 15 Loss:1.3969694532708679 in 155.0646493434906 s 
Epoch 15 Valid Performance:{'rank_IC': 0.11543413309374412, 'rank_MRR': 0.001965538142831065, 'rank_MR': 0.0005984370728108193, 'rank_HITS': 0.3467281386256218} in 32.01114010810852 s 
====================================================================================================
Epoch 16 Loss:1.3978223230209819 in 146.2374231815338 s 
Epoch 16 Valid Performance:{'rank_IC': 0.11320343075811114, 'rank_MRR': 0.001960114270041231, 'rank_MR': 0.0005980498168554748, 'rank_HITS': 0.3430525852739811} in 32.04447937011719 s 
====================================================================================================
Epoch 17 Loss:1.3974517796981971 in 146.2644591331482 s 
Epoch 17 Valid Performance:{'rank_IC': 0.11239902202566, 'rank_MRR': 0.0019993714382871984, 'rank_MR': 0.0005973645117784181, 'rank_HITS': 0.3463654120266437} in 33.76592421531677 s 
====================================================================================================
Epoch 18 Loss:1.3975102837727218 in 148.91724348068237 s 
Epoch 18 Valid Performance:{'rank_IC': 0.11372539069576883, 'rank_MRR': 0.0020097327447729184, 'rank_MR': 0.000597753474543405, 'rank_HITS': 0.34684142231941223} in 36.66198945045471 s 
====================================================================================================
Epoch 19 Loss:1.3971948710373887 in 155.71281552314758 s 
Epoch 19 Valid Performance:{'rank_IC': 0.11402981464450698, 'rank_MRR': 0.002046451541245915, 'rank_MR': 0.000597613745312526, 'rank_HITS': 0.3480438579618931} in 33.69173741340637 s 
====================================================================================================
Epoch 20 Loss:1.3967616991658256 in 168.57296800613403 s 
Epoch 20 Valid Performance:{'rank_IC': 0.11596070409605336, 'rank_MRR': 0.0020466175107867455, 'rank_MR': 0.0005987715095864543, 'rank_HITS': 0.3467613881826401} in 40.811214208602905 s 
====================================================================================================
Test Performance:{'rank_IC': 0.09154953748752169, 'rank_MRR': 0.0015612143952464916, 'rank_MR': 0.00046850120210599434, 'rank_HITS': 0.3421178881910222} in 64.89833927154541 s 
