============ Initialized logger ============
do_pre: False
do_plot: False
in_channel: 590
out_channel: 32
num_layers: 2
nheads: 5
dropout: 0.1
top_k: 500
pe: bert
epoch: 20
metric: HITS
neg_sample_num: 4000
exp_name: ./experiments/grid_search/loss_mse_reg_0.2_neg_4000
optimizer: Adam
loss: mse
reg: 0.2
lr: 0.001
l2: 0.005
margin: 1.5
num_workers: 32
batch_size: 2000
gpu: 3
valid_every: 1
early_stop: 10
init: 
seed: 822
============================================
Total number of parameters: 6314245
Epoch 1 Loss:1.0215322106266942 in 368.7221841812134 s 
Epoch 1 Valid Performance:{'rank_IC': 0.12065401597954409, 'rank_MRR': 0.0020133873645681887, 'rank_MR': 0.0006012729153130381, 'rank_HITS': 0.3506189189851284} in 78.11527824401855 s 
Epoch 1 Better models found w.r.t HITS. Saved it!
====================================================================================================
Epoch 2 Loss:1.0128311874258424 in 352.11185336112976 s 
Epoch 2 Valid Performance:{'rank_IC': 0.11638382823711513, 'rank_MRR': 0.0020082848239690067, 'rank_MR': 0.0005991282487976124, 'rank_HITS': 0.3387876883894205} in 58.86374306678772 s 
====================================================================================================
Epoch 3 Loss:1.0113020716373802 in 355.14514899253845 s 
Epoch 3 Valid Performance:{'rank_IC': 0.1195469085455937, 'rank_MRR': 0.0019912364523042925, 'rank_MR': 0.0006003346887874903, 'rank_HITS': 0.33866350300610065} in 62.29404854774475 s 
====================================================================================================
Epoch 4 Loss:1.0098461546362962 in 356.09522438049316 s 
Epoch 4 Valid Performance:{'rank_IC': 0.11897084958531585, 'rank_MRR': 0.002164271243964322, 'rank_MR': 0.000599681214093035, 'rank_HITS': 0.3466479304432869} in 74.26524567604065 s 
====================================================================================================
Epoch 5 Loss:1.0090884791456953 in 357.63008666038513 s 
Epoch 5 Valid Performance:{'rank_IC': 0.11923611783466961, 'rank_MRR': 0.0020179150317562746, 'rank_MR': 0.000599763555737629, 'rank_HITS': 0.3381280843168497} in 54.69262075424194 s 
====================================================================================================
Epoch 6 Loss:1.0086703089430706 in 352.18426871299744 s 
Epoch 6 Valid Performance:{'rank_IC': 0.12206705312860121, 'rank_MRR': 0.00217996527266223, 'rank_MR': 0.0006007018192499878, 'rank_HITS': 0.35040955632925036} in 55.34938073158264 s 
====================================================================================================
Epoch 7 Loss:1.008189878789716 in 353.11177039146423 s 
Epoch 7 Valid Performance:{'rank_IC': 0.12185443468680457, 'rank_MRR': 0.002191415802226402, 'rank_MR': 0.000600149771287534, 'rank_HITS': 0.34844488129019735} in 55.546053647994995 s 
====================================================================================================
Epoch 8 Loss:1.0080834303269983 in 353.69354009628296 s 
Epoch 8 Valid Performance:{'rank_IC': 0.12176212583435628, 'rank_MRR': 0.002122679966269061, 'rank_MR': 0.0006008171478453542, 'rank_HITS': 0.3450885571539402} in 58.3667995929718 s 
====================================================================================================
Epoch 9 Loss:1.0075535509901858 in 348.4766011238098 s 
Epoch 9 Valid Performance:{'rank_IC': 0.12446522938620339, 'rank_MRR': 0.002130321231088601, 'rank_MR': 0.0006014642057252574, 'rank_HITS': 0.350179845392704} in 50.1669397354126 s 
====================================================================================================
Epoch 10 Loss:1.007105956831906 in 347.9073486328125 s 
Epoch 10 Valid Performance:{'rank_IC': 0.12178759655896208, 'rank_MRR': 0.0020410857832757756, 'rank_MR': 0.0006001722044390639, 'rank_HITS': 0.3429346379637718} in 75.93006157875061 s 
====================================================================================================
Epoch 11 Loss:1.0074892375784732 in 352.4003827571869 s 
Epoch 11 Valid Performance:{'rank_IC': 0.12205049457609406, 'rank_MRR': 0.002246638195356354, 'rank_MR': 0.000599922193416278, 'rank_HITS': 0.35212671041488647} in 54.93809509277344 s 
Epoch 11 Better models found w.r.t HITS. Saved it!
====================================================================================================
Epoch 12 Loss:1.0070704553965202 in 352.9342637062073 s 
Epoch 12 Valid Performance:{'rank_IC': 0.12272944874784752, 'rank_MRR': 0.0022265733120730145, 'rank_MR': 0.0006001609860048356, 'rank_HITS': 0.3559777757525444} in 61.443710803985596 s 
Epoch 12 Better models found w.r.t HITS. Saved it!
====================================================================================================
Epoch 13 Loss:1.0069916052947852 in 346.3037221431732 s 
Epoch 13 Valid Performance:{'rank_IC': 0.12337471189203587, 'rank_MRR': 0.0021415437432006, 'rank_MR': 0.0006018339428167458, 'rank_HITS': 0.3476834478974342} in 62.47942233085632 s 
====================================================================================================
Epoch 14 Loss:1.007230389494315 in 265.87881565093994 s 
Epoch 14 Valid Performance:{'rank_IC': 0.1246235340466032, 'rank_MRR': 0.0021281508140964436, 'rank_MR': 0.000600734167551283, 'rank_HITS': 0.3481672623753548} in 42.87226104736328 s 
====================================================================================================
Epoch 15 Loss:1.0068862547903705 in 243.6378333568573 s 
Epoch 15 Valid Performance:{'rank_IC': 0.12576786926248743, 'rank_MRR': 0.0020587021741084754, 'rank_MR': 0.0006008822980994054, 'rank_HITS': 0.3441540439426899} in 35.86131310462952 s 
====================================================================================================
Epoch 16 Loss:1.006989006772572 in 238.99289917945862 s 
Epoch 16 Valid Performance:{'rank_IC': 0.12422258135866297, 'rank_MRR': 0.002119634283008054, 'rank_MR': 0.0006012621058220279, 'rank_HITS': 0.3441267448663712} in 37.303107261657715 s 
====================================================================================================
Epoch 17 Loss:1.0072009927551544 in 238.7924222946167 s 
Epoch 17 Valid Performance:{'rank_IC': 0.1250481561547059, 'rank_MRR': 0.0021947326307417826, 'rank_MR': 0.0006007045024567469, 'rank_HITS': 0.35242673605680463} in 160.76433277130127 s 
====================================================================================================
Epoch 18 Loss:1.006837933550374 in 260.61276054382324 s 
Epoch 18 Valid Performance:{'rank_IC': 0.1274658293850593, 'rank_MRR': 0.0021195982885546982, 'rank_MR': 0.0006026492398789993, 'rank_HITS': 0.34972547948360444} in 40.04625964164734 s 
====================================================================================================
Epoch 19 Loss:1.0068023735551224 in 232.3749294281006 s 
Epoch 19 Valid Performance:{'rank_IC': 0.12320541845009818, 'rank_MRR': 0.0023419954645214603, 'rank_MR': 0.0005996213282981772, 'rank_HITS': 0.35741705536842344} in 41.03084444999695 s 
Epoch 19 Better models found w.r.t HITS. Saved it!
====================================================================================================
Epoch 20 Loss:1.0067398804097087 in 237.70042514801025 s 
Epoch 20 Valid Performance:{'rank_IC': 0.1256039527407703, 'rank_MRR': 0.0021785558958072214, 'rank_MR': 0.0006020125988868939, 'rank_HITS': 0.35274563163518907} in 51.82135248184204 s 
====================================================================================================
Test Performance:{'rank_IC': 0.09062713073159817, 'rank_MRR': 0.0017362461420072411, 'rank_MR': 0.00046650384010403354, 'rank_HITS': 0.3450027909899546} in 50.25145602226257 s 
