============ Initialized logger ============
do_pre: False
do_plot: False
in_channel: 590
out_channel: 32
num_layers: 2
nheads: 5
dropout: 0.1
top_k: 500
pe: bert
epoch: 20
metric: HITS
neg_sample_num: 2000
exp_name: ./experiments/grid_search/loss_mse_reg_0.3_neg_2000
optimizer: Adam
loss: mse
reg: 0.3
lr: 0.001
l2: 0.005
margin: 1.5
num_workers: 32
batch_size: 2000
gpu: 1
valid_every: 1
early_stop: 10
init: 
seed: 822
============================================
Total number of parameters: 6314245
Epoch 1 Loss:1.0604497112275006 in 367.47296118736267 s 
Epoch 1 Valid Performance:{'rank_IC': 0.1193788206434969, 'rank_MRR': 0.0020591580279869957, 'rank_MR': 0.0006003484441570485, 'rank_HITS': 0.3490318615734577} in 79.52860403060913 s 
Epoch 1 Better models found w.r.t HITS. Saved it!
====================================================================================================
Epoch 2 Loss:1.0491426842553275 in 344.6452114582062 s 
Epoch 2 Valid Performance:{'rank_IC': 0.109013370108356, 'rank_MRR': 0.0021648693585302682, 'rank_MR': 0.0005958682054208053, 'rank_HITS': 0.34949774339795114} in 62.56233096122742 s 
Epoch 2 Better models found w.r.t HITS. Saved it!
====================================================================================================
Epoch 3 Loss:1.0475593165385944 in 348.4712598323822 s 
Epoch 3 Valid Performance:{'rank_IC': 0.11769048074914598, 'rank_MRR': 0.0020941385289188473, 'rank_MR': 0.0005987491615465232, 'rank_HITS': 0.34696421533823013} in 77.31458473205566 s 
====================================================================================================
Epoch 4 Loss:1.0453965069430633 in 344.47442054748535 s 
Epoch 4 Valid Performance:{'rank_IC': 0.11746440644632923, 'rank_MRR': 0.0020673480443656445, 'rank_MR': 0.0005987262651244946, 'rank_HITS': 0.34622397303581237} in 75.24724388122559 s 
====================================================================================================
Epoch 5 Loss:1.0443624617967764 in 340.9737915992737 s 
Epoch 5 Valid Performance:{'rank_IC': 0.1206973839031769, 'rank_MRR': 0.0021742415148764847, 'rank_MR': 0.000600493878139922, 'rank_HITS': 0.35552380204200745} in 65.72425675392151 s 
Epoch 5 Better models found w.r.t HITS. Saved it!
====================================================================================================
Epoch 6 Loss:1.0438910237432675 in 343.4842176437378 s 
Epoch 6 Valid Performance:{'rank_IC': 0.12265857545997846, 'rank_MRR': 0.002059599066560622, 'rank_MR': 0.0006013418948788581, 'rank_HITS': 0.3435158997774124} in 69.64712977409363 s 
====================================================================================================
Epoch 7 Loss:1.043732021483907 in 341.5346279144287 s 
Epoch 7 Valid Performance:{'rank_IC': 0.12156741442427695, 'rank_MRR': 0.002145276333903894, 'rank_MR': 0.0006008933841803809, 'rank_HITS': 0.34905938535928727} in 71.47211384773254 s 
====================================================================================================
Epoch 8 Loss:1.043362462290748 in 347.5638370513916 s 
Epoch 8 Valid Performance:{'rank_IC': 0.12265918358920444, 'rank_MRR': 0.00201590300508542, 'rank_MR': 0.0006007793800451312, 'rank_HITS': 0.3464973923563957} in 55.065792083740234 s 
====================================================================================================
Epoch 9 Loss:1.0432673812330449 in 345.0392847061157 s 
Epoch 9 Valid Performance:{'rank_IC': 0.12153266686122813, 'rank_MRR': 0.0020984211505856365, 'rank_MR': 0.0005998196169173012, 'rank_HITS': 0.3468684132397175} in 56.11203074455261 s 
====================================================================================================
Epoch 10 Loss:1.04313436691224 in 343.3773238658905 s 
Epoch 10 Valid Performance:{'rank_IC': 0.12277601397711294, 'rank_MRR': 0.002050807066261768, 'rank_MR': 0.000600886713089576, 'rank_HITS': 0.33994462035596373} in 63.64378333091736 s 
====================================================================================================
Epoch 11 Loss:1.043351798753379 in 340.94749212265015 s 
Epoch 11 Valid Performance:{'rank_IC': 0.12382371847364387, 'rank_MRR': 0.0020569152937969194, 'rank_MR': 0.0006014738892985618, 'rank_HITS': 0.3496432676911354} in 54.36105513572693 s 
====================================================================================================
Epoch 12 Loss:1.0433413432837577 in 341.31216526031494 s 
Epoch 12 Valid Performance:{'rank_IC': 0.12298203074069082, 'rank_MRR': 0.002114638370112516, 'rank_MR': 0.0006006023799929453, 'rank_HITS': 0.34785236343741416} in 78.34609127044678 s 
====================================================================================================
Epoch 13 Loss:1.0430379375671734 in 264.74807238578796 s 
Epoch 13 Valid Performance:{'rank_IC': 0.12301127717504048, 'rank_MRR': 0.0021263856161385774, 'rank_MR': 0.0006008009166863733, 'rank_HITS': 0.3483344434201717} in 39.367775201797485 s 
====================================================================================================
Epoch 14 Loss:1.043155400508543 in 258.97121143341064 s 
Epoch 14 Valid Performance:{'rank_IC': 0.12119014342911778, 'rank_MRR': 0.0019988572961301544, 'rank_MR': 0.0005998944763500849, 'rank_HITS': 0.34099084734916685} in 42.284297704696655 s 
====================================================================================================
Epoch 15 Loss:1.0429665454117276 in 239.2327642440796 s 
Epoch 15 Valid Performance:{'rank_IC': 0.12132906448679939, 'rank_MRR': 0.002139458280289546, 'rank_MR': 0.0005996826122675888, 'rank_HITS': 0.3484496878087521} in 41.8688325881958 s 
Validation performance didn't improve for 10 epochs. Training stops.
Test Performance:{'rank_IC': 0.09358110267860771, 'rank_MRR': 0.0016685091197194363, 'rank_MR': 0.0004686134199760985, 'rank_HITS': 0.34715277978703996} in 54.70784306526184 s 
