============ Initialized logger ============
do_pre: False
do_plot: False
in_channel: 590
out_channel: 32
num_layers: 2
nheads: 5
dropout: 0.1
top_k: 500
pe: bert
epoch: 20
metric: HITS
neg_sample_num: 1000
exp_name: ./experiments/grid_search/loss_tr_reg_0.2_neg_1000
optimizer: Adam
loss: tr
reg: 0.2
lr: 0.001
l2: 0.005
margin: 1.5
num_workers: 32
batch_size: 2000
gpu: 3
valid_every: 1
early_stop: 10
init: 
seed: 822
============================================
Total number of parameters: 6314245
Epoch 1 Loss:1.4418495097356758 in 446.1810100078583 s 
Epoch 1 Valid Performance:{'rank_IC': 0.11510891192390499, 'rank_MRR': 0.001906002339965198, 'rank_MR': 0.0005988189954639571, 'rank_HITS': 0.3436583061516285} in 127.01689839363098 s 
Epoch 1 Better models found w.r.t HITS. Saved it!
====================================================================================================
Epoch 2 Loss:1.440178541526995 in 364.1467761993408 s 
Epoch 2 Valid Performance:{'rank_IC': 0.11225094393380271, 'rank_MRR': 0.002031125278735999, 'rank_MR': 0.0005985727283914609, 'rank_HITS': 0.34562355309724807} in 57.80467963218689 s 
Epoch 2 Better models found w.r.t HITS. Saved it!
====================================================================================================
Epoch 3 Loss:1.4387803591729047 in 337.17967557907104 s 
Epoch 3 Valid Performance:{'rank_IC': 0.11874672953372421, 'rank_MRR': 0.0020856798061868174, 'rank_MR': 0.0006005662079119282, 'rank_HITS': 0.3485752975940704} in 61.267630100250244 s 
Epoch 3 Better models found w.r.t HITS. Saved it!
====================================================================================================
Epoch 4 Loss:1.4369760483216028 in 322.49828577041626 s 
Epoch 4 Valid Performance:{'rank_IC': 0.11788238602192322, 'rank_MRR': 0.0020986091182567178, 'rank_MR': 0.0006004406049577478, 'rank_HITS': 0.3514535675942898} in 87.72739744186401 s 
Epoch 4 Better models found w.r.t HITS. Saved it!
====================================================================================================
Epoch 5 Loss:1.435444479653127 in 321.0534210205078 s 
Epoch 5 Valid Performance:{'rank_IC': 0.12143100057877881, 'rank_MRR': 0.002057060379302129, 'rank_MR': 0.0006012850701659509, 'rank_HITS': 0.3495621836185455} in 86.45384073257446 s 
====================================================================================================
Epoch 6 Loss:1.4347673536496242 in 326.5775375366211 s 
Epoch 6 Valid Performance:{'rank_IC': 0.1210455728125799, 'rank_MRR': 0.0019649764298810624, 'rank_MR': 0.0006015598192771404, 'rank_HITS': 0.3417667531967163} in 94.74739956855774 s 
====================================================================================================
Epoch 7 Loss:1.4348874678223098 in 334.4425585269928 s 
Epoch 7 Valid Performance:{'rank_IC': 0.12387396215034842, 'rank_MRR': 0.001910611788625829, 'rank_MR': 0.0006023207989470709, 'rank_HITS': 0.34385053247213365} in 63.79862976074219 s 
====================================================================================================
Epoch 8 Loss:1.434390557533184 in 325.7545564174652 s 
Epoch 8 Valid Performance:{'rank_IC': 0.12174773028801407, 'rank_MRR': 0.001980363324692007, 'rank_MR': 0.0006017381019971205, 'rank_HITS': 0.34465922340750693} in 73.12710475921631 s 
====================================================================================================
Epoch 9 Loss:1.4346505684564241 in 337.4804735183716 s 
Epoch 9 Valid Performance:{'rank_IC': 0.12357687198176254, 'rank_MRR': 0.0020091336575569583, 'rank_MR': 0.0006021059409386741, 'rank_HITS': 0.35040573835372923} in 62.40009117126465 s 
====================================================================================================
Epoch 10 Loss:1.434820140588712 in 340.18390941619873 s 
Epoch 10 Valid Performance:{'rank_IC': 0.1216838926220516, 'rank_MRR': 0.0020066201005829497, 'rank_MR': 0.0006019151333358075, 'rank_HITS': 0.3450622463226318} in 95.48258066177368 s 
====================================================================================================
Epoch 11 Loss:1.4344717465817771 in 343.12056517601013 s 
Epoch 11 Valid Performance:{'rank_IC': 0.12093020406064553, 'rank_MRR': 0.002017180293041747, 'rank_MR': 0.0006013933649984951, 'rank_HITS': 0.34589310601353646} in 59.68035626411438 s 
====================================================================================================
Epoch 12 Loss:1.4347570190087 in 387.11630177497864 s 
Epoch 12 Valid Performance:{'rank_IC': 0.12113011189767336, 'rank_MRR': 0.001984034241759218, 'rank_MR': 0.000601822107968783, 'rank_HITS': 0.3429167804121971} in 3056.4182918071747 s 
====================================================================================================
Epoch 13 Loss:1.4345880939080775 in 291.7921440601349 s 
Epoch 13 Valid Performance:{'rank_IC': 0.12197946291393197, 'rank_MRR': 0.0019726027446449732, 'rank_MR': 0.0006022287038303541, 'rank_HITS': 0.34210368007421493} in 3341.8101918697357 s 
====================================================================================================
Epoch 14 Loss:1.4347123144803393 in 300.83570432662964 s 
Epoch 14 Valid Performance:{'rank_IC': 0.12207777589345127, 'rank_MRR': 0.0020058349505416117, 'rank_MR': 0.0006015198220694968, 'rank_HITS': 0.3484388203918934} in 4325.933155536652 s 
Validation performance didn't improve for 10 epochs. Training stops.
Test Performance:{'rank_IC': 0.09063831803177645, 'rank_MRR': 0.001587139620553425, 'rank_MR': 0.00046808893673647747, 'rank_HITS': 0.34124890567103694} in 9533.846079587936 s 
