============ Initialized logger ============
do_pre: False
do_plot: False
in_channel: 590
out_channel: 32
num_layers: 2
nheads: 5
dropout: 0.1
top_k: 500
pe: bert
epoch: 20
metric: HITS
neg_sample_num: 1000
exp_name: ./experiments/grid_search/loss_mse_reg_0.1_neg_1000
optimizer: Adam
loss: mse
reg: 0.1
lr: 0.001
l2: 0.005
margin: 1.5
num_workers: 32
batch_size: 2000
gpu: 3
valid_every: 1
early_stop: 10
init: 
seed: 822
============================================
Total number of parameters: 6314245
Epoch 1 Loss:0.982377401733482 in 358.07871747016907 s 
Epoch 1 Valid Performance:{'rank_IC': 0.1213384911000139, 'rank_MRR': 0.0020459247851977126, 'rank_MR': 0.0006012096380483645, 'rank_HITS': 0.35119475960731505} in 55.22481608390808 s 
Epoch 1 Better models found w.r.t HITS. Saved it!
====================================================================================================
Epoch 2 Loss:0.9777529840924885 in 351.135427236557 s 
Epoch 2 Valid Performance:{'rank_IC': 0.11571288962578312, 'rank_MRR': 0.0020425554623943755, 'rank_MR': 0.0005985418861345365, 'rank_HITS': 0.3437494552135468} in 57.820828914642334 s 
====================================================================================================
Epoch 3 Loss:0.9762942490611131 in 355.45245575904846 s 
Epoch 3 Valid Performance:{'rank_IC': 0.11814049396219899, 'rank_MRR': 0.002149022346129641, 'rank_MR': 0.0005987380914272532, 'rank_HITS': 0.34828286796808244} in 62.70869851112366 s 
====================================================================================================
Epoch 4 Loss:0.9749289499261106 in 355.98943996429443 s 
Epoch 4 Valid Performance:{'rank_IC': 0.12100521110773954, 'rank_MRR': 0.0021016471047187223, 'rank_MR': 0.0006003979021296965, 'rank_HITS': 0.34900739312171936} in 55.331403732299805 s 
====================================================================================================
Epoch 5 Loss:0.9735809050036772 in 350.6173186302185 s 
Epoch 5 Valid Performance:{'rank_IC': 0.12421996631068645, 'rank_MRR': 0.0020522214693482967, 'rank_MR': 0.0006014619261917304, 'rank_HITS': 0.347171119004488} in 56.199135541915894 s 
====================================================================================================
Epoch 6 Loss:0.9729358630677674 in 399.81492376327515 s 
Epoch 6 Valid Performance:{'rank_IC': 0.12150051044697946, 'rank_MRR': 0.0020395855396054684, 'rank_MR': 0.0006001938290510249, 'rank_HITS': 0.3473500867187977} in 60.072877645492554 s 
====================================================================================================
Epoch 7 Loss:0.9727947394331748 in 425.6950695514679 s 
Epoch 7 Valid Performance:{'rank_IC': 0.12524803678611424, 'rank_MRR': 0.0019048709512571804, 'rank_MR': 0.0006020327323609194, 'rank_HITS': 0.3422322729229927} in 58.191774129867554 s 
====================================================================================================
Epoch 8 Loss:0.9724124804805184 in 422.16770458221436 s 
Epoch 8 Valid Performance:{'rank_IC': 0.12204046904622995, 'rank_MRR': 0.0019255076994886622, 'rank_MR': 0.0006009419167417583, 'rank_HITS': 0.33787790141999724} in 59.10874366760254 s 
====================================================================================================
Epoch 9 Loss:0.9726490880918545 in 391.471883058548 s 
Epoch 9 Valid Performance:{'rank_IC': 0.12548754490993938, 'rank_MRR': 0.0020001609367318453, 'rank_MR': 0.0006015635683562582, 'rank_HITS': 0.35395239785313604} in 54.97105097770691 s 
Epoch 9 Better models found w.r.t HITS. Saved it!
====================================================================================================
Epoch 10 Loss:0.9723444718942634 in 346.2866461277008 s 
Epoch 10 Valid Performance:{'rank_IC': 0.12621730418502417, 'rank_MRR': 0.0020150663820095362, 'rank_MR': 0.0006025013332677132, 'rank_HITS': 0.3483009883761406} in 63.82504725456238 s 
====================================================================================================
Epoch 11 Loss:0.9724124552491044 in 341.0045795440674 s 
Epoch 11 Valid Performance:{'rank_IC': 0.12429708798126697, 'rank_MRR': 0.002120052764075808, 'rank_MR': 0.0006013880701769048, 'rank_HITS': 0.35411852315068243} in 57.79562044143677 s 
Epoch 11 Better models found w.r.t HITS. Saved it!
====================================================================================================
Epoch 12 Loss:0.9721501479537522 in 338.4538404941559 s 
Epoch 12 Valid Performance:{'rank_IC': 0.12275783089674054, 'rank_MRR': 0.002023536748602055, 'rank_MR': 0.0006014407353498118, 'rank_HITS': 0.34469998098909854} in 57.9661328792572 s 
====================================================================================================
Epoch 13 Loss:0.972927897463338 in 340.4787120819092 s 
Epoch 13 Valid Performance:{'rank_IC': 0.1258711402950272, 'rank_MRR': 0.0020150443009333686, 'rank_MR': 0.0006021156100037085, 'rank_HITS': 0.3451578250527382} in 61.31512188911438 s 
====================================================================================================
Epoch 14 Loss:0.9723076238431605 in 333.1332187652588 s 
Epoch 14 Valid Performance:{'rank_IC': 0.12530828192581864, 'rank_MRR': 0.002104311918374151, 'rank_MR': 0.000601749937298494, 'rank_HITS': 0.3534385193884373} in 62.46442365646362 s 
====================================================================================================
Epoch 15 Loss:0.9723280836990483 in 330.6826751232147 s 
Epoch 15 Valid Performance:{'rank_IC': 0.12199656609206964, 'rank_MRR': 0.0019630250136833637, 'rank_MR': 0.0006014788235011363, 'rank_HITS': 0.3422014532983303} in 57.1432831287384 s 
====================================================================================================
Epoch 16 Loss:0.9722037063576902 in 328.3043441772461 s 
Epoch 16 Valid Performance:{'rank_IC': 0.12542431246278635, 'rank_MRR': 0.002007412778912112, 'rank_MR': 0.00060186379651174, 'rank_HITS': 0.3462430265545845} in 53.865070819854736 s 
====================================================================================================
Epoch 17 Loss:0.9722803310800497 in 331.66136479377747 s 
Epoch 17 Valid Performance:{'rank_IC': 0.12192040642267342, 'rank_MRR': 0.002069847928942181, 'rank_MR': 0.0006005995367571081, 'rank_HITS': 0.34749136671423914} in 64.94227814674377 s 
====================================================================================================
Epoch 18 Loss:0.9720489735356764 in 322.37715673446655 s 
Epoch 18 Valid Performance:{'rank_IC': 0.1256275492728472, 'rank_MRR': 0.0020694314932916315, 'rank_MR': 0.0006018966501858162, 'rank_HITS': 0.35441681891679766} in 64.27556228637695 s 
Epoch 18 Better models found w.r.t HITS. Saved it!
====================================================================================================
Epoch 19 Loss:0.9722113259835373 in 330.034686088562 s 
Epoch 19 Valid Performance:{'rank_IC': 0.12187393734554199, 'rank_MRR': 0.002090315332170576, 'rank_MR': 0.0006012846802444625, 'rank_HITS': 0.3490638467669487} in 55.90669631958008 s 
====================================================================================================
Epoch 20 Loss:0.9720781908340353 in 323.86792969703674 s 
Epoch 20 Valid Performance:{'rank_IC': 0.12254253606488003, 'rank_MRR': 0.002116244161152281, 'rank_MR': 0.0006007448805319879, 'rank_HITS': 0.3517711843550205} in 49.65133023262024 s 
====================================================================================================
Test Performance:{'rank_IC': 0.09580286816354132, 'rank_MRR': 0.001623139984873008, 'rank_MR': 0.00046863643988231284, 'rank_HITS': 0.345458481183722} in 66.2747871875763 s 
