============ Initialized logger ============
do_pre: False
do_plot: False
in_channel: 590
out_channel: 32
num_layers: 2
nheads: 5
dropout: 0.1
top_k: 500
pe: bert
epoch: 20
metric: HITS
neg_sample_num: 2000
exp_name: ./experiments/grid_search/loss_tr_reg_0.1_neg_2000
optimizer: Adam
loss: tr
reg: 0.1
lr: 0.001
l2: 0.005
margin: 1.5
num_workers: 32
batch_size: 2000
gpu: 1
valid_every: 1
early_stop: 10
init: 
seed: 822
============================================
Total number of parameters: 6314245
Epoch 1 Loss:1.4577575946042247 in 380.6625463962555 s 
Epoch 1 Valid Performance:{'rank_IC': 0.11441825066233062, 'rank_MRR': 0.0019103166824788785, 'rank_MR': 0.0005988372066843168, 'rank_HITS': 0.34045059472322464} in 58.32959485054016 s 
Epoch 1 Better models found w.r.t HITS. Saved it!
====================================================================================================
Epoch 2 Loss:1.4567428218179581 in 395.51087474823 s 
Epoch 2 Valid Performance:{'rank_IC': 0.11367061430569818, 'rank_MRR': 0.0021675506967585535, 'rank_MR': 0.0005988308263058203, 'rank_HITS': 0.3539289769530296} in 62.189099073410034 s 
Epoch 2 Better models found w.r.t HITS. Saved it!
====================================================================================================
Epoch 3 Loss:1.454133192558857 in 375.1306412220001 s 
Epoch 3 Valid Performance:{'rank_IC': 0.12218371486300224, 'rank_MRR': 0.0020814337651245294, 'rank_MR': 0.000601877618948276, 'rank_HITS': 0.3490029859542847} in 90.29963159561157 s 
====================================================================================================
Epoch 4 Loss:1.4519430388493249 in 386.9255132675171 s 
Epoch 4 Valid Performance:{'rank_IC': 0.12410265046812881, 'rank_MRR': 0.0019823222563718447, 'rank_MR': 0.0006027469661753817, 'rank_HITS': 0.3436133520305157} in 63.02386260032654 s 
====================================================================================================
Epoch 5 Loss:1.4515720680029531 in 383.365451335907 s 
Epoch 5 Valid Performance:{'rank_IC': 0.12556508494454346, 'rank_MRR': 0.0020476945565314963, 'rank_MR': 0.0006026734247349134, 'rank_HITS': 0.35359186932444575} in 87.02081179618835 s 
====================================================================================================
Epoch 6 Loss:1.4512721019079557 in 432.60151267051697 s 
Epoch 6 Valid Performance:{'rank_IC': 0.12320976414376006, 'rank_MRR': 0.0019613005639985202, 'rank_MR': 0.0006025231196228069, 'rank_HITS': 0.3465522088110447} in 98.77479553222656 s 
====================================================================================================
Epoch 7 Loss:1.450940169857637 in 430.6934356689453 s 
Epoch 7 Valid Performance:{'rank_IC': 0.12811174544848059, 'rank_MRR': 0.001995546023827046, 'rank_MR': 0.0006039322259456236, 'rank_HITS': 0.34626911357045176} in 72.29484438896179 s 
====================================================================================================
Epoch 8 Loss:1.4509091418004683 in 434.5064740180969 s 
Epoch 8 Valid Performance:{'rank_IC': 0.12769852939954807, 'rank_MRR': 0.0020788670697947965, 'rank_MR': 0.0006033174861351132, 'rank_HITS': 0.3492773871123791} in 73.23943829536438 s 
====================================================================================================
Epoch 9 Loss:1.450890533554251 in 437.16725516319275 s 
Epoch 9 Valid Performance:{'rank_IC': 0.12343356726259729, 'rank_MRR': 0.0020575568918138744, 'rank_MR': 0.0006016268165377036, 'rank_HITS': 0.3443398490548134} in 82.84464955329895 s 
====================================================================================================
Epoch 10 Loss:1.450632076635369 in 432.9584412574768 s 
Epoch 10 Valid Performance:{'rank_IC': 0.1277927420504801, 'rank_MRR': 0.0020715587318409236, 'rank_MR': 0.0006035691549919213, 'rank_HITS': 0.34989247754216196} in 257.9981019496918 s 
====================================================================================================
Epoch 11 Loss:1.4506803474125374 in 440.45176792144775 s 
Epoch 11 Valid Performance:{'rank_IC': 0.12897935824621992, 'rank_MRR': 0.0020623386988881977, 'rank_MR': 0.00060329209485247, 'rank_HITS': 0.34987478941679} in 4295.237323522568 s 
====================================================================================================
Epoch 12 Loss:1.450849192169651 in 458.92975521087646 s 
Epoch 12 Valid Performance:{'rank_IC': 0.1270150156785365, 'rank_MRR': 0.002099509873660281, 'rank_MR': 0.0006031830165851889, 'rank_HITS': 0.3470589369535446} in 3104.909891843796 s 
Validation performance didn't improve for 10 epochs. Training stops.
Test Performance:{'rank_IC': 0.0893619432552354, 'rank_MRR': 0.0016437413828535976, 'rank_MR': 0.00046816414701995944, 'rank_HITS': 0.344578315650136} in 9266.778687477112 s 
