============ Initialized logger ============
do_pre: False
do_plot: False
in_channel: 590
out_channel: 32
num_layers: 2
nheads: 5
dropout: 0.1
top_k: 500
pe: bert
epoch: 20
metric: HITS
neg_sample_num: 1000
exp_name: ./experiments/grid_search/loss_tr_reg_0.3_neg_1000
optimizer: Adam
loss: tr
reg: 0.3
lr: 0.001
l2: 0.005
margin: 1.5
num_workers: 32
batch_size: 2000
gpu: 3
valid_every: 1
early_stop: 10
init: 
seed: 822
============================================
Total number of parameters: 6314245
Epoch 1 Loss:1.431925668515833 in 364.9054946899414 s 
Epoch 1 Valid Performance:{'rank_IC': 0.11358799338649148, 'rank_MRR': 0.001913941782549955, 'rank_MR': 0.0005981177040181277, 'rank_HITS': 0.34536118775606156} in 1219.6382548809052 s 
Epoch 1 Better models found w.r.t HITS. Saved it!
====================================================================================================
Epoch 2 Loss:1.4229253586920387 in 356.4999074935913 s 
Epoch 2 Valid Performance:{'rank_IC': 0.1123985033549431, 'rank_MRR': 0.0019750142510747536, 'rank_MR': 0.0005980509325915498, 'rank_HITS': 0.34495442748069766} in 165.3951132297516 s 
====================================================================================================
Epoch 3 Loss:1.4216445976971117 in 352.99436140060425 s 
Epoch 3 Valid Performance:{'rank_IC': 0.1119965406952324, 'rank_MRR': 0.0020394006732385606, 'rank_MR': 0.0005976362663478355, 'rank_HITS': 0.3479005792737007} in 1044.7634119987488 s 
Epoch 3 Better models found w.r.t HITS. Saved it!
====================================================================================================
Epoch 4 Loss:1.4207769784877218 in 350.96624064445496 s 
Epoch 4 Valid Performance:{'rank_IC': 0.11311989639561418, 'rank_MRR': 0.0020031275833025577, 'rank_MR': 0.0005985610527263243, 'rank_HITS': 0.3459986923635006} in 686.8275108337402 s 
====================================================================================================
Epoch 5 Loss:1.4185905457587749 in 343.7548110485077 s 
Epoch 5 Valid Performance:{'rank_IC': 0.11801199296845746, 'rank_MRR': 0.002025082948966883, 'rank_MR': 0.0005995306273839993, 'rank_HITS': 0.34960952699184417} in 358.89812183380127 s 
Epoch 5 Better models found w.r.t HITS. Saved it!
====================================================================================================
Epoch 6 Loss:1.4176990516764567 in 327.9035725593567 s 
Epoch 6 Valid Performance:{'rank_IC': 0.11780665457319958, 'rank_MRR': 0.0019103183480910957, 'rank_MR': 0.0005996941433956338, 'rank_HITS': 0.34079160064458847} in 490.29589223861694 s 
====================================================================================================
Epoch 7 Loss:1.4179064863925435 in 350.1814012527466 s 
Epoch 7 Valid Performance:{'rank_IC': 0.12167259882803921, 'rank_MRR': 0.0019173472304828466, 'rank_MR': 0.0006009921334696594, 'rank_HITS': 0.3440227940678596} in 721.4209394454956 s 
====================================================================================================
Epoch 8 Loss:1.4167264532771264 in 347.9180724620819 s 
Epoch 8 Valid Performance:{'rank_IC': 0.11925039270766291, 'rank_MRR': 0.0019404578930698336, 'rank_MR': 0.0006005451624653245, 'rank_HITS': 0.34349747478961945} in 3964.244375705719 s 
====================================================================================================
Epoch 9 Loss:1.417124632259506 in 365.73374485969543 s 
Epoch 9 Valid Performance:{'rank_IC': 0.12160259846431436, 'rank_MRR': 0.0019855854439083487, 'rank_MR': 0.0006011181146214457, 'rank_HITS': 0.350966587215662} in 173.32397270202637 s 
Epoch 9 Better models found w.r.t HITS. Saved it!
====================================================================================================
Epoch 10 Loss:1.4167025499862083 in 358.43104553222656 s 
Epoch 10 Valid Performance:{'rank_IC': 0.12143146696373056, 'rank_MRR': 0.0019083810792653822, 'rank_MR': 0.0006011037441708805, 'rank_HITS': 0.34119908541440963} in 831.5291440486908 s 
====================================================================================================
Epoch 11 Loss:1.4167847818287709 in 361.62753772735596 s 
Epoch 11 Valid Performance:{'rank_IC': 0.11827559027383043, 'rank_MRR': 0.002039811282302253, 'rank_MR': 0.0005998395214005816, 'rank_HITS': 0.3474734815955162} in 692.3544471263885 s 
====================================================================================================
Epoch 12 Loss:1.417106762254165 in 355.26026916503906 s 
Epoch 12 Valid Performance:{'rank_IC': 0.11948937782794582, 'rank_MRR': 0.0019464110166882165, 'rank_MR': 0.0006009810300770691, 'rank_HITS': 0.3407886716723442} in 86.24611449241638 s 
====================================================================================================
Epoch 13 Loss:1.41713100979978 in 291.8710150718689 s 
