============ Initialized logger ============
do_pre: False
do_plot: False
in_channel: 590
out_channel: 32
num_layers: 2
nheads: 5
dropout: 0.1
top_k: 500
pe: bert
epoch: 20
metric: HITS
neg_sample_num: 1000
exp_name: ./experiments/grid_search/loss_mse_reg_0.4_neg_1000
optimizer: Adam
loss: mse
reg: 0.4
lr: 0.001
l2: 0.005
margin: 1.5
num_workers: 32
batch_size: 2000
gpu: 3
valid_every: 1
early_stop: 10
init: 
seed: 822
============================================
Total number of parameters: 6314245
Epoch 1 Loss:1.1022184466605225 in 360.61682057380676 s 
Epoch 1 Valid Performance:{'rank_IC': 0.11558060881217916, 'rank_MRR': 0.0020345731207635255, 'rank_MR': 0.0005988533432947576, 'rank_HITS': 0.3454261194169521} in 62.229862451553345 s 
Epoch 1 Better models found w.r.t HITS. Saved it!
====================================================================================================
Epoch 2 Loss:1.0858545805883448 in 352.38546538352966 s 
Epoch 2 Valid Performance:{'rank_IC': 0.10981542076332383, 'rank_MRR': 0.0021081352565670386, 'rank_MR': 0.0005962604190744516, 'rank_HITS': 0.35051643058657644} in 75.81780457496643 s 
Epoch 2 Better models found w.r.t HITS. Saved it!
====================================================================================================
Epoch 3 Loss:1.084211284293092 in 353.8550112247467 s 
Epoch 3 Valid Performance:{'rank_IC': 0.1157841418975526, 'rank_MRR': 0.0020827405276941137, 'rank_MR': 0.0005983792012575699, 'rank_HITS': 0.34891278475522997} in 57.51766657829285 s 
====================================================================================================
Epoch 4 Loss:1.0828400756265906 in 356.3208820819855 s 
Epoch 4 Valid Performance:{'rank_IC': 0.11492368937421701, 'rank_MRR': 0.002215153591823764, 'rank_MR': 0.0005986231059125936, 'rank_HITS': 0.3528417558968067} in 57.52635407447815 s 
Epoch 4 Better models found w.r.t HITS. Saved it!
====================================================================================================
Epoch 5 Loss:1.0817012125520096 in 354.12851572036743 s 
Epoch 5 Valid Performance:{'rank_IC': 0.11843691333596432, 'rank_MRR': 0.001973669298167806, 'rank_MR': 0.0005989191800805929, 'rank_HITS': 0.3409445194900036} in 88.38145732879639 s 
====================================================================================================
Epoch 6 Loss:1.0802087127692233 in 354.66503071784973 s 
Epoch 6 Valid Performance:{'rank_IC': 0.11526720998100716, 'rank_MRR': 0.002035453547141515, 'rank_MR': 0.0005982754972436306, 'rank_HITS': 0.34367183580994604} in 82.78911256790161 s 
====================================================================================================
Epoch 7 Loss:1.0811715327679954 in 359.32676696777344 s 
Epoch 7 Valid Performance:{'rank_IC': 0.12012358833050779, 'rank_MRR': 0.0021150513121392578, 'rank_MR': 0.0006000689433214498, 'rank_HITS': 0.3530197985470295} in 58.36475729942322 s 
Epoch 7 Better models found w.r.t HITS. Saved it!
====================================================================================================
Epoch 8 Loss:1.07935952482048 in 357.5107858181 s 
Epoch 8 Valid Performance:{'rank_IC': 0.11891840899586104, 'rank_MRR': 0.0019765284238383173, 'rank_MR': 0.0005993670845281871, 'rank_HITS': 0.33745243057608604} in 532.8463642597198 s 
====================================================================================================
Epoch 9 Loss:1.0802598170916518 in 353.29240107536316 s 
Epoch 9 Valid Performance:{'rank_IC': 0.12030384032732973, 'rank_MRR': 0.0020558044704375787, 'rank_MR': 0.0006001505521469879, 'rank_HITS': 0.35133470699191094} in 741.3145234584808 s 
====================================================================================================
Epoch 10 Loss:1.0800548855616898 in 356.691153049469 s 
Epoch 10 Valid Performance:{'rank_IC': 0.11864625458468123, 'rank_MRR': 0.002037380283290986, 'rank_MR': 0.000599490480146609, 'rank_HITS': 0.3400499539077282} in 582.2056088447571 s 
====================================================================================================
Epoch 11 Loss:1.0795456185662673 in 363.5573103427887 s 
Epoch 11 Valid Performance:{'rank_IC': 0.11790306774962848, 'rank_MRR': 0.0021119523199740796, 'rank_MR': 0.0005991673544910295, 'rank_HITS': 0.346099790930748} in 1126.0643284320831 s 
====================================================================================================
Epoch 12 Loss:1.0794666349417696 in 357.2257311344147 s 
Epoch 12 Valid Performance:{'rank_IC': 0.11320378832759234, 'rank_MRR': 0.002098438569228165, 'rank_MR': 0.0005975139858051632, 'rank_HITS': 0.3426373489946127} in 67.11193108558655 s 
====================================================================================================
Epoch 13 Loss:1.080950820268402 in 371.8979411125183 s 
Epoch 13 Valid Performance:{'rank_IC': 0.11436963987135097, 'rank_MRR': 0.001984032967011444, 'rank_MR': 0.000598369825118961, 'rank_HITS': 0.3346582318097353} in 69.2577817440033 s 
====================================================================================================
Epoch 14 Loss:1.0800091261721618 in 364.15058183670044 s 
Epoch 14 Valid Performance:{'rank_IC': 0.1123122225659748, 'rank_MRR': 0.002059077156591229, 'rank_MR': 0.0005975885609177489, 'rank_HITS': 0.3394801764935255} in 73.62374472618103 s 
====================================================================================================
Epoch 15 Loss:1.079827937507295 in 361.1701226234436 s 
Epoch 15 Valid Performance:{'rank_IC': 0.11858175709651012, 'rank_MRR': 0.0019384285472915507, 'rank_MR': 0.0005997239559652217, 'rank_HITS': 0.3367835479229689} in 90.30458569526672 s 
====================================================================================================
Epoch 16 Loss:1.079867135736631 in 365.84664487838745 s 
Epoch 16 Valid Performance:{'rank_IC': 0.11273936340997803, 'rank_MRR': 0.002018125890754163, 'rank_MR': 0.0005976646746756707, 'rank_HITS': 0.3392582878470421} in 90.92920637130737 s 
====================================================================================================
Epoch 17 Loss:1.0798837463653057 in 364.02978467941284 s 
Epoch 17 Valid Performance:{'rank_IC': 0.115126318373144, 'rank_MRR': 0.002041506183159072, 'rank_MR': 0.0005983048486246245, 'rank_HITS': 0.3409404043853283} in 60.117056131362915 s 
Validation performance didn't improve for 10 epochs. Training stops.
Test Performance:{'rank_IC': 0.09393458775083346, 'rank_MRR': 0.0016256720164390512, 'rank_MR': 0.0004687107554006808, 'rank_HITS': 0.3458284908705506} in 96.95802688598633 s 
