============ Initialized logger ============
do_pre: False
do_plot: False
in_channel: 590
out_channel: 32
num_layers: 2
nheads: 5
dropout: 0.1
top_k: 500
pe: bert
epoch: 20
metric: HITS
neg_sample_num: 500
exp_name: ./experiments/grid_search/loss_tr_reg_0.2_neg_500
optimizer: Adam
loss: tr
reg: 0.2
lr: 0.001
l2: 0.005
margin: 1.5
num_workers: 32
batch_size: 2000
gpu: 1
valid_every: 1
early_stop: 10
init: 
seed: 822
============================================
Total number of parameters: 6314245
Epoch 1 Loss:1.44685454195158 in 378.70049118995667 s 
Epoch 1 Valid Performance:{'rank_IC': 0.11427779869029774, 'rank_MRR': 0.0019245292470441199, 'rank_MR': 0.0005986528059610081, 'rank_HITS': 0.3462546579539776} in 57.236395597457886 s 
Epoch 1 Better models found w.r.t HITS. Saved it!
====================================================================================================
Epoch 2 Loss:1.4412978698452976 in 413.78986978530884 s 
Epoch 2 Valid Performance:{'rank_IC': 0.10944892112346398, 'rank_MRR': 0.0020443444233387707, 'rank_MR': 0.000596744680914338, 'rank_HITS': 0.3475855645537376} in 62.65894818305969 s 
Epoch 2 Better models found w.r.t HITS. Saved it!
====================================================================================================
Epoch 3 Loss:1.439066591647296 in 352.39833426475525 s 
Epoch 3 Valid Performance:{'rank_IC': 0.11720933901392844, 'rank_MRR': 0.002069525244878605, 'rank_MR': 0.0005999093305005427, 'rank_HITS': 0.3500711704790592} in 82.86767625808716 s 
Epoch 3 Better models found w.r.t HITS. Saved it!
====================================================================================================
Epoch 4 Loss:1.4382650958770833 in 341.9714107513428 s 
Epoch 4 Valid Performance:{'rank_IC': 0.11559591267724675, 'rank_MRR': 0.0019571426016045733, 'rank_MR': 0.000598635470148577, 'rank_HITS': 0.3436564838886261} in 73.94537782669067 s 
====================================================================================================
Epoch 5 Loss:1.4368760418620263 in 337.1005985736847 s 
Epoch 5 Valid Performance:{'rank_IC': 0.12059572087283973, 'rank_MRR': 0.0020109129819320514, 'rank_MR': 0.0006005879791506586, 'rank_HITS': 0.3500374138355255} in 78.21069645881653 s 
====================================================================================================
Epoch 6 Loss:1.4357838027838759 in 356.46040773391724 s 
Epoch 6 Valid Performance:{'rank_IC': 0.12056447008051512, 'rank_MRR': 0.0020010232453932988, 'rank_MR': 0.0006014260832185101, 'rank_HITS': 0.34270468845963475} in 95.48534870147705 s 
====================================================================================================
Epoch 7 Loss:1.435737891326757 in 341.89802145957947 s 
Epoch 7 Valid Performance:{'rank_IC': 0.12134118776026102, 'rank_MRR': 0.0019755620195064695, 'rank_MR': 0.0006016856521007824, 'rank_HITS': 0.3462727366387844} in 69.51707434654236 s 
====================================================================================================
Epoch 8 Loss:1.4354232777429192 in 358.2079656124115 s 
Epoch 8 Valid Performance:{'rank_IC': 0.1230546533456366, 'rank_MRR': 0.0019619863771367816, 'rank_MR': 0.0006018425532457691, 'rank_HITS': 0.344693158864975} in 68.53036069869995 s 
====================================================================================================
Epoch 9 Loss:1.4348725394968607 in 357.35385179519653 s 
Epoch 9 Valid Performance:{'rank_IC': 0.12247762534425938, 'rank_MRR': 0.0019732403935631736, 'rank_MR': 0.0006010450776940861, 'rank_HITS': 0.3452455036342144} in 64.65490794181824 s 
====================================================================================================
Epoch 10 Loss:1.4351363465202993 in 400.0154972076416 s 
Epoch 10 Valid Performance:{'rank_IC': 0.12268373636771734, 'rank_MRR': 0.001969559607678093, 'rank_MR': 0.000601989795701249, 'rank_HITS': 0.3421698834002018} in 56.424355268478394 s 
====================================================================================================
Epoch 11 Loss:1.4353538903095135 in 425.04559350013733 s 
Epoch 11 Valid Performance:{'rank_IC': 0.12233588898811831, 'rank_MRR': 0.002041074774460867, 'rank_MR': 0.0006012563007464846, 'rank_HITS': 0.34876814126968386} in 264.291392326355 s 
====================================================================================================
Epoch 12 Loss:1.435077185802142 in 414.70468497276306 s 
Epoch 12 Valid Performance:{'rank_IC': 0.11812275587889175, 'rank_MRR': 0.0019193890079623088, 'rank_MR': 0.0006002774756251695, 'rank_HITS': 0.3427207353711128} in 4320.81512260437 s 
====================================================================================================
Epoch 13 Loss:1.43520830494599 in 454.91007566452026 s 
Epoch 13 Valid Performance:{'rank_IC': 0.12369766887555912, 'rank_MRR': 0.001869226726121269, 'rank_MR': 0.0006029206248590605, 'rank_HITS': 0.33890541166067123} in 3306.1316528320312 s 
Validation performance didn't improve for 10 epochs. Training stops.
