============ Initialized logger ============
do_pre: False
do_plot: False
in_channel: 590
out_channel: 32
num_layers: 2
nheads: 5
dropout: 0.1
top_k: 500
pe: bert
epoch: 20
metric: HITS
neg_sample_num: 4000
exp_name: ./experiments/grid_search/loss_mse_reg_0.3_neg_4000
optimizer: Adam
loss: mse
reg: 0.3
lr: 0.001
l2: 0.005
margin: 1.5
num_workers: 32
batch_size: 2000
gpu: 3
valid_every: 1
early_stop: 10
init: 
seed: 822
============================================
Total number of parameters: 6314245
Epoch 1 Loss:1.0602287798989352 in 363.5875508785248 s 
Epoch 1 Valid Performance:{'rank_IC': 0.11962364628367637, 'rank_MRR': 0.0020580946060363204, 'rank_MR': 0.000600932073080479, 'rank_HITS': 0.3506698766350746} in 76.82255673408508 s 
Epoch 1 Better models found w.r.t HITS. Saved it!
====================================================================================================
Epoch 2 Loss:1.0486144988710269 in 351.7298414707184 s 
Epoch 2 Valid Performance:{'rank_IC': 0.11244932694178383, 'rank_MRR': 0.0019832128609414213, 'rank_MR': 0.000597583307379547, 'rank_HITS': 0.33807906046509745} in 57.627689599990845 s 
====================================================================================================
Epoch 3 Loss:1.0469636857561853 in 354.7280523777008 s 
Epoch 3 Valid Performance:{'rank_IC': 0.11567663724295564, 'rank_MRR': 0.0019960329405148513, 'rank_MR': 0.000598876578888535, 'rank_HITS': 0.3402413345128298} in 72.19495630264282 s 
====================================================================================================
Epoch 4 Loss:1.0455073847465615 in 354.92313146591187 s 
Epoch 4 Valid Performance:{'rank_IC': 0.11397995769115173, 'rank_MRR': 0.002198819545446895, 'rank_MR': 0.0005979277777146117, 'rank_HITS': 0.3492987114191055} in 75.72430634498596 s 
====================================================================================================
Epoch 5 Loss:1.0447238890044424 in 355.961651802063 s 
Epoch 5 Valid Performance:{'rank_IC': 0.11393390995733052, 'rank_MRR': 0.0020085504840244538, 'rank_MR': 0.0005974341054065973, 'rank_HITS': 0.3353985481709242} in 54.117180824279785 s 
====================================================================================================
Epoch 6 Loss:1.0442676818443954 in 350.0939507484436 s 
Epoch 6 Valid Performance:{'rank_IC': 0.11634053004684328, 'rank_MRR': 0.0021295378328068182, 'rank_MR': 0.0005989062776044083, 'rank_HITS': 0.34678849421441554} in 56.35690903663635 s 
====================================================================================================
Epoch 7 Loss:1.0442344108033244 in 348.89056968688965 s 
Epoch 7 Valid Performance:{'rank_IC': 0.11746038188355765, 'rank_MRR': 0.002184045525500551, 'rank_MR': 0.0005991762030099643, 'rank_HITS': 0.34742984026670454} in 65.96929383277893 s 
====================================================================================================
Epoch 8 Loss:1.0436671396079134 in 349.36715269088745 s 
Epoch 8 Valid Performance:{'rank_IC': 0.11661491652960326, 'rank_MRR': 0.0021047975434339604, 'rank_MR': 0.0005988660648703835, 'rank_HITS': 0.34198951482772827} in 53.988452196121216 s 
====================================================================================================
Epoch 9 Loss:1.0434222533241058 in 346.79915857315063 s 
Epoch 9 Valid Performance:{'rank_IC': 0.11917937686610153, 'rank_MRR': 0.0020783241040771825, 'rank_MR': 0.0005997308067423133, 'rank_HITS': 0.3461402449011803} in 51.32570266723633 s 
====================================================================================================
Epoch 10 Loss:1.0427449511186164 in 346.87572407722473 s 
Epoch 10 Valid Performance:{'rank_IC': 0.11918680291789442, 'rank_MRR': 0.002008092120231595, 'rank_MR': 0.0005990609532351491, 'rank_HITS': 0.34110475450754163} in 74.726003408432 s 
====================================================================================================
Epoch 11 Loss:1.043100851654066 in 349.91473174095154 s 
Epoch 11 Valid Performance:{'rank_IC': 0.11747285025558134, 'rank_MRR': 0.002187557510915212, 'rank_MR': 0.0005986159993710148, 'rank_HITS': 0.3509756872057915} in 56.37775731086731 s 
Epoch 11 Better models found w.r.t HITS. Saved it!
====================================================================================================
Epoch 12 Loss:1.0426213155181443 in 352.82729959487915 s 
Epoch 12 Valid Performance:{'rank_IC': 0.118679213131978, 'rank_MRR': 0.002242359138908796, 'rank_MR': 0.0005983682394389442, 'rank_HITS': 0.35936956480145454} in 55.30015850067139 s 
Epoch 12 Better models found w.r.t HITS. Saved it!
====================================================================================================
Epoch 13 Loss:1.0424943235127369 in 346.7309558391571 s 
Epoch 13 Valid Performance:{'rank_IC': 0.11854845869121938, 'rank_MRR': 0.002123579456820153, 'rank_MR': 0.000600170759350701, 'rank_HITS': 0.3501717729866505} in 74.4158387184143 s 
====================================================================================================
Epoch 14 Loss:1.0425034065605987 in 267.71938705444336 s 
Epoch 14 Valid Performance:{'rank_IC': 0.12029403329681329, 'rank_MRR': 0.0021819580072769897, 'rank_MR': 0.0005987968073573743, 'rank_HITS': 0.35047572195529936} in 40.13168716430664 s 
====================================================================================================
Epoch 15 Loss:1.0425164273806982 in 241.1882393360138 s 
Epoch 15 Valid Performance:{'rank_IC': 0.1229531532733986, 'rank_MRR': 0.002102784313610755, 'rank_MR': 0.000600638214689835, 'rank_HITS': 0.35086592644453046} in 35.97709941864014 s 
====================================================================================================
Epoch 16 Loss:1.0425946876001817 in 236.9793152809143 s 
Epoch 16 Valid Performance:{'rank_IC': 0.12073430469220434, 'rank_MRR': 0.0020210845858673566, 'rank_MR': 0.0006003930602306077, 'rank_HITS': 0.3379455655068159} in 37.53003215789795 s 
====================================================================================================
Epoch 17 Loss:1.0423180832348822 in 240.32256889343262 s 
Epoch 17 Valid Performance:{'rank_IC': 0.12178411626722414, 'rank_MRR': 0.00219136284198612, 'rank_MR': 0.0005997765432622939, 'rank_HITS': 0.3502735477685928} in 152.99531626701355 s 
====================================================================================================
Epoch 18 Loss:1.042450898734234 in 249.4150893688202 s 
Epoch 18 Valid Performance:{'rank_IC': 0.1241825308216591, 'rank_MRR': 0.0020797406282508746, 'rank_MR': 0.0006010039998514584, 'rank_HITS': 0.34918240524828437} in 43.99245476722717 s 
====================================================================================================
Epoch 19 Loss:1.0425261962737669 in 232.81988883018494 s 
Epoch 19 Valid Performance:{'rank_IC': 0.11821127326030335, 'rank_MRR': 0.0022240569011773913, 'rank_MR': 0.0005982226778681706, 'rank_HITS': 0.3505547851324081} in 37.970468282699585 s 
====================================================================================================
Epoch 20 Loss:1.0422757753774223 in 233.39611196517944 s 
Epoch 20 Valid Performance:{'rank_IC': 0.1232851935832267, 'rank_MRR': 0.00208715331624262, 'rank_MR': 0.0006013911935055204, 'rank_HITS': 0.3481566790491343} in 38.93279528617859 s 
====================================================================================================
Test Performance:{'rank_IC': 0.08822826167035247, 'rank_MRR': 0.0017348478867168237, 'rank_MR': 0.00046594462584134574, 'rank_HITS': 0.3481064188209447} in 71.5851845741272 s 
