============ Initialized logger ============
do_pre: False
do_plot: False
in_channel: 590
out_channel: 32
num_layers: 2
nheads: 5
dropout: 0.1
top_k: 500
pe: bert
epoch: 20
metric: HITS
neg_sample_num: 500
exp_name: ./experiments/grid_search/loss_tr_reg_0.1_neg_500
optimizer: Adam
loss: tr
reg: 0.1
lr: 0.001
l2: 0.005
margin: 1.5
num_workers: 32
batch_size: 2000
gpu: 1
valid_every: 1
early_stop: 10
init: 
seed: 822
============================================
Total number of parameters: 6314245
Epoch 1 Loss:1.4586477224289796 in 357.95298504829407 s 
Epoch 1 Valid Performance:{'rank_IC': 0.11525999803080623, 'rank_MRR': 0.0018827635832712986, 'rank_MR': 0.0005992133752538729, 'rank_HITS': 0.3399067774415016} in 59.80143475532532 s 
Epoch 1 Better models found w.r.t HITS. Saved it!
====================================================================================================
Epoch 2 Loss:1.4573010776671895 in 349.1539855003357 s 
Epoch 2 Valid Performance:{'rank_IC': 0.11811656612285079, 'rank_MRR': 0.002084898757166229, 'rank_MR': 0.0006002683398787105, 'rank_HITS': 0.35160173356533053} in 72.58481526374817 s 
Epoch 2 Better models found w.r.t HITS. Saved it!
====================================================================================================
Epoch 3 Loss:1.454811504177625 in 351.3421161174774 s 
Epoch 3 Valid Performance:{'rank_IC': 0.12056532827585702, 'rank_MRR': 0.0020586117141647266, 'rank_MR': 0.0006009411690882773, 'rank_HITS': 0.3498364755511284} in 56.324037313461304 s 
====================================================================================================
Epoch 4 Loss:1.4544517390044711 in 352.2864029407501 s 
Epoch 4 Valid Performance:{'rank_IC': 0.12146819404330202, 'rank_MRR': 0.0020019375340780245, 'rank_MR': 0.0006015751189235784, 'rank_HITS': 0.3453431522846222} in 79.7614848613739 s 
====================================================================================================
Epoch 5 Loss:1.4531799715720803 in 347.566903591156 s 
Epoch 5 Valid Performance:{'rank_IC': 0.12507152392388285, 'rank_MRR': 0.0020415598788531496, 'rank_MR': 0.0006021486213017327, 'rank_HITS': 0.3475104062259197} in 103.64228534698486 s 
====================================================================================================
Epoch 6 Loss:1.4521920317416646 in 341.8327269554138 s 
Epoch 6 Valid Performance:{'rank_IC': 0.12506888516967782, 'rank_MRR': 0.0020135053171543406, 'rank_MR': 0.0006033414104928162, 'rank_HITS': 0.345516362041235} in 88.36189007759094 s 
====================================================================================================
Epoch 7 Loss:1.4522947167012903 in 328.65453267097473 s 
Epoch 7 Valid Performance:{'rank_IC': 0.12435595424852647, 'rank_MRR': 0.0020013814553385603, 'rank_MR': 0.0006031291035851014, 'rank_HITS': 0.3438288502395153} in 77.90171885490417 s 
====================================================================================================
Epoch 8 Loss:1.451789810195709 in 345.19197249412537 s 
Epoch 8 Valid Performance:{'rank_IC': 0.12427538340913592, 'rank_MRR': 0.0019733983691548928, 'rank_MR': 0.0006021801203525039, 'rank_HITS': 0.3470907883346081} in 552.5636661052704 s 
====================================================================================================
Epoch 9 Loss:1.4516974492202612 in 351.1587381362915 s 
Epoch 9 Valid Performance:{'rank_IC': 0.12426292829989367, 'rank_MRR': 0.001979614043957554, 'rank_MR': 0.0006026209284757782, 'rank_HITS': 0.3475258815288544} in 745.0465443134308 s 
====================================================================================================
Epoch 10 Loss:1.4520906102333437 in 358.45202589035034 s 
Epoch 10 Valid Performance:{'rank_IC': 0.12650257180182745, 'rank_MRR': 0.0019331513458746485, 'rank_MR': 0.0006038699584207817, 'rank_HITS': 0.33886607602238655} in 572.8313710689545 s 
====================================================================================================
Epoch 11 Loss:1.4517745882873467 in 365.69077157974243 s 
Epoch 11 Valid Performance:{'rank_IC': 0.1249942276346652, 'rank_MRR': 0.0020749529189197347, 'rank_MR': 0.0006027434014542884, 'rank_HITS': 0.3498425227403641} in 1156.5551042556763 s 
====================================================================================================
Epoch 12 Loss:1.4518219263902576 in 364.5699784755707 s 
Epoch 12 Valid Performance:{'rank_IC': 0.12539032593285665, 'rank_MRR': 0.0020964218280278145, 'rank_MR': 0.0006029404749706206, 'rank_HITS': 0.3512637324631214} in 64.5174171924591 s 
Validation performance didn't improve for 10 epochs. Training stops.
Test Performance:{'rank_IC': 0.0927227609115016, 'rank_MRR': 0.0015853662010136037, 'rank_MR': 0.00046903134543623736, 'rank_HITS': 0.3434835191477429} in 116.24458003044128 s 
