============ Initialized logger ============
do_pre: False
do_plot: False
in_channel: 590
out_channel: 32
num_layers: 2
nheads: 5
dropout: 0.1
top_k: 500
pe: bert
epoch: 20
metric: HITS
neg_sample_num: 4000
exp_name: ./experiments/grid_search/loss_tr_reg_0.2_neg_4000
optimizer: Adam
loss: tr
reg: 0.2
lr: 0.001
l2: 0.005
margin: 1.5
num_workers: 32
batch_size: 2000
gpu: 3
valid_every: 1
early_stop: 10
init: 
seed: 822
============================================
Total number of parameters: 6314245
Epoch 1 Loss:1.4404407681131655 in 448.2932288646698 s 
Epoch 1 Valid Performance:{'rank_IC': 0.11535602397719742, 'rank_MRR': 0.0019317252124892547, 'rank_MR': 0.0005992102319904513, 'rank_HITS': 0.34513077944517134} in 138.02062559127808 s 
Epoch 1 Better models found w.r.t HITS. Saved it!
====================================================================================================
Epoch 2 Loss:1.439418178707962 in 373.2074475288391 s 
Epoch 2 Valid Performance:{'rank_IC': 0.11817198583107903, 'rank_MRR': 0.001989334344980307, 'rank_MR': 0.0006004086048805173, 'rank_HITS': 0.34728718161582944} in 62.341322898864746 s 
Epoch 2 Better models found w.r.t HITS. Saved it!
====================================================================================================
Epoch 3 Loss:1.436694686816096 in 377.4893617630005 s 
Epoch 3 Valid Performance:{'rank_IC': 0.11945649916371594, 'rank_MRR': 0.0020114168853615413, 'rank_MR': 0.0006008978991677143, 'rank_HITS': 0.34438282951712607} in 58.830411434173584 s 
====================================================================================================
Epoch 4 Loss:1.4345855602144046 in 376.20111870765686 s 
Epoch 4 Valid Performance:{'rank_IC': 0.12156528232821723, 'rank_MRR': 0.0019514895911561326, 'rank_MR': 0.0006014753287454287, 'rank_HITS': 0.34148048982024193} in 65.12729930877686 s 
====================================================================================================
Epoch 5 Loss:1.4337977105123134 in 385.49310517311096 s 
Epoch 5 Valid Performance:{'rank_IC': 0.1207346828122701, 'rank_MRR': 0.0020438223867677153, 'rank_MR': 0.0006009241395357838, 'rank_HITS': 0.34618784666061403} in 91.25213074684143 s 
====================================================================================================
Epoch 6 Loss:1.4334562123605392 in 395.43271040916443 s 
Epoch 6 Valid Performance:{'rank_IC': 0.1242251214844849, 'rank_MRR': 0.001991534025873989, 'rank_MR': 0.0006024580207083862, 'rank_HITS': 0.34706934466958045} in 64.70086216926575 s 
====================================================================================================
Epoch 7 Loss:1.4334091596912648 in 391.6392970085144 s 
Epoch 7 Valid Performance:{'rank_IC': 0.12245895828116046, 'rank_MRR': 0.0020665145752718672, 'rank_MR': 0.0006017567592953287, 'rank_HITS': 0.35032457336783407} in 69.52757287025452 s 
Epoch 7 Better models found w.r.t HITS. Saved it!
====================================================================================================
Epoch 8 Loss:1.4336358591927236 in 397.056786775589 s 
Epoch 8 Valid Performance:{'rank_IC': 0.12219591703570674, 'rank_MRR': 0.0019233269567484968, 'rank_MR': 0.0006021848029879919, 'rank_HITS': 0.3394970253109932} in 88.58121943473816 s 
====================================================================================================
Epoch 9 Loss:1.433184758599237 in 374.0580720901489 s 
Epoch 9 Valid Performance:{'rank_IC': 0.12111989457390297, 'rank_MRR': 0.0020620333286933603, 'rank_MR': 0.0006010239029858441, 'rank_HITS': 0.3512331500649452} in 120.33855772018433 s 
Epoch 9 Better models found w.r.t HITS. Saved it!
====================================================================================================
Epoch 10 Loss:1.4331691378987117 in 367.81041193008423 s 
Epoch 10 Valid Performance:{'rank_IC': 0.12133517834535727, 'rank_MRR': 0.0019875478465110064, 'rank_MR': 0.0006013080898907369, 'rank_HITS': 0.3441585962474346} in 54.2273325920105 s 
====================================================================================================
Epoch 11 Loss:1.4336355346843508 in 394.90368485450745 s 
Epoch 11 Valid Performance:{'rank_IC': 0.12358230490742096, 'rank_MRR': 0.001973418458364904, 'rank_MR': 0.0006018642594824464, 'rank_HITS': 0.344099255502224} in 3760.5882110595703 s 
====================================================================================================
Epoch 12 Loss:1.4333228441208314 in 304.1377520561218 s 
Epoch 12 Valid Performance:{'rank_IC': 0.12284060279473934, 'rank_MRR': 0.002085596983670257, 'rank_MR': 0.0006011516721666321, 'rank_HITS': 0.3532077318429947} in 3191.4295456409454 s 
Epoch 12 Better models found w.r.t HITS. Saved it!
====================================================================================================
Epoch 13 Loss:1.4330563595376444 in 348.77860140800476 s 
Epoch 13 Valid Performance:{'rank_IC': 0.12358226375057829, 'rank_MRR': 0.0019878251387854106, 'rank_MR': 0.0006023161449745668, 'rank_HITS': 0.3456609216332436} in 5012.9634647369385 s 
====================================================================================================
Epoch 14 Loss:1.4331467609255069 in 349.2049562931061 s 
Epoch 14 Valid Performance:{'rank_IC': 0.12401862255082807, 'rank_MRR': 0.002027609245851636, 'rank_MR': 0.0006020012131147493, 'rank_HITS': 0.3494325578212738} in 5952.4651799201965 s 
====================================================================================================
Epoch 15 Loss:1.4331538224826248 in 284.04528760910034 s 
Epoch 15 Valid Performance:{'rank_IC': 0.12386750231664653, 'rank_MRR': 0.002008682514715474, 'rank_MR': 0.0006019434229107652, 'rank_HITS': 0.34884000971913337} in 2683.6325221061707 s 
====================================================================================================
Epoch 16 Loss:1.4331984313092245 in 264.9618935585022 s 
Epoch 16 Valid Performance:{'rank_IC': 0.12194387842420713, 'rank_MRR': 0.0019514688674826175, 'rank_MR': 0.0006018156149722689, 'rank_HITS': 0.3400947390496731} in 3131.7253024578094 s 
====================================================================================================
Epoch 17 Loss:1.4333651077318985 in 255.6723256111145 s 
Epoch 17 Valid Performance:{'rank_IC': 0.12223962349939853, 'rank_MRR': 0.00205511765438132, 'rank_MR': 0.0006016076163571231, 'rank_HITS': 0.3491737347841263} in 9835.703802347183 s 
====================================================================================================
Epoch 18 Loss:1.433126246270958 in 250.450989484787 s 
Epoch 18 Valid Performance:{'rank_IC': 0.12508978108442975, 'rank_MRR': 0.0020101031142985447, 'rank_MR': 0.0006026866758211427, 'rank_HITS': 0.3475134427845478} in 480.6787133216858 s 
====================================================================================================
Epoch 19 Loss:1.4330613311187517 in 242.92450785636902 s 
Epoch 19 Valid Performance:{'rank_IC': 0.12422493985932834, 'rank_MRR': 0.0020814572559902443, 'rank_MR': 0.0006023229612154028, 'rank_HITS': 0.35184251978993414} in 328.94976019859314 s 
====================================================================================================
Epoch 20 Loss:1.4332802700014307 in 246.1364288330078 s 
Epoch 20 Valid Performance:{'rank_IC': 0.12396543246134244, 'rank_MRR': 0.002085124698351137, 'rank_MR': 0.0006020755490337368, 'rank_HITS': 0.34972927436232565} in 81.43865323066711 s 
====================================================================================================
Test Performance:{'rank_IC': 0.0958554980103863, 'rank_MRR': 0.0015697248110716994, 'rank_MR': 0.00046929382088232806, 'rank_HITS': 0.34367998898768226} in 57.74144625663757 s 
