============ Initialized logger ============
do_pre: False
do_plot: False
in_channel: 590
out_channel: 32
num_layers: 2
nheads: 5
dropout: 0.1
top_k: 500
pe: bert
epoch: 20
metric: HITS
neg_sample_num: 500
exp_name: ./experiments/grid_search/loss_mse_reg_0.3_neg_500
optimizer: Adam
loss: mse
reg: 0.3
lr: 0.001
l2: 0.005
margin: 1.5
num_workers: 32
batch_size: 2000
gpu: 1
valid_every: 1
early_stop: 10
init: 
seed: 822
============================================
Total number of parameters: 6314245
Epoch 1 Loss:1.063999400861842 in 367.3350341320038 s 
Epoch 1 Valid Performance:{'rank_IC': 0.11817190805913555, 'rank_MRR': 0.0020133473971509375, 'rank_MR': 0.0006004973245245604, 'rank_HITS': 0.3442040990293026} in 109.89838123321533 s 
Epoch 1 Better models found w.r.t HITS. Saved it!
====================================================================================================
Epoch 2 Loss:1.0518871612135097 in 357.1764786243439 s 
Epoch 2 Valid Performance:{'rank_IC': 0.10615160553642954, 'rank_MRR': 0.0020416424929862844, 'rank_MR': 0.0005945680013370987, 'rank_HITS': 0.34354839339852333} in 62.254210472106934 s 
====================================================================================================
Epoch 3 Loss:1.0506300377177105 in 359.0245089530945 s 
Epoch 3 Valid Performance:{'rank_IC': 0.10996950918651832, 'rank_MRR': 0.002002559820539318, 'rank_MR': 0.0005963482879025193, 'rank_HITS': 0.34055788546800614} in 57.873053550720215 s 
====================================================================================================
Epoch 4 Loss:1.0502957463473421 in 348.449688911438 s 
Epoch 4 Valid Performance:{'rank_IC': 0.11170440183888598, 'rank_MRR': 0.002000479134148918, 'rank_MR': 0.0005969267086315396, 'rank_HITS': 0.3432055711746216} in 74.25648903846741 s 
====================================================================================================
Epoch 5 Loss:1.0479802439653696 in 346.7101490497589 s 
Epoch 5 Valid Performance:{'rank_IC': 0.1187754179658652, 'rank_MRR': 0.0019979015429271384, 'rank_MR': 0.0005992586179690367, 'rank_HITS': 0.3433476267755032} in 57.164308309555054 s 
====================================================================================================
Epoch 6 Loss:1.0468720886709395 in 346.38579416275024 s 
Epoch 6 Valid Performance:{'rank_IC': 0.11843980350862945, 'rank_MRR': 0.0020451312244404106, 'rank_MR': 0.0005995594267242573, 'rank_HITS': 0.3446765238046646} in 60.339187145233154 s 
Epoch 6 Better models found w.r.t HITS. Saved it!
====================================================================================================
Epoch 7 Loss:1.0470459045912486 in 344.0739824771881 s 
Epoch 7 Valid Performance:{'rank_IC': 0.11972000430213049, 'rank_MRR': 0.0019966334820492194, 'rank_MR': 0.0006002022457371495, 'rank_HITS': 0.3438690434396267} in 55.151442766189575 s 
====================================================================================================
Epoch 8 Loss:1.0460099274917822 in 346.9349868297577 s 
Epoch 8 Valid Performance:{'rank_IC': 0.1196385003627923, 'rank_MRR': 0.0020284336566692217, 'rank_MR': 0.0005994402705984605, 'rank_HITS': 0.3423852340877056} in 57.80601263046265 s 
====================================================================================================
Epoch 9 Loss:1.0455877016658432 in 341.8681516647339 s 
Epoch 9 Valid Performance:{'rank_IC': 0.11873028684074445, 'rank_MRR': 0.002036334922304377, 'rank_MR': 0.0005993043033203885, 'rank_HITS': 0.3460568782687187} in 55.87366032600403 s 
Epoch 9 Better models found w.r.t HITS. Saved it!
====================================================================================================
Epoch 10 Loss:1.0457782734391148 in 344.7183861732483 s 
Epoch 10 Valid Performance:{'rank_IC': 0.11829059008556846, 'rank_MRR': 0.0020718264015158637, 'rank_MR': 0.0005993417707785493, 'rank_HITS': 0.34397064819931983} in 88.45184230804443 s 
====================================================================================================
Epoch 11 Loss:1.0461419523023494 in 352.82904052734375 s 
Epoch 11 Valid Performance:{'rank_IC': 0.11081179119553201, 'rank_MRR': 0.0020681841298937796, 'rank_MR': 0.000596411670980506, 'rank_HITS': 0.34344831347465515} in 59.36782479286194 s 
====================================================================================================
Epoch 12 Loss:1.0457482076234508 in 346.4105632305145 s 
Epoch 12 Valid Performance:{'rank_IC': 0.11789489229529744, 'rank_MRR': 0.002068794463411905, 'rank_MR': 0.000599162977000831, 'rank_HITS': 0.3493222734332085} in 60.334224224090576 s 
Epoch 12 Better models found w.r.t HITS. Saved it!
====================================================================================================
Epoch 13 Loss:1.0458366155206478 in 255.61793303489685 s 
Epoch 13 Valid Performance:{'rank_IC': 0.11431438622293771, 'rank_MRR': 0.001966151114611421, 'rank_MR': 0.0005977546766261449, 'rank_HITS': 0.33511115700006483} in 40.314045906066895 s 
====================================================================================================
Epoch 14 Loss:1.0461137600367159 in 252.72389006614685 s 
Epoch 14 Valid Performance:{'rank_IC': 0.11773940823947265, 'rank_MRR': 0.00196817520132754, 'rank_MR': 0.0005992282921243395, 'rank_HITS': 0.3384111963957548} in 40.059531927108765 s 
====================================================================================================
Epoch 15 Loss:1.0459321573259117 in 242.55025553703308 s 
Epoch 15 Valid Performance:{'rank_IC': 0.11704940403160818, 'rank_MRR': 0.0020163311838405206, 'rank_MR': 0.0005985374399370427, 'rank_HITS': 0.3424482333660126} in 37.91444182395935 s 
====================================================================================================
Epoch 16 Loss:1.0453790024536729 in 162.40631222724915 s 
Epoch 16 Valid Performance:{'rank_IC': 0.11454228148186277, 'rank_MRR': 0.0020609697728650647, 'rank_MR': 0.0005977202194195757, 'rank_HITS': 0.3432466818392277} in 27.519602060317993 s 
====================================================================================================
Epoch 17 Loss:1.0456348093949734 in 155.80232405662537 s 
Epoch 17 Valid Performance:{'rank_IC': 0.11887167808891277, 'rank_MRR': 0.0019281303652678617, 'rank_MR': 0.0006000348503639726, 'rank_HITS': 0.3373067587614059} in 31.690626859664917 s 
====================================================================================================
Epoch 18 Loss:1.0465727466747072 in 151.69100093841553 s 
Epoch 18 Valid Performance:{'rank_IC': 0.11527637830054406, 'rank_MRR': 0.0019613418640801682, 'rank_MR': 0.0005981058613804199, 'rank_HITS': 0.34111208900809287} in 31.703372716903687 s 
====================================================================================================
Epoch 19 Loss:1.0459214338182254 in 209.85890698432922 s 
Epoch 19 Valid Performance:{'rank_IC': 0.11348950731710318, 'rank_MRR': 0.002051151578198187, 'rank_MR': 0.0005971573921666365, 'rank_HITS': 0.34566971406340596} in 44.08446717262268 s 
====================================================================================================
Epoch 20 Loss:1.0459513695066587 in 177.02218174934387 s 
Epoch 20 Valid Performance:{'rank_IC': 0.1168972825427678, 'rank_MRR': 0.001982451051007956, 'rank_MR': 0.0005989752718327111, 'rank_HITS': 0.33841685593128207} in 32.22773504257202 s 
====================================================================================================
Test Performance:{'rank_IC': 0.09281936288201323, 'rank_MRR': 0.001568862383758018, 'rank_MR': 0.00046830025952396075, 'rank_HITS': 0.34126447836968526} in 57.56753420829773 s 
