============ Initialized logger ============
do_pre: False
do_plot: False
in_channel: 590
out_channel: 32
num_layers: 2
nheads: 5
dropout: 0.1
top_k: 500
pe: bert
epoch: 20
metric: HITS
neg_sample_num: 2000
exp_name: ./experiments/grid_search/loss_tr_reg_0.3_neg_2000
optimizer: Adam
loss: tr
reg: 0.3
lr: 0.001
l2: 0.005
margin: 1.5
num_workers: 32
batch_size: 2000
gpu: 1
valid_every: 1
early_stop: 10
init: 
seed: 822
============================================
Total number of parameters: 6314245
Epoch 1 Loss:1.429557353754403 in 431.2304267883301 s 
Epoch 1 Valid Performance:{'rank_IC': 0.11394098357621267, 'rank_MRR': 0.0019247259880648927, 'rank_MR': 0.0005983620434355222, 'rank_HITS': 0.34795703276991846} in 1146.4237961769104 s 
Epoch 1 Better models found w.r.t HITS. Saved it!
====================================================================================================
Epoch 2 Loss:1.42212131940723 in 423.0947687625885 s 
Epoch 2 Valid Performance:{'rank_IC': 0.11091449808819498, 'rank_MRR': 0.00203140348312445, 'rank_MR': 0.0005972182568715675, 'rank_HITS': 0.3496467173099518} in 107.96413779258728 s 
Epoch 2 Better models found w.r.t HITS. Saved it!
====================================================================================================
Epoch 3 Loss:1.4201852471863983 in 417.1613094806671 s 
Epoch 3 Valid Performance:{'rank_IC': 0.10870109201771934, 'rank_MRR': 0.0019887428381480275, 'rank_MR': 0.0005966619753074894, 'rank_HITS': 0.3469148750603199} in 970.7223491668701 s 
====================================================================================================
Epoch 4 Loss:1.4184147452806612 in 433.25739645957947 s 
Epoch 4 Valid Performance:{'rank_IC': 0.11672325837358039, 'rank_MRR': 0.0020371666533173993, 'rank_MR': 0.0005995722458961772, 'rank_HITS': 0.35034837648272515} in 596.0215828418732 s 
Epoch 4 Better models found w.r.t HITS. Saved it!
====================================================================================================
Epoch 5 Loss:1.417470851663327 in 419.456583738327 s 
Epoch 5 Valid Performance:{'rank_IC': 0.11924754612722957, 'rank_MRR': 0.002004701650585048, 'rank_MR': 0.00060050127232215, 'rank_HITS': 0.34924126863479615} in 301.7660822868347 s 
====================================================================================================
Epoch 6 Loss:1.4168156501392228 in 417.93946862220764 s 
Epoch 6 Valid Performance:{'rank_IC': 0.12106858759572084, 'rank_MRR': 0.0019502786215161905, 'rank_MR': 0.0006007539316640628, 'rank_HITS': 0.34538369476795194} in 375.9095416069031 s 
====================================================================================================
Epoch 7 Loss:1.4162219912205527 in 419.78912019729614 s 
Epoch 7 Valid Performance:{'rank_IC': 0.12223713341826933, 'rank_MRR': 0.001981855392223224, 'rank_MR': 0.0006016431769695986, 'rank_HITS': 0.34666300788521764} in 3220.6666865348816 s 
====================================================================================================
Epoch 8 Loss:1.4163423152893495 in 350.9143879413605 s 
Epoch 8 Valid Performance:{'rank_IC': 0.1208190129776655, 'rank_MRR': 0.0019793438707711177, 'rank_MR': 0.0006005232461965819, 'rank_HITS': 0.34680077359080314} in 1448.7023129463196 s 
====================================================================================================
Epoch 9 Loss:1.4162648786691905 in 372.07825541496277 s 
Epoch 9 Valid Performance:{'rank_IC': 0.12146409436109977, 'rank_MRR': 0.002002037726342678, 'rank_MR': 0.0006011263821321475, 'rank_HITS': 0.3484507639706135} in 111.76256847381592 s 
====================================================================================================
Epoch 10 Loss:1.4161388081066657 in 373.9678497314453 s 
Epoch 10 Valid Performance:{'rank_IC': 0.12225675885787807, 'rank_MRR': 0.0019660682417452337, 'rank_MR': 0.0006011693827656423, 'rank_HITS': 0.34438798621296884} in 822.1181807518005 s 
====================================================================================================
Epoch 11 Loss:1.4161888083065945 in 368.98216676712036 s 
Epoch 11 Valid Performance:{'rank_IC': 0.12138944208817726, 'rank_MRR': 0.001994057418778539, 'rank_MR': 0.0006010343575318291, 'rank_HITS': 0.34747156366705895} in 682.1314845085144 s 
====================================================================================================
Epoch 12 Loss:1.4165823743805146 in 362.7428710460663 s 
Epoch 12 Valid Performance:{'rank_IC': 0.12180550146951699, 'rank_MRR': 0.0020313030190300197, 'rank_MR': 0.0006014495926340868, 'rank_HITS': 0.3490947510302067} in 78.2098937034607 s 
====================================================================================================
Epoch 13 Loss:1.4163322857239078 in 379.5856935977936 s 
