============ Initialized logger ============
do_pre: False
do_plot: False
in_channel: 590
out_channel: 32
num_layers: 2
nheads: 5
dropout: 0.1
top_k: 500
pe: bert
epoch: 20
metric: HITS
neg_sample_num: 4000
exp_name: ./experiments/grid_search/loss_mse_reg_0.1_neg_4000
optimizer: Adam
loss: mse
reg: 0.1
lr: 0.001
l2: 0.005
margin: 1.5
num_workers: 32
batch_size: 2000
gpu: 3
valid_every: 1
early_stop: 10
init: 
seed: 822
============================================
Total number of parameters: 6314245
Epoch 1 Loss:0.9822178349800009 in 350.76902508735657 s 
Epoch 1 Valid Performance:{'rank_IC': 0.12214143681342579, 'rank_MRR': 0.0020280606526648626, 'rank_MR': 0.0006015600432399039, 'rank_HITS': 0.3501847614347935} in 56.37434697151184 s 
Epoch 1 Better models found w.r.t HITS. Saved it!
====================================================================================================
Epoch 2 Loss:0.9776970694505991 in 347.849641084671 s 
Epoch 2 Valid Performance:{'rank_IC': 0.11785016108131549, 'rank_MRR': 0.001932721639459487, 'rank_MR': 0.0005991810038275964, 'rank_HITS': 0.3391017553210258} in 63.295506954193115 s 
====================================================================================================
Epoch 3 Loss:0.9757986187830398 in 348.5398108959198 s 
Epoch 3 Valid Performance:{'rank_IC': 0.12017972907605469, 'rank_MRR': 0.002108958275639452, 'rank_MR': 0.0006000244622033463, 'rank_HITS': 0.3443563839793205} in 61.214367389678955 s 
====================================================================================================
Epoch 4 Loss:0.9736868092409882 in 355.5341844558716 s 
Epoch 4 Valid Performance:{'rank_IC': 0.12227738073316655, 'rank_MRR': 0.00209225704689743, 'rank_MR': 0.0006009170955083118, 'rank_HITS': 0.3465566539764404} in 59.35324478149414 s 
====================================================================================================
Epoch 5 Loss:0.9729035282532026 in 350.03927993774414 s 
Epoch 5 Valid Performance:{'rank_IC': 0.12115087617788385, 'rank_MRR': 0.0020142039051279426, 'rank_MR': 0.0005999724105704438, 'rank_HITS': 0.3456106351315975} in 61.42349195480347 s 
====================================================================================================
Epoch 6 Loss:0.972505813361677 in 398.2274811267853 s 
Epoch 6 Valid Performance:{'rank_IC': 0.12495322872060705, 'rank_MRR': 0.0019926037843106315, 'rank_MR': 0.0006020936862758993, 'rank_HITS': 0.3457149277627468} in 61.110137701034546 s 
====================================================================================================
Epoch 7 Loss:0.9724370530568958 in 424.0353455543518 s 
Epoch 7 Valid Performance:{'rank_IC': 0.12355953658250382, 'rank_MRR': 0.0020520905597368254, 'rank_MR': 0.0006006368891233545, 'rank_HITS': 0.3496375127136707} in 59.55997920036316 s 
====================================================================================================
Epoch 8 Loss:0.9722509986992784 in 419.27613139152527 s 
Epoch 8 Valid Performance:{'rank_IC': 0.12187694286586086, 'rank_MRR': 0.0019778953239438122, 'rank_MR': 0.0006000280682319267, 'rank_HITS': 0.3381198164820671} in 67.09878206253052 s 
====================================================================================================
Epoch 9 Loss:0.9722668648184025 in 392.0640540122986 s 
Epoch 9 Valid Performance:{'rank_IC': 0.12290538353063729, 'rank_MRR': 0.002122563402517699, 'rank_MR': 0.0006002436303313904, 'rank_HITS': 0.3557854567468166} in 56.53891324996948 s 
Epoch 9 Better models found w.r.t HITS. Saved it!
====================================================================================================
Epoch 10 Loss:0.972046042408053 in 357.5217778682709 s 
Epoch 10 Valid Performance:{'rank_IC': 0.12264658547332324, 'rank_MRR': 0.0020193782640853895, 'rank_MR': 0.0006010066930337835, 'rank_HITS': 0.3452926132082939} in 85.38840627670288 s 
====================================================================================================
Epoch 11 Loss:0.9721065998390827 in 349.77798795700073 s 
Epoch 11 Valid Performance:{'rank_IC': 0.12346221537471104, 'rank_MRR': 0.001919828692334704, 'rank_MR': 0.0006008765602958323, 'rank_HITS': 0.3399671520292759} in 56.717103242874146 s 
====================================================================================================
Epoch 12 Loss:0.9720084484891867 in 348.47309160232544 s 
Epoch 12 Valid Performance:{'rank_IC': 0.12491431067780516, 'rank_MRR': 0.002022510949173011, 'rank_MR': 0.0006016371924309878, 'rank_HITS': 0.34771804213523866} in 53.258620738983154 s 
====================================================================================================
Epoch 13 Loss:0.9720123373135259 in 346.68900847435 s 
Epoch 13 Valid Performance:{'rank_IC': 0.12525369991412005, 'rank_MRR': 0.002095690981368534, 'rank_MR': 0.0006015182688978874, 'rank_HITS': 0.35274267822504046} in 72.20444679260254 s 
====================================================================================================
Epoch 14 Loss:0.9721158989994908 in 343.82498359680176 s 
Epoch 14 Valid Performance:{'rank_IC': 0.12710637530184277, 'rank_MRR': 0.0020072230318328365, 'rank_MR': 0.0006022883769696072, 'rank_HITS': 0.3485819087922573} in 59.99044680595398 s 
====================================================================================================
Epoch 15 Loss:0.9720699644005163 in 352.10621523857117 s 
Epoch 15 Valid Performance:{'rank_IC': 0.12205489496161331, 'rank_MRR': 0.002067330795107409, 'rank_MR': 0.0006007766739195354, 'rank_HITS': 0.3487923175096512} in 62.11563444137573 s 
====================================================================================================
Epoch 16 Loss:0.9721022737747113 in 346.80014395713806 s 
Epoch 16 Valid Performance:{'rank_IC': 0.12384188697677974, 'rank_MRR': 0.0019850342301651835, 'rank_MR': 0.0006013672767742012, 'rank_HITS': 0.34176661536097525} in 62.311251163482666 s 
====================================================================================================
Epoch 17 Loss:0.9722840590084153 in 342.80341720581055 s 
Epoch 17 Valid Performance:{'rank_IC': 0.12510395109077124, 'rank_MRR': 0.0020755326614016667, 'rank_MR': 0.0006019687005712795, 'rank_HITS': 0.35205965548753737} in 92.57876539230347 s 
====================================================================================================
Epoch 18 Loss:0.9721157804693077 in 343.3881747722626 s 
Epoch 18 Valid Performance:{'rank_IC': 0.1261492251073699, 'rank_MRR': 0.002001735123922117, 'rank_MR': 0.0006026373507783398, 'rank_HITS': 0.34808662518858907} in 82.00994634628296 s 
====================================================================================================
Epoch 19 Loss:0.9720572353349664 in 348.9692897796631 s 
Epoch 19 Valid Performance:{'rank_IC': 0.12401203253400907, 'rank_MRR': 0.0021012309432262553, 'rank_MR': 0.0006009578008503286, 'rank_HITS': 0.35106980830430984} in 66.08836007118225 s 
Validation performance didn't improve for 10 epochs. Training stops.
Test Performance:{'rank_IC': 0.09399612936489647, 'rank_MRR': 0.001651468515744402, 'rank_MR': 0.0004676245728092051, 'rank_HITS': 0.3465921707020318} in 166.51278924942017 s 
