============ Initialized logger ============
do_pre: False
do_plot: False
in_channel: 590
out_channel: 32
num_layers: 2
nheads: 5
dropout: 0.1
top_k: 500
pe: bert
epoch: 20
metric: HITS
neg_sample_num: 2000
exp_name: ./experiments/grid_search/loss_mse_reg_0.4_neg_2000
optimizer: Adam
loss: mse
reg: 0.4
lr: 0.001
l2: 0.005
margin: 1.5
num_workers: 32
batch_size: 2000
gpu: 1
valid_every: 1
early_stop: 10
init: 
seed: 822
============================================
Total number of parameters: 6314245
Epoch 1 Loss:1.0980265573071974 in 356.1487970352173 s 
Epoch 1 Valid Performance:{'rank_IC': 0.11787592422248544, 'rank_MRR': 0.0020374704513233155, 'rank_MR': 0.0005997797675612302, 'rank_HITS': 0.3445277351140976} in 49.93450951576233 s 
Epoch 1 Better models found w.r.t HITS. Saved it!
====================================================================================================
Epoch 2 Loss:1.084681956210124 in 344.6446866989136 s 
Epoch 2 Valid Performance:{'rank_IC': 0.10753333338090902, 'rank_MRR': 0.0020982290231040678, 'rank_MR': 0.0005950903859083788, 'rank_HITS': 0.3488765621185303} in 71.22140598297119 s 
Epoch 2 Better models found w.r.t HITS. Saved it!
====================================================================================================
Epoch 3 Loss:1.0831181943468835 in 350.08894395828247 s 
Epoch 3 Valid Performance:{'rank_IC': 0.11098294476982322, 'rank_MRR': 0.00207820663054008, 'rank_MR': 0.000596909320849144, 'rank_HITS': 0.3449316383898258} in 51.24749946594238 s 
====================================================================================================
Epoch 4 Loss:1.0820051303148062 in 345.93186688423157 s 
Epoch 4 Valid Performance:{'rank_IC': 0.11204447493467358, 'rank_MRR': 0.0021183331403881313, 'rank_MR': 0.0005975133462413965, 'rank_HITS': 0.34768256783485413} in 66.88038158416748 s 
====================================================================================================
Epoch 5 Loss:1.0813026817925242 in 343.9354889392853 s 
Epoch 5 Valid Performance:{'rank_IC': 0.11317840810589756, 'rank_MRR': 0.0021328645205358045, 'rank_MR': 0.0005970136242353346, 'rank_HITS': 0.3494237157702446} in 51.305853843688965 s 
Epoch 5 Better models found w.r.t HITS. Saved it!
====================================================================================================
Epoch 6 Loss:1.080131735851846 in 342.84075236320496 s 
Epoch 6 Valid Performance:{'rank_IC': 0.1164967947529487, 'rank_MRR': 0.0020291855913819744, 'rank_MR': 0.000599432354901884, 'rank_HITS': 0.34065874338150026} in 66.20495533943176 s 
====================================================================================================
Epoch 7 Loss:1.0795132177739055 in 340.3612103462219 s 
Epoch 7 Valid Performance:{'rank_IC': 0.11464541199433963, 'rank_MRR': 0.0020260620911722073, 'rank_MR': 0.0005987727218944242, 'rank_HITS': 0.3364422418922186} in 146.46978116035461 s 
====================================================================================================
Epoch 8 Loss:1.0795621088363956 in 346.6359441280365 s 
Epoch 8 Valid Performance:{'rank_IC': 0.11778428168554331, 'rank_MRR': 0.002064030165201984, 'rank_MR': 0.0005995437542289352, 'rank_HITS': 0.346155589222908} in 579.8746058940887 s 
====================================================================================================
Epoch 9 Loss:1.078990024814054 in 347.60333919525146 s 
Epoch 9 Valid Performance:{'rank_IC': 0.11512785501757974, 'rank_MRR': 0.0021727730607381092, 'rank_MR': 0.0005975338604684852, 'rank_HITS': 0.3479221984744072} in 757.9019486904144 s 
====================================================================================================
Epoch 10 Loss:1.078771306797666 in 358.550475358963 s 
Epoch 10 Valid Performance:{'rank_IC': 0.11649101886195058, 'rank_MRR': 0.00204575875075534, 'rank_MR': 0.0005987807902134941, 'rank_HITS': 0.34037450060248375} in 576.8884658813477 s 
====================================================================================================
Epoch 11 Loss:1.0788445427791786 in 359.21769070625305 s 
Epoch 11 Valid Performance:{'rank_IC': 0.11699569677782176, 'rank_MRR': 0.0020838339714100585, 'rank_MR': 0.0005984050168780602, 'rank_HITS': 0.3484380888938904} in 1139.6924879550934 s 
====================================================================================================
Epoch 12 Loss:1.078936889754587 in 361.8613920211792 s 
Epoch 12 Valid Performance:{'rank_IC': 0.11852544786938672, 'rank_MRR': 0.0021107233979273587, 'rank_MR': 0.0005994952177817514, 'rank_HITS': 0.3432691366970539} in 65.01924753189087 s 
====================================================================================================
Epoch 13 Loss:1.0783959758793649 in 295.2851526737213 s 
Epoch 13 Valid Performance:{'rank_IC': 0.11698586897540615, 'rank_MRR': 0.002153626238577999, 'rank_MR': 0.0005989013982164276, 'rank_HITS': 0.3480074045062065} in 64.88119506835938 s 
====================================================================================================
Epoch 14 Loss:1.0790200164504056 in 223.58558917045593 s 
Epoch 14 Valid Performance:{'rank_IC': 0.11559419635990725, 'rank_MRR': 0.002065161028294824, 'rank_MR': 0.0005983067804907094, 'rank_HITS': 0.3403787015378475} in 39.90038704872131 s 
====================================================================================================
Epoch 15 Loss:1.0781601260985125 in 214.07009482383728 s 
Epoch 15 Valid Performance:{'rank_IC': 0.11604509411464389, 'rank_MRR': 0.0021994985337369143, 'rank_MR': 0.0005978484258363408, 'rank_HITS': 0.34959549844264987} in 45.30703043937683 s 
Epoch 15 Better models found w.r.t HITS. Saved it!
====================================================================================================
Epoch 16 Loss:1.0786632535020892 in 187.4922478199005 s 
Epoch 16 Valid Performance:{'rank_IC': 0.1148155852923351, 'rank_MRR': 0.0021085379790747537, 'rank_MR': 0.0005980341164388602, 'rank_HITS': 0.3427378988265991} in 39.359455823898315 s 
====================================================================================================
Epoch 17 Loss:1.0783912115824212 in 236.3438413143158 s 
Epoch 17 Valid Performance:{'rank_IC': 0.1191357306181579, 'rank_MRR': 0.0020605780178448185, 'rank_MR': 0.0006001232841643287, 'rank_HITS': 0.3457400707900524} in 41.072521686553955 s 
====================================================================================================
Epoch 18 Loss:1.0774650843283464 in 205.31323170661926 s 
Epoch 18 Valid Performance:{'rank_IC': 0.1186471748802347, 'rank_MRR': 0.0021250129234977066, 'rank_MR': 0.000599403917096696, 'rank_HITS': 0.3455501905083656} in 45.79544234275818 s 
====================================================================================================
Epoch 19 Loss:1.0782390923796779 in 215.501948595047 s 
Epoch 19 Valid Performance:{'rank_IC': 0.11958688180658171, 'rank_MRR': 0.0021290628978749737, 'rank_MR': 0.0005996146759858215, 'rank_HITS': 0.3511281530559063} in 42.754465103149414 s 
Epoch 19 Better models found w.r.t HITS. Saved it!
====================================================================================================
Epoch 20 Loss:1.0777353186235419 in 206.02151107788086 s 
Epoch 20 Valid Performance:{'rank_IC': 0.12005465613074985, 'rank_MRR': 0.0021783145074732602, 'rank_MR': 0.0006004469160405778, 'rank_HITS': 0.3517525428533554} in 59.876300573349 s 
Epoch 20 Better models found w.r.t HITS. Saved it!
====================================================================================================
Test Performance:{'rank_IC': 0.09291333697752806, 'rank_MRR': 0.0016821734960795157, 'rank_MR': 0.0004688913228928237, 'rank_HITS': 0.3427103547271618} in 67.03748369216919 s 
