============ Initialized logger ============
do_pre: False
do_plot: False
in_channel: 590
out_channel: 32
num_layers: 2
nheads: 5
dropout: 0.1
top_k: 500
pe: bert
epoch: 20
metric: HITS
neg_sample_num: 500
exp_name: ./experiments/grid_search/loss_mse_reg_0.1_neg_500
optimizer: Adam
loss: mse
reg: 0.1
lr: 0.001
l2: 0.005
margin: 1.5
num_workers: 32
batch_size: 2000
gpu: 1
valid_every: 1
early_stop: 10
init: 
seed: 822
============================================
Total number of parameters: 6314245
Epoch 1 Loss:0.9831150970262565 in 356.5729990005493 s 
Epoch 1 Valid Performance:{'rank_IC': 0.1227303950699946, 'rank_MRR': 0.002065245869453065, 'rank_MR': 0.0006017122249475004, 'rank_HITS': 0.35069742277264593} in 55.45130467414856 s 
Epoch 1 Better models found w.r.t HITS. Saved it!
====================================================================================================
Epoch 2 Loss:0.977854688526976 in 346.65149307250977 s 
Epoch 2 Valid Performance:{'rank_IC': 0.11406049578361617, 'rank_MRR': 0.002093718682299368, 'rank_MR': 0.0005974864014762634, 'rank_HITS': 0.3463624738901854} in 63.491615772247314 s 
====================================================================================================
Epoch 3 Loss:0.9763113798330375 in 351.137841463089 s 
Epoch 3 Valid Performance:{'rank_IC': 0.11914859225412293, 'rank_MRR': 0.0020813181303674356, 'rank_MR': 0.0005990305315324776, 'rank_HITS': 0.34426753878593447} in 65.85601353645325 s 
====================================================================================================
Epoch 4 Loss:0.975100773609489 in 345.11792945861816 s 
Epoch 4 Valid Performance:{'rank_IC': 0.12486597318693893, 'rank_MRR': 0.002032878027530387, 'rank_MR': 0.0006018993049391071, 'rank_HITS': 0.3455891190469265} in 62.728506088256836 s 
====================================================================================================
Epoch 5 Loss:0.9741723281474202 in 344.2702543735504 s 
Epoch 5 Valid Performance:{'rank_IC': 0.12763552954533006, 'rank_MRR': 0.0020701431325869635, 'rank_MR': 0.0006029983689048697, 'rank_HITS': 0.3501002935320139} in 64.03966569900513 s 
====================================================================================================
Epoch 6 Loss:0.9737989079210447 in 345.6574077606201 s 
Epoch 6 Valid Performance:{'rank_IC': 0.125805357657483, 'rank_MRR': 0.002074447257327847, 'rank_MR': 0.0006022052133742617, 'rank_HITS': 0.34525638617575166} in 63.25248146057129 s 
====================================================================================================
Epoch 7 Loss:0.9736276805975477 in 355.0478506088257 s 
Epoch 7 Valid Performance:{'rank_IC': 0.1249702042663786, 'rank_MRR': 0.0020557914493838326, 'rank_MR': 0.0006019100402785018, 'rank_HITS': 0.35040109649300577} in 52.6243212223053 s 
====================================================================================================
Epoch 8 Loss:0.9732195779380832 in 349.2068781852722 s 
Epoch 8 Valid Performance:{'rank_IC': 0.12368077611398144, 'rank_MRR': 0.0019998595686047337, 'rank_MR': 0.0006016037425815826, 'rank_HITS': 0.3426271455734968} in 53.267587184906006 s 
====================================================================================================
Epoch 9 Loss:0.9728051428727995 in 348.48863887786865 s 
Epoch 9 Valid Performance:{'rank_IC': 0.12321975259105994, 'rank_MRR': 0.0021536933252355086, 'rank_MR': 0.0006014201102832983, 'rank_HITS': 0.3557323159277439} in 51.42361307144165 s 
Epoch 9 Better models found w.r.t HITS. Saved it!
====================================================================================================
Epoch 10 Loss:0.9729448564735867 in 351.08118629455566 s 
Epoch 10 Valid Performance:{'rank_IC': 0.12309900318877647, 'rank_MRR': 0.0020222711021779106, 'rank_MR': 0.000601005530526697, 'rank_HITS': 0.3426121287792921} in 53.471190214157104 s 
====================================================================================================
Epoch 11 Loss:0.9729078273100356 in 360.72735381126404 s 
Epoch 11 Valid Performance:{'rank_IC': 0.12187636582474631, 'rank_MRR': 0.002141814170172438, 'rank_MR': 0.0006003930987331551, 'rank_HITS': 0.3541555058956146} in 53.05976939201355 s 
====================================================================================================
Epoch 12 Loss:0.972834969643017 in 344.1699433326721 s 
Epoch 12 Valid Performance:{'rank_IC': 0.12194328444669857, 'rank_MRR': 0.0022511732106795536, 'rank_MR': 0.0005994187449893345, 'rank_HITS': 0.3614341090619564} in 53.537882566452026 s 
Epoch 12 Better models found w.r.t HITS. Saved it!
====================================================================================================
Epoch 13 Loss:0.9730786591324234 in 342.32334327697754 s 
Epoch 13 Valid Performance:{'rank_IC': 0.12414836204612531, 'rank_MRR': 0.0018967661936767398, 'rank_MR': 0.0006019140141914344, 'rank_HITS': 0.337193807810545} in 53.39143419265747 s 
====================================================================================================
Epoch 14 Loss:0.97291773306916 in 343.31953477859497 s 
Epoch 14 Valid Performance:{'rank_IC': 0.12444399280220601, 'rank_MRR': 0.002053464786731638, 'rank_MR': 0.0006013313230320222, 'rank_HITS': 0.34990561157464983} in 52.838847398757935 s 
====================================================================================================
Epoch 15 Loss:0.9729960553485192 in 339.6804392337799 s 
Epoch 15 Valid Performance:{'rank_IC': 0.12339047229517648, 'rank_MRR': 0.002042781361087691, 'rank_MR': 0.000601467083649973, 'rank_HITS': 0.3434936110675335} in 52.40945267677307 s 
====================================================================================================
Epoch 16 Loss:0.9727819552032912 in 345.1281576156616 s 
Epoch 16 Valid Performance:{'rank_IC': 0.12300681096471182, 'rank_MRR': 0.0020203910791315137, 'rank_MR': 0.0006008298315892722, 'rank_HITS': 0.3433834347128868} in 53.7843177318573 s 
====================================================================================================
Epoch 17 Loss:0.972806163517453 in 345.6643855571747 s 
Epoch 17 Valid Performance:{'rank_IC': 0.12283268582797349, 'rank_MRR': 0.0019022093509556725, 'rank_MR': 0.0006015358529121713, 'rank_HITS': 0.3402430636435747} in 51.90492844581604 s 
====================================================================================================
Epoch 18 Loss:0.9728806733458215 in 368.72749161720276 s 
Epoch 18 Valid Performance:{'rank_IC': 0.12298944158213164, 'rank_MRR': 0.0021024516149191186, 'rank_MR': 0.0006003276535130009, 'rank_HITS': 0.3522526088356972} in 56.99236989021301 s 
====================================================================================================
Epoch 19 Loss:0.9726672408144063 in 355.61545872688293 s 
Epoch 19 Valid Performance:{'rank_IC': 0.12180844044732186, 'rank_MRR': 0.0019989217209513297, 'rank_MR': 0.0006005201897651423, 'rank_HITS': 0.3429304499924183} in 55.91909122467041 s 
====================================================================================================
Epoch 20 Loss:0.9725440160210566 in 342.2910873889923 s 
Epoch 20 Valid Performance:{'rank_IC': 0.1227641163387907, 'rank_MRR': 0.002074391302303411, 'rank_MR': 0.0006009359011816367, 'rank_HITS': 0.3471892794966698} in 49.24976849555969 s 
====================================================================================================
Test Performance:{'rank_IC': 0.09021917065552526, 'rank_MRR': 0.0017025479777477497, 'rank_MR': 0.00046570983168155964, 'rank_HITS': 0.349794077910175} in 84.92971634864807 s 
