============ Initialized logger ============
do_pre: False
do_plot: False
in_channel: 590
out_channel: 32
num_layers: 2
nheads: 5
dropout: 0.1
top_k: 500
pe: bert
epoch: 20
metric: HITS
neg_sample_num: 2000
exp_name: ./experiments/grid_search/loss_tr_reg_0.2_neg_2000
optimizer: Adam
loss: tr
reg: 0.2
lr: 0.001
l2: 0.005
margin: 1.5
num_workers: 32
batch_size: 2000
gpu: 1
valid_every: 1
early_stop: 10
init: 
seed: 822
============================================
Total number of parameters: 6314245
Epoch 1 Loss:1.440682722851438 in 373.6103079319 s 
Epoch 1 Valid Performance:{'rank_IC': 0.11503902898306892, 'rank_MRR': 0.0018974609364522622, 'rank_MR': 0.0005988122110246585, 'rank_HITS': 0.3447908419370651} in 53.3482928276062 s 
Epoch 1 Better models found w.r.t HITS. Saved it!
====================================================================================================
Epoch 2 Loss:1.4396414662744788 in 395.20785903930664 s 
Epoch 2 Valid Performance:{'rank_IC': 0.11365843665681304, 'rank_MRR': 0.0020053345791529865, 'rank_MR': 0.0005984508176463783, 'rank_HITS': 0.34737779274582864} in 59.110127449035645 s 
Epoch 2 Better models found w.r.t HITS. Saved it!
====================================================================================================
Epoch 3 Loss:1.4373008640683815 in 384.18398880958557 s 
Epoch 3 Valid Performance:{'rank_IC': 0.11720110347222919, 'rank_MRR': 0.002030643280013464, 'rank_MR': 0.0005997078026952559, 'rank_HITS': 0.34877281665802} in 83.70304822921753 s 
Epoch 3 Better models found w.r.t HITS. Saved it!
====================================================================================================
Epoch 4 Loss:1.4355306233574068 in 377.64664697647095 s 
Epoch 4 Valid Performance:{'rank_IC': 0.11954800439344179, 'rank_MRR': 0.002068968866078649, 'rank_MR': 0.0006008968715156364, 'rank_HITS': 0.35176430374383927} in 77.53176045417786 s 
Epoch 4 Better models found w.r.t HITS. Saved it!
====================================================================================================
Epoch 5 Loss:1.434868383888191 in 380.4807312488556 s 
Epoch 5 Valid Performance:{'rank_IC': 0.12058589122518094, 'rank_MRR': 0.0020466424303594976, 'rank_MR': 0.0006010864334981266, 'rank_HITS': 0.3508448775112629} in 87.3978853225708 s 
====================================================================================================
Epoch 6 Loss:1.4343594492369842 in 430.0616970062256 s 
Epoch 6 Valid Performance:{'rank_IC': 0.1236359090194822, 'rank_MRR': 0.0019648291711928324, 'rank_MR': 0.0006022212061732396, 'rank_HITS': 0.3446300357580185} in 86.88062143325806 s 
====================================================================================================
Epoch 7 Loss:1.4342003615669363 in 430.02185821533203 s 
Epoch 7 Valid Performance:{'rank_IC': 0.12284823498405346, 'rank_MRR': 0.0019250269015901721, 'rank_MR': 0.000602196441833817, 'rank_HITS': 0.33998928755521773} in 71.49001932144165 s 
====================================================================================================
Epoch 8 Loss:1.434188224473196 in 432.0076084136963 s 
Epoch 8 Valid Performance:{'rank_IC': 0.12300944120287802, 'rank_MRR': 0.0020597912097582594, 'rank_MR': 0.0006015579352577333, 'rank_HITS': 0.3503834928572178} in 99.07824683189392 s 
====================================================================================================
Epoch 9 Loss:1.4341415204466905 in 434.94583463668823 s 
Epoch 9 Valid Performance:{'rank_IC': 0.12269790157993132, 'rank_MRR': 0.002057382413186133, 'rank_MR': 0.0006018315758099161, 'rank_HITS': 0.35093581780791283} in 75.20608711242676 s 
====================================================================================================
Epoch 10 Loss:1.4340185476540475 in 432.7644190788269 s 
Epoch 10 Valid Performance:{'rank_IC': 0.12393271356429374, 'rank_MRR': 0.001921206102706492, 'rank_MR': 0.000602317329828665, 'rank_HITS': 0.3417221648991108} in 250.356787443161 s 
====================================================================================================
Epoch 11 Loss:1.4340031936856135 in 439.29999136924744 s 
Epoch 11 Valid Performance:{'rank_IC': 0.12198442817419487, 'rank_MRR': 0.0019195378269068898, 'rank_MR': 0.0006011981290871274, 'rank_HITS': 0.34294533923268317} in 4312.662438154221 s 
====================================================================================================
Epoch 12 Loss:1.4343031471387844 in 457.0788357257843 s 
Epoch 12 Valid Performance:{'rank_IC': 0.12292263865735899, 'rank_MRR': 0.002028003451996483, 'rank_MR': 0.0006023211399489309, 'rank_HITS': 0.34756667479872705} in 3322.4251625537872 s 
====================================================================================================
Epoch 13 Loss:1.4340990216558591 in 339.52513003349304 s 
Epoch 13 Valid Performance:{'rank_IC': 0.12206555462353956, 'rank_MRR': 0.002019612157018855, 'rank_MR': 0.0006015789952020058, 'rank_HITS': 0.3462368491292} in 6466.648391723633 s 
====================================================================================================
Epoch 14 Loss:1.4341916681694211 in 348.2218191623688 s 
Epoch 14 Valid Performance:{'rank_IC': 0.12294474240376708, 'rank_MRR': 0.0019863789109513166, 'rank_MR': 0.0006015822718216361, 'rank_HITS': 0.34691728666424754} in 6253.52432847023 s 
Validation performance didn't improve for 10 epochs. Training stops.
Test Performance:{'rank_IC': 0.09233696034477085, 'rank_MRR': 0.0015687331463949184, 'rank_MR': 0.0004685335291842989, 'rank_HITS': 0.34267482370877067} in 63.798805952072144 s 
