============ Initialized logger ============
do_pre: False
do_plot: False
in_channel: 590
out_channel: 32
num_layers: 2
nheads: 5
dropout: 0.1
top_k: 500
pe: bert
epoch: 20
metric: HITS
neg_sample_num: 1000
exp_name: ./experiments/grid_search/loss_mse_reg_0.3_neg_1000
optimizer: Adam
loss: mse
reg: 0.3
lr: 0.001
l2: 0.005
margin: 1.5
num_workers: 32
batch_size: 2000
gpu: 3
valid_every: 1
early_stop: 10
init: 
seed: 822
============================================
Total number of parameters: 6314245
Epoch 1 Loss:1.0626357656419538 in 367.4315574169159 s 
Epoch 1 Valid Performance:{'rank_IC': 0.1179582896818641, 'rank_MRR': 0.002017866320093162, 'rank_MR': 0.0006003957919435988, 'rank_HITS': 0.34646679133176805} in 108.45724940299988 s 
Epoch 1 Better models found w.r.t HITS. Saved it!
====================================================================================================
Epoch 2 Loss:1.0501350050010145 in 355.24056911468506 s 
Epoch 2 Valid Performance:{'rank_IC': 0.11010421722824654, 'rank_MRR': 0.002119540039857384, 'rank_MR': 0.0005965149491537724, 'rank_HITS': 0.3483126924932003} in 62.217252254486084 s 
Epoch 2 Better models found w.r.t HITS. Saved it!
====================================================================================================
Epoch 3 Loss:1.048810388151749 in 351.8499524593353 s 
Epoch 3 Valid Performance:{'rank_IC': 0.1131892054196481, 'rank_MRR': 0.002163383739825804, 'rank_MR': 0.0005977420957787027, 'rank_HITS': 0.34872162774205206} in 57.646525382995605 s 
Epoch 3 Better models found w.r.t HITS. Saved it!
====================================================================================================
Epoch 4 Loss:1.0476281197315553 in 346.4088788032532 s 
Epoch 4 Valid Performance:{'rank_IC': 0.11294740362590776, 'rank_MRR': 0.0021833606594009324, 'rank_MR': 0.0005976337696188979, 'rank_HITS': 0.3483481802046299} in 86.44830965995789 s 
====================================================================================================
Epoch 5 Loss:1.0459014770234498 in 347.7195942401886 s 
Epoch 5 Valid Performance:{'rank_IC': 0.12011577601272229, 'rank_MRR': 0.0020378424323280343, 'rank_MR': 0.0005998441760503072, 'rank_HITS': 0.34281290039420126} in 59.51218843460083 s 
====================================================================================================
Epoch 6 Loss:1.0447200807325678 in 348.7637195587158 s 
Epoch 6 Valid Performance:{'rank_IC': 0.11698810006828746, 'rank_MRR': 0.002105849852669053, 'rank_MR': 0.0005986567676046761, 'rank_HITS': 0.3423768608272076} in 63.51046061515808 s 
====================================================================================================
Epoch 7 Loss:1.0447649776569905 in 350.6769597530365 s 
Epoch 7 Valid Performance:{'rank_IC': 0.12173418383858003, 'rank_MRR': 0.0020901616179617123, 'rank_MR': 0.0006003718960177056, 'rank_HITS': 0.3460275200009346} in 56.55529570579529 s 
====================================================================================================
Epoch 8 Loss:1.0440341601969378 in 347.8875381946564 s 
Epoch 8 Valid Performance:{'rank_IC': 0.11988932474207231, 'rank_MRR': 0.00197799421614036, 'rank_MR': 0.0005998156231793423, 'rank_HITS': 0.3361701637506485} in 54.102680683135986 s 
====================================================================================================
Epoch 9 Loss:1.0444767739979663 in 345.9044578075409 s 
Epoch 9 Valid Performance:{'rank_IC': 0.12237797257122988, 'rank_MRR': 0.0020384372887201608, 'rank_MR': 0.0006006908983634783, 'rank_HITS': 0.34870731562376023} in 51.23965096473694 s 
====================================================================================================
Epoch 10 Loss:1.0440632968905932 in 363.66280937194824 s 
Epoch 10 Valid Performance:{'rank_IC': 0.12283243172700756, 'rank_MRR': 0.002090130301367026, 'rank_MR': 0.0006007550597154801, 'rank_HITS': 0.3437608417868614} in 68.9796872138977 s 
====================================================================================================
Epoch 11 Loss:1.0440874423612951 in 346.7699685096741 s 
Epoch 11 Valid Performance:{'rank_IC': 0.11377973037494801, 'rank_MRR': 0.002095824284479022, 'rank_MR': 0.0005977590555892601, 'rank_HITS': 0.3441554816067219} in 57.20699954032898 s 
====================================================================================================
Epoch 12 Loss:1.0438364611499462 in 352.2167065143585 s 
Epoch 12 Valid Performance:{'rank_IC': 0.11949073240292879, 'rank_MRR': 0.0021049998846137895, 'rank_MR': 0.0005995586544231881, 'rank_HITS': 0.34362818218767643} in 60.213812828063965 s 
====================================================================================================
Epoch 13 Loss:1.044360039528789 in 342.45250701904297 s 
Epoch 13 Valid Performance:{'rank_IC': 0.1217022780001437, 'rank_MRR': 0.002007155895116739, 'rank_MR': 0.0006005646653846712, 'rank_HITS': 0.3385853887349367} in 52.2374050617218 s 
Validation performance didn't improve for 10 epochs. Training stops.
Test Performance:{'rank_IC': 0.0910971421695493, 'rank_MRR': 0.0016478347981229331, 'rank_MR': 0.0004683106611466134, 'rank_HITS': 0.34295457509184674} in 81.08591985702515 s 
