============ Initialized logger ============
do_pre: False
do_plot: False
in_channel: 590
out_channel: 32
num_layers: 2
nheads: 5
dropout: 0.1
top_k: 500
pe: bert
epoch: 20
metric: HITS
neg_sample_num: 2000
exp_name: ./experiments/grid_search/loss_mse_reg_0.1_neg_2000
optimizer: Adam
loss: mse
reg: 0.1
lr: 0.001
l2: 0.005
margin: 1.5
num_workers: 32
batch_size: 2000
gpu: 1
valid_every: 1
early_stop: 10
init: 
seed: 822
============================================
Total number of parameters: 6314245
Epoch 1 Loss:0.9823131170009543 in 356.29453134536743 s 
Epoch 1 Valid Performance:{'rank_IC': 0.12130780185364133, 'rank_MRR': 0.0020655641914345325, 'rank_MR': 0.0006009862452057239, 'rank_HITS': 0.3522866632044315} in 50.59652853012085 s 
Epoch 1 Better models found w.r.t HITS. Saved it!
====================================================================================================
Epoch 2 Loss:0.9774720655210597 in 348.89008927345276 s 
Epoch 2 Valid Performance:{'rank_IC': 0.11016133464823635, 'rank_MRR': 0.0021294491249136626, 'rank_MR': 0.0005959548756761234, 'rank_HITS': 0.35196682006120683} in 54.93329668045044 s 
====================================================================================================
Epoch 3 Loss:0.9761172620796719 in 346.98692560195923 s 
Epoch 3 Valid Performance:{'rank_IC': 0.11836552837255722, 'rank_MRR': 0.002018971937359311, 'rank_MR': 0.000599237477989914, 'rank_HITS': 0.34299215182662013} in 51.79168653488159 s 
====================================================================================================
Epoch 4 Loss:0.9740055783290178 in 348.3592212200165 s 
Epoch 4 Valid Performance:{'rank_IC': 0.12216743588797327, 'rank_MRR': 0.002056351267383434, 'rank_MR': 0.0006007325547781247, 'rank_HITS': 0.34833068564534186} in 67.82667350769043 s 
====================================================================================================
Epoch 5 Loss:0.9734482738555889 in 347.96587896347046 s 
Epoch 5 Valid Performance:{'rank_IC': 0.12057122279049207, 'rank_MRR': 0.0021542468381812794, 'rank_MR': 0.0005993147123777, 'rank_HITS': 0.3557745645940304} in 65.88977932929993 s 
Epoch 5 Better models found w.r.t HITS. Saved it!
====================================================================================================
Epoch 6 Loss:0.9728848595665172 in 346.57267236709595 s 
Epoch 6 Valid Performance:{'rank_IC': 0.12143342488417887, 'rank_MRR': 0.001981496594962664, 'rank_MR': 0.0006007586077853113, 'rank_HITS': 0.34253816440701484} in 63.883525133132935 s 
====================================================================================================
Epoch 7 Loss:0.9726339343030864 in 344.34926533699036 s 
Epoch 7 Valid Performance:{'rank_IC': 0.12071594269784484, 'rank_MRR': 0.0021114861435489727, 'rank_MR': 0.0005998785319932347, 'rank_HITS': 0.3472605074942112} in 51.198566913604736 s 
====================================================================================================
Epoch 8 Loss:0.9725399809276504 in 345.32470059394836 s 
Epoch 8 Valid Performance:{'rank_IC': 0.1233938681457911, 'rank_MRR': 0.0019811149954330177, 'rank_MR': 0.000601395149312124, 'rank_HITS': 0.3462174342572689} in 50.36231470108032 s 
====================================================================================================
Epoch 9 Loss:0.9722601420308915 in 345.2435338497162 s 
Epoch 9 Valid Performance:{'rank_IC': 0.12464922959479939, 'rank_MRR': 0.0019817753572715447, 'rank_MR': 0.0006014553177618323, 'rank_HITS': 0.3458810530602932} in 50.61141324043274 s 
====================================================================================================
Epoch 10 Loss:0.9721064515326966 in 344.4737150669098 s 
Epoch 10 Valid Performance:{'rank_IC': 0.1237607593065113, 'rank_MRR': 0.0020538560667773707, 'rank_MR': 0.0006013230757046546, 'rank_HITS': 0.3479106502234936} in 57.56403708457947 s 
====================================================================================================
Epoch 11 Loss:0.9720876414351668 in 344.1124267578125 s 
Epoch 11 Valid Performance:{'rank_IC': 0.12571690112918926, 'rank_MRR': 0.002063170389737934, 'rank_MR': 0.0006014810495052667, 'rank_HITS': 0.3504506842792034} in 50.39728593826294 s 
====================================================================================================
Epoch 12 Loss:0.9722092329254284 in 339.1322672367096 s 
Epoch 12 Valid Performance:{'rank_IC': 0.11973927134545598, 'rank_MRR': 0.002042493560584262, 'rank_MR': 0.0005999477844761377, 'rank_HITS': 0.34735073387622833} in 52.711021184921265 s 
====================================================================================================
Epoch 13 Loss:0.9722336961656782 in 336.78837037086487 s 
Epoch 13 Valid Performance:{'rank_IC': 0.12588570257114695, 'rank_MRR': 0.002076519198017195, 'rank_MR': 0.0006021258516252281, 'rank_HITS': 0.34899806782603265} in 52.10427403450012 s 
====================================================================================================
Epoch 14 Loss:0.9721960347018463 in 341.4935185909271 s 
Epoch 14 Valid Performance:{'rank_IC': 0.12307628521123608, 'rank_MRR': 0.002168964211596176, 'rank_MR': 0.0006004493454467382, 'rank_HITS': 0.35642827808856964} in 55.574219703674316 s 
Epoch 14 Better models found w.r.t HITS. Saved it!
====================================================================================================
Epoch 15 Loss:0.9720201057159096 in 337.156622171402 s 
Epoch 15 Valid Performance:{'rank_IC': 0.1240953937897062, 'rank_MRR': 0.002074864800088108, 'rank_MR': 0.0006011092618045167, 'rank_HITS': 0.3494443292915821} in 54.75249648094177 s 
====================================================================================================
Epoch 16 Loss:0.972169390119658 in 341.16605043411255 s 
Epoch 16 Valid Performance:{'rank_IC': 0.12698682808269512, 'rank_MRR': 0.002060915209585801, 'rank_MR': 0.0006021586097605175, 'rank_HITS': 0.3511710765957832} in 66.53618025779724 s 
====================================================================================================
Epoch 17 Loss:0.9722805955136271 in 342.04215812683105 s 
Epoch 17 Valid Performance:{'rank_IC': 0.12378555023888009, 'rank_MRR': 0.0020408431708347054, 'rank_MR': 0.0006017138507195783, 'rank_HITS': 0.34649272650480273} in 68.40929818153381 s 
====================================================================================================
Epoch 18 Loss:0.9721480515001115 in 344.09441471099854 s 
Epoch 18 Valid Performance:{'rank_IC': 0.12615723132780005, 'rank_MRR': 0.0020721009426051752, 'rank_MR': 0.000601987205841431, 'rank_HITS': 0.35131925329566} in 82.09634017944336 s 
====================================================================================================
Epoch 19 Loss:0.972199433838245 in 346.57462430000305 s 
Epoch 19 Valid Performance:{'rank_IC': 0.12226446928072417, 'rank_MRR': 0.002014378621825017, 'rank_MR': 0.0006006309166601724, 'rank_HITS': 0.3448696045577526} in 80.37928223609924 s 
====================================================================================================
Epoch 20 Loss:0.9721057293291786 in 345.82529950141907 s 
Epoch 20 Valid Performance:{'rank_IC': 0.12092743337546392, 'rank_MRR': 0.0020699827530188484, 'rank_MR': 0.0006004996273451564, 'rank_HITS': 0.3439639674127102} in 67.42941308021545 s 
====================================================================================================
Test Performance:{'rank_IC': 0.09195738978311435, 'rank_MRR': 0.0016526019906390396, 'rank_MR': 0.00046678269741376926, 'rank_HITS': 0.3455439435918469} in 92.92127180099487 s 
