============ Initialized logger ============
do_pre: False
do_plot: False
in_channel: 590
out_channel: 32
num_layers: 2
nheads: 5
dropout: 0.1
top_k: 500
pe: bert
epoch: 20
metric: HITS
neg_sample_num: 4000
exp_name: ./experiments/grid_search/loss_tr_reg_0.3_neg_4000
optimizer: Adam
loss: tr
reg: 0.3
lr: 0.001
l2: 0.005
margin: 1.5
num_workers: 32
batch_size: 2000
gpu: 3
valid_every: 1
early_stop: 10
init: 
seed: 822
============================================
Total number of parameters: 6314245
Epoch 1 Loss:1.423125025789326 in 366.340140581131 s 
Epoch 1 Valid Performance:{'rank_IC': 0.11432821034415071, 'rank_MRR': 0.0019039428952964954, 'rank_MR': 0.0005985329334572701, 'rank_HITS': 0.344199853092432} in 1216.173649072647 s 
Epoch 1 Better models found w.r.t HITS. Saved it!
====================================================================================================
Epoch 2 Loss:1.4219900784421449 in 356.84192752838135 s 
Epoch 2 Valid Performance:{'rank_IC': 0.1123314100999597, 'rank_MRR': 0.001935706053627655, 'rank_MR': 0.000597812601719977, 'rank_HITS': 0.3423366881906986} in 161.727854013443 s 
====================================================================================================
Epoch 3 Loss:1.4194812532269463 in 353.9956257343292 s 
Epoch 3 Valid Performance:{'rank_IC': 0.11692050569172614, 'rank_MRR': 0.0019030070267035625, 'rank_MR': 0.0005996059352025701, 'rank_HITS': 0.34203958094120024} in 1051.40758061409 s 
====================================================================================================
Epoch 4 Loss:1.4178962274981004 in 354.83315992355347 s 
Epoch 4 Valid Performance:{'rank_IC': 0.1187663658006623, 'rank_MRR': 0.0019851545785786583, 'rank_MR': 0.0006001189291841473, 'rank_HITS': 0.3483245114982128} in 732.0609583854675 s 
Epoch 4 Better models found w.r.t HITS. Saved it!
====================================================================================================
Epoch 5 Loss:1.4166480012362093 in 351.32574939727783 s 
Epoch 5 Valid Performance:{'rank_IC': 0.11929191218850888, 'rank_MRR': 0.002001044601202011, 'rank_MR': 0.000600329265432637, 'rank_HITS': 0.3466899566352367} in 304.52606892585754 s 
====================================================================================================
Epoch 6 Loss:1.4162345436139654 in 325.4089479446411 s 
Epoch 6 Valid Performance:{'rank_IC': 0.12048302697529158, 'rank_MRR': 0.0019541258763638323, 'rank_MR': 0.0006003535970560073, 'rank_HITS': 0.3455199122428894} in 488.0157735347748 s 
====================================================================================================
Epoch 7 Loss:1.4161462046199467 in 351.21806359291077 s 
Epoch 7 Valid Performance:{'rank_IC': 0.12019013653221446, 'rank_MRR': 0.00207859393034596, 'rank_MR': 0.000600095697316524, 'rank_HITS': 0.3511915771663189} in 720.1361384391785 s 
Epoch 7 Better models found w.r.t HITS. Saved it!
====================================================================================================
Epoch 8 Loss:1.4162443648504646 in 338.1415181159973 s 
Epoch 8 Valid Performance:{'rank_IC': 0.1195111147839861, 'rank_MRR': 0.0019403698050882668, 'rank_MR': 0.0005998983527456526, 'rank_HITS': 0.3433032336831093} in 3976.882874250412 s 
====================================================================================================
Epoch 9 Loss:1.416044383692595 in 366.0632438659668 s 
Epoch 9 Valid Performance:{'rank_IC': 0.11903961423771171, 'rank_MRR': 0.002002500568050891, 'rank_MR': 0.0006000489084541766, 'rank_HITS': 0.3489731924235821} in 167.97446513175964 s 
====================================================================================================
Epoch 10 Loss:1.4160155221937416 in 353.19709825515747 s 
Epoch 10 Valid Performance:{'rank_IC': 0.11941623513455829, 'rank_MRR': 0.0019104256041464396, 'rank_MR': 0.000600836687383856, 'rank_HITS': 0.3405006727576256} in 824.5397872924805 s 
====================================================================================================
Epoch 11 Loss:1.4164208939574874 in 363.75517535209656 s 
Epoch 11 Valid Performance:{'rank_IC': 0.12090191651782906, 'rank_MRR': 0.0019683578179683536, 'rank_MR': 0.0006009876045004383, 'rank_HITS': 0.34459278419613837} in 704.2169349193573 s 
====================================================================================================
Epoch 12 Loss:1.4160111965995208 in 354.8756814002991 s 
