============ Initialized logger ============
do_pre: False
do_plot: False
in_channel: 590
out_channel: 32
num_layers: 2
nheads: 5
dropout: 0.1
top_k: 500
pe: bert
epoch: 20
metric: HITS
neg_sample_num: 500
exp_name: ./experiments/grid_search/loss_tr_reg_0.4_neg_500
optimizer: Adam
loss: tr
reg: 0.4
lr: 0.001
l2: 0.005
margin: 1.5
num_workers: 32
batch_size: 2000
gpu: 1
valid_every: 1
early_stop: 10
init: 
seed: 822
============================================
Total number of parameters: 6314245
Epoch 1 Loss:1.4207181575317116 in 430.0924484729767 s 
Epoch 1 Valid Performance:{'rank_IC': 0.11078598775633022, 'rank_MRR': 0.001958826894406229, 'rank_MR': 0.0005973768837571684, 'rank_HITS': 0.344633271843195} in 1144.099833726883 s 
Epoch 1 Better models found w.r.t HITS. Saved it!
====================================================================================================
Epoch 2 Loss:1.408042747968127 in 412.54303526878357 s 
Epoch 2 Valid Performance:{'rank_IC': 0.10325642993285838, 'rank_MRR': 0.0019956574082607404, 'rank_MR': 0.0005944186383507928, 'rank_HITS': 0.3453024470806122} in 113.43578052520752 s 
Epoch 2 Better models found w.r.t HITS. Saved it!
====================================================================================================
Epoch 3 Loss:1.4067552661185303 in 415.46457171440125 s 
Epoch 3 Valid Performance:{'rank_IC': 0.10909436805389312, 'rank_MRR': 0.0020337387890322135, 'rank_MR': 0.0005965660126658581, 'rank_HITS': 0.34633575975894926} in 977.2784078121185 s 
Epoch 3 Better models found w.r.t HITS. Saved it!
====================================================================================================
Epoch 4 Loss:1.4063540842322066 in 436.62732434272766 s 
Epoch 4 Valid Performance:{'rank_IC': 0.10917647850274159, 'rank_MRR': 0.0019207045319490136, 'rank_MR': 0.0005961571958224464, 'rank_HITS': 0.34157396361231807} in 594.879674911499 s 
====================================================================================================
Epoch 5 Loss:1.405522072764471 in 419.4182035923004 s 
Epoch 5 Valid Performance:{'rank_IC': 0.11006858319014252, 'rank_MRR': 0.0019884446827927605, 'rank_MR': 0.0005972953430785469, 'rank_HITS': 0.35000360026955607} in 299.2752959728241 s 
Epoch 5 Better models found w.r.t HITS. Saved it!
====================================================================================================
Epoch 6 Loss:1.4029689163204664 in 414.0249893665314 s 
Epoch 6 Valid Performance:{'rank_IC': 0.11331122680732086, 'rank_MRR': 0.0019130584728554822, 'rank_MR': 0.0005979791715810433, 'rank_HITS': 0.34133631944656373} in 384.581476688385 s 
====================================================================================================
Epoch 7 Loss:1.4024460362719402 in 423.4889132976532 s 
Epoch 7 Valid Performance:{'rank_IC': 0.11266505771753219, 'rank_MRR': 0.0019449413137044758, 'rank_MR': 0.0005977662794156791, 'rank_HITS': 0.3475483188033104} in 3663.440099477768 s 
====================================================================================================
Epoch 8 Loss:1.401905831488259 in 317.1357617378235 s 
Epoch 8 Valid Performance:{'rank_IC': 0.11486832779099444, 'rank_MRR': 0.0019621119054500013, 'rank_MR': 0.0005985880479258804, 'rank_HITS': 0.34521483957767485} in 1037.2776560783386 s 
====================================================================================================
Epoch 9 Loss:1.400817536868932 in 368.1770849227905 s 
Epoch 9 Valid Performance:{'rank_IC': 0.11306171064122564, 'rank_MRR': 0.0019130562659120188, 'rank_MR': 0.0005984147309311566, 'rank_HITS': 0.34152633264660837} in 114.55345892906189 s 
====================================================================================================
Epoch 10 Loss:1.4018180708839223 in 371.4296078681946 s 
Epoch 10 Valid Performance:{'rank_IC': 0.1144254034490686, 'rank_MRR': 0.0020198800577782092, 'rank_MR': 0.000598157545737597, 'rank_HITS': 0.34897205859422686} in 820.2843897342682 s 
====================================================================================================
Epoch 11 Loss:1.4022748720008589 in 377.686482667923 s 
Epoch 11 Valid Performance:{'rank_IC': 0.11046001873289163, 'rank_MRR': 0.001970761464908719, 'rank_MR': 0.0005969466388557885, 'rank_HITS': 0.34519599691033365} in 672.5532464981079 s 
====================================================================================================
Epoch 12 Loss:1.4017942530559302 in 362.57291555404663 s 
Epoch 12 Valid Performance:{'rank_IC': 0.11405464691445222, 'rank_MRR': 0.001997379550593905, 'rank_MR': 0.00059816956010953, 'rank_HITS': 0.34409438773989676} in 78.33316969871521 s 
====================================================================================================
Epoch 13 Loss:1.4016688783162523 in 378.1385416984558 s 
